This is pdfTeX, Version 3.14159265-2.6-1.40.15 (MiKTeX 2.9) (preloaded format=pdflatex 2015.4.4)  22 MAR 2016 18:05
entering extended mode
**trab27.tex
(trab27.tex
LaTeX2e <2014/05/01>
Babel <3.9l> and hyphenation patterns for 68 languages loaded.
("C:\Arquivos de programas\MiKTeX 2.9\tex\latex\ieeetran\IEEEtran.cls"
Document Class: IEEEtran 2015/08/26 V1.8b by Michael Shell
-- See the "IEEEtran_HOWTO" manual for usage information.
-- http://www.michaelshell.org/tex/ieeetran/
\@IEEEtrantmpdimenA=\dimen102
\@IEEEtrantmpdimenB=\dimen103
\@IEEEtrantmpdimenC=\dimen104
\@IEEEtrantmpcountA=\count79
\@IEEEtrantmpcountB=\count80
\@IEEEtrantmpcountC=\count81
\@IEEEtrantmptoksA=\toks14
LaTeX Font Info:    Try loading font information for OT1+ptm on input line 503.

("C:\Arquivos de programas\MiKTeX 2.9\tex\latex\psnfss\ot1ptm.fd"
File: ot1ptm.fd 2001/06/04 font definitions for OT1/ptm.
)
-- Using 8.5in x 11in (letter) paper.
-- Using PDF output.
\@IEEEnormalsizeunitybaselineskip=\dimen105
-- This is a 10 point document.
\CLASSINFOnormalsizebaselineskip=\dimen106
\CLASSINFOnormalsizeunitybaselineskip=\dimen107
\IEEEnormaljot=\dimen108
LaTeX Font Info:    Font shape `OT1/ptm/bx/n' in size <5> not available
(Font)              Font shape `OT1/ptm/b/n' tried instead on input line 1090.
LaTeX Font Info:    Font shape `OT1/ptm/bx/it' in size <5> not available
(Font)              Font shape `OT1/ptm/b/it' tried instead on input line 1090.

LaTeX Font Info:    Font shape `OT1/ptm/bx/n' in size <7> not available
(Font)              Font shape `OT1/ptm/b/n' tried instead on input line 1090.
LaTeX Font Info:    Font shape `OT1/ptm/bx/it' in size <7> not available
(Font)              Font shape `OT1/ptm/b/it' tried instead on input line 1090.

LaTeX Font Info:    Font shape `OT1/ptm/bx/n' in size <8> not available
(Font)              Font shape `OT1/ptm/b/n' tried instead on input line 1090.
LaTeX Font Info:    Font shape `OT1/ptm/bx/it' in size <8> not available
(Font)              Font shape `OT1/ptm/b/it' tried instead on input line 1090.

LaTeX Font Info:    Font shape `OT1/ptm/bx/n' in size <9> not available
(Font)              Font shape `OT1/ptm/b/n' tried instead on input line 1090.
LaTeX Font Info:    Font shape `OT1/ptm/bx/it' in size <9> not available
(Font)              Font shape `OT1/ptm/b/it' tried instead on input line 1090.

LaTeX Font Info:    Font shape `OT1/ptm/bx/n' in size <10> not available
(Font)              Font shape `OT1/ptm/b/n' tried instead on input line 1090.
LaTeX Font Info:    Font shape `OT1/ptm/bx/it' in size <10> not available
(Font)              Font shape `OT1/ptm/b/it' tried instead on input line 1090.

LaTeX Font Info:    Font shape `OT1/ptm/bx/n' in size <11> not available
(Font)              Font shape `OT1/ptm/b/n' tried instead on input line 1090.
LaTeX Font Info:    Font shape `OT1/ptm/bx/it' in size <11> not available
(Font)              Font shape `OT1/ptm/b/it' tried instead on input line 1090.

LaTeX Font Info:    Font shape `OT1/ptm/bx/n' in size <12> not available
(Font)              Font shape `OT1/ptm/b/n' tried instead on input line 1090.
LaTeX Font Info:    Font shape `OT1/ptm/bx/it' in size <12> not available
(Font)              Font shape `OT1/ptm/b/it' tried instead on input line 1090.

LaTeX Font Info:    Font shape `OT1/ptm/bx/n' in size <17> not available
(Font)              Font shape `OT1/ptm/b/n' tried instead on input line 1090.
LaTeX Font Info:    Font shape `OT1/ptm/bx/it' in size <17> not available
(Font)              Font shape `OT1/ptm/b/it' tried instead on input line 1090.

LaTeX Font Info:    Font shape `OT1/ptm/bx/n' in size <20> not available
(Font)              Font shape `OT1/ptm/b/n' tried instead on input line 1090.
LaTeX Font Info:    Font shape `OT1/ptm/bx/it' in size <20> not available
(Font)              Font shape `OT1/ptm/b/it' tried instead on input line 1090.

LaTeX Font Info:    Font shape `OT1/ptm/bx/n' in size <24> not available
(Font)              Font shape `OT1/ptm/b/n' tried instead on input line 1090.
LaTeX Font Info:    Font shape `OT1/ptm/bx/it' in size <24> not available
(Font)              Font shape `OT1/ptm/b/it' tried instead on input line 1090.

\IEEEquantizedlength=\dimen109
\IEEEquantizedlengthdiff=\dimen110
\IEEEquantizedtextheightdiff=\dimen111
\IEEEilabelindentA=\dimen112
\IEEEilabelindentB=\dimen113
\IEEEilabelindent=\dimen114
\IEEEelabelindent=\dimen115
\IEEEdlabelindent=\dimen116
\IEEElabelindent=\dimen117
\IEEEiednormlabelsep=\dimen118
\IEEEiedmathlabelsep=\dimen119
\IEEEiedtopsep=\skip41
\c@section=\count82
\c@subsection=\count83
\c@subsubsection=\count84
\c@paragraph=\count85
\c@IEEEsubequation=\count86
\abovecaptionskip=\skip42
\belowcaptionskip=\skip43
\c@figure=\count87
\c@table=\count88
\@IEEEeqnnumcols=\count89
\@IEEEeqncolcnt=\count90
\@IEEEsubeqnnumrollback=\count91
\@IEEEquantizeheightA=\dimen120
\@IEEEquantizeheightB=\dimen121
\@IEEEquantizeheightC=\dimen122
\@IEEEquantizeprevdepth=\dimen123
\@IEEEquantizemultiple=\count92
\@IEEEquantizeboxA=\box26
\@IEEEtmpitemindent=\dimen124
\IEEEPARstartletwidth=\dimen125
\c@IEEEbiography=\count93
\@IEEEtranrubishbin=\box27
) ("C:\Arquivos de programas\MiKTeX 2.9\tex\latex\enumitem\enumitem.sty"
Package: enumitem 2011/09/28 v3.5.2 Customized lists
\enitkv@toks@=\toks15
\labelindent=\skip44
\enit@outerparindent=\dimen126
\enit@toks=\toks16
\enit@inbox=\box28
\enitdp@description=\count94
)
("C:\Documents and Settings\Cliente\Dados de aplicativos\MiKTeX\2.9\tex\latex\x
string\xstring.sty"
("C:\Documents and Settings\Cliente\Dados de aplicativos\MiKTeX\2.9\tex\generic
\xstring\xstring.tex"
\@xs@message=\write3
\integerpart=\count95
\decimalpart=\count96
)
Package: xstring 2013/10/13  v1.7c  String manipulations (C Tellechea)
)
("C:\Arquivos de programas\MiKTeX 2.9\tex\latex\graphics\graphicx.sty"
Package: graphicx 2014/10/28 v1.0g Enhanced LaTeX Graphics (DPC,SPQR)

("C:\Arquivos de programas\MiKTeX 2.9\tex\latex\graphics\keyval.sty"
Package: keyval 2014/10/28 v1.15 key=value parser (DPC)
\KV@toks@=\toks17
)
("C:\Arquivos de programas\MiKTeX 2.9\tex\latex\graphics\graphics.sty"
Package: graphics 2014/10/28 v1.0p Standard LaTeX Graphics (DPC,SPQR)

("C:\Arquivos de programas\MiKTeX 2.9\tex\latex\graphics\trig.sty"
Package: trig 1999/03/16 v1.09 sin cos tan (DPC)
)
("C:\Arquivos de programas\MiKTeX 2.9\tex\latex\00miktex\graphics.cfg"
File: graphics.cfg 2007/01/18 v1.5 graphics configuration of teTeX/TeXLive
)
Package graphics Info: Driver file: pdftex.def on input line 91.

("C:\Arquivos de programas\MiKTeX 2.9\tex\latex\pdftex-def\pdftex.def"
File: pdftex.def 2011/05/27 v0.06d Graphics/color for pdfTeX

("C:\Arquivos de programas\MiKTeX 2.9\tex\generic\oberdiek\infwarerr.sty"
Package: infwarerr 2010/04/08 v1.3 Providing info/warning/error messages (HO)
)
("C:\Arquivos de programas\MiKTeX 2.9\tex\generic\oberdiek\ltxcmds.sty"
Package: ltxcmds 2011/11/09 v1.22 LaTeX kernel commands for general use (HO)
)
\Gread@gobject=\count97
))
\Gin@req@height=\dimen127
\Gin@req@width=\dimen128
)
("C:\Arquivos de programas\MiKTeX 2.9\tex\latex\geometry\geometry.sty"
Package: geometry 2010/09/12 v5.6 Page Geometry

("C:\Arquivos de programas\MiKTeX 2.9\tex\generic\oberdiek\ifpdf.sty"
Package: ifpdf 2011/01/30 v2.3 Provides the ifpdf switch (HO)
Package ifpdf Info: pdfTeX in PDF mode is detected.
)
("C:\Arquivos de programas\MiKTeX 2.9\tex\generic\oberdiek\ifvtex.sty"
Package: ifvtex 2010/03/01 v1.5 Detect VTeX and its facilities (HO)
Package ifvtex Info: VTeX not detected.
)
("C:\Arquivos de programas\MiKTeX 2.9\tex\generic\ifxetex\ifxetex.sty"
Package: ifxetex 2010/09/12 v0.6 Provides ifxetex conditional
)
\Gm@cnth=\count98
\Gm@cntv=\count99
\c@Gm@tempcnt=\count100
\Gm@bindingoffset=\dimen129
\Gm@wd@mp=\dimen130
\Gm@odd@mp=\dimen131
\Gm@even@mp=\dimen132
\Gm@layoutwidth=\dimen133
\Gm@layoutheight=\dimen134
\Gm@layouthoffset=\dimen135
\Gm@layoutvoffset=\dimen136
\Gm@dimlist=\toks18

("C:\Arquivos de programas\MiKTeX 2.9\tex\latex\geometry\geometry.cfg"))
("C:\Arquivos de programas\MiKTeX 2.9\tex\latex\babel\babel.sty"
Package: babel 2014/09/25 3.9l The Babel package

*************************************
* Local config file bblopts.cfg used
*
("C:\Arquivos de programas\MiKTeX 2.9\tex\latex\00miktex\bblopts.cfg"
File: bblopts.cfg 2006/07/31 v1.0 MiKTeX 'babel' configuration
)
("C:\Arquivos de programas\MiKTeX 2.9\tex\latex\babel-portuges\portuges.ldf"
Language: portuges 2008/03/18 v1.2q Portuguese support from the babel system

("C:\Arquivos de programas\MiKTeX 2.9\tex\latex\babel\babel.def"
File: babel.def 2014/09/25 3.9l Babel common definitions
\babel@savecnt=\count101
\U@D=\dimen137
)
Package babel Info: Making " an active character on input line 145.
)
("C:\Arquivos de programas\MiKTeX 2.9\tex\latex\babel-portuges\portuges.ldf"
Language: portuges 2008/03/18 v1.2q Portuguese support from the babel system
\l@brazilian = a dialect from \language\l@portuges 
))
("C:\Arquivos de programas\MiKTeX 2.9\tex\latex\base\inputenc.sty"
Package: inputenc 2014/04/30 v1.2b Input encoding file
\inpenc@prehook=\toks19
\inpenc@posthook=\toks20

("C:\Arquivos de programas\MiKTeX 2.9\tex\latex\base\ansinew.def"
File: ansinew.def 2014/04/30 v1.2b Input encoding file
))
("C:\Arquivos de programas\MiKTeX 2.9\tex\latex\base\fontenc.sty"
Package: fontenc 2005/09/27 v1.99g Standard LaTeX package

("C:\Arquivos de programas\MiKTeX 2.9\tex\latex\base\t1enc.def"
File: t1enc.def 2005/09/27 v1.99g Standard LaTeX file
LaTeX Font Info:    Redeclaring font encoding T1 on input line 43.
)
LaTeX Font Info:    Try loading font information for T1+ptm on input line 100.

("C:\Arquivos de programas\MiKTeX 2.9\tex\latex\psnfss\t1ptm.fd"
File: t1ptm.fd 2001/06/04 font definitions for T1/ptm.
))
("C:\Arquivos de programas\MiKTeX 2.9\tex\latex\comment\comment.sty"
\CommentStream=\write4

Excluding comment 'comment')
("C:\Arquivos de programas\MiKTeX 2.9\tex\latex\textgreek\textgreek.sty"
Package: textgreek 2011/10/09 v0.7 Greek symbols in text
Package textgreek Info: Loading the definitions for the Greek fontencoding. on 
input line 39.

("C:\Arquivos de programas\MiKTeX 2.9\tex\latex\greek-fontenc\lgrenc.def"
File: lgrenc.def 2015/08/08 v0.13 LGR Greek font encoding definitions

("C:\Arquivos de programas\MiKTeX 2.9\tex\latex\greek-fontenc\greek-fontenc.def
"
File: greek-fontenc.def 2015/08/04 v0.13 Common Greek font encoding definitions

))
Package textgreek Info: Loaded fontmap: {eur/*/*}{U/eur/*/*} {phv/*/*}{U/psy/*/
*}. on input line 69.
) ("C:\Arquivos de programas\MiKTeX 2.9\tex\latex\yfonts\yfonts.sty"
Package: yfonts 2003/01/08 v1.3 (WaS)
)
("C:\Arquivos de programas\MiKTeX 2.9\tex\latex\microtype\microtype.sty"
Package: microtype 2013/05/23 v2.5a Micro-typographical refinements (RS)
\MT@toks=\toks21
\MT@count=\count102
LaTeX Info: Redefining \textls on input line 766.
\MT@outer@kern=\dimen138
LaTeX Info: Redefining \textmicrotypecontext on input line 1285.
\MT@listname@count=\count103

("C:\Arquivos de programas\MiKTeX 2.9\tex\latex\microtype\microtype-pdftex.def"
File: microtype-pdftex.def 2013/05/23 v2.5a Definitions specific to pdftex (RS)

LaTeX Info: Redefining \lsstyle on input line 915.
LaTeX Info: Redefining \lslig on input line 915.
\MT@outer@space=\skip45
)
Package microtype Info: Loading configuration file microtype.cfg.
 ("C:\Arquivos de programas\MiKTeX 2.9\tex\latex\microtype\microtype.cfg"
File: microtype.cfg 2013/05/23 v2.5a microtype main configuration file (RS)
))
("C:\Arquivos de programas\MiKTeX 2.9\tex\latex\fundus-calligra\calligra.sty"
Package: calligra 2012/04/10 v1.9 LaTeX package calligra
)
("C:\Arquivos de programas\MiKTeX 2.9\tex\latex\lm\lmodern.sty"
Package: lmodern 2009/10/30 v1.6 Latin Modern Fonts
LaTeX Font Info:    Overwriting symbol font `operators' in version `normal'
(Font)                  OT1/cmr/m/n --> OT1/lmr/m/n on input line 22.
LaTeX Font Info:    Overwriting symbol font `letters' in version `normal'
(Font)                  OML/cmm/m/it --> OML/lmm/m/it on input line 23.
LaTeX Font Info:    Overwriting symbol font `symbols' in version `normal'
(Font)                  OMS/cmsy/m/n --> OMS/lmsy/m/n on input line 24.
LaTeX Font Info:    Overwriting symbol font `largesymbols' in version `normal'
(Font)                  OMX/cmex/m/n --> OMX/lmex/m/n on input line 25.
LaTeX Font Info:    Overwriting symbol font `operators' in version `bold'
(Font)                  OT1/cmr/bx/n --> OT1/lmr/bx/n on input line 26.
LaTeX Font Info:    Overwriting symbol font `letters' in version `bold'
(Font)                  OML/cmm/b/it --> OML/lmm/b/it on input line 27.
LaTeX Font Info:    Overwriting symbol font `symbols' in version `bold'
(Font)                  OMS/cmsy/b/n --> OMS/lmsy/b/n on input line 28.
LaTeX Font Info:    Overwriting symbol font `largesymbols' in version `bold'
(Font)                  OMX/cmex/m/n --> OMX/lmex/m/n on input line 29.
LaTeX Font Info:    Overwriting math alphabet `\mathbf' in version `normal'
(Font)                  OT1/cmr/bx/n --> OT1/lmr/bx/n on input line 31.
LaTeX Font Info:    Overwriting math alphabet `\mathsf' in version `normal'
(Font)                  OT1/cmss/m/n --> OT1/lmss/m/n on input line 32.
LaTeX Font Info:    Overwriting math alphabet `\mathit' in version `normal'
(Font)                  OT1/cmr/m/it --> OT1/lmr/m/it on input line 33.
LaTeX Font Info:    Overwriting math alphabet `\mathtt' in version `normal'
(Font)                  OT1/cmtt/m/n --> OT1/lmtt/m/n on input line 34.
LaTeX Font Info:    Overwriting math alphabet `\mathbf' in version `bold'
(Font)                  OT1/cmr/bx/n --> OT1/lmr/bx/n on input line 35.
LaTeX Font Info:    Overwriting math alphabet `\mathsf' in version `bold'
(Font)                  OT1/cmss/bx/n --> OT1/lmss/bx/n on input line 36.
LaTeX Font Info:    Overwriting math alphabet `\mathit' in version `bold'
(Font)                  OT1/cmr/bx/it --> OT1/lmr/bx/it on input line 37.
LaTeX Font Info:    Overwriting math alphabet `\mathtt' in version `bold'
(Font)                  OT1/cmtt/m/n --> OT1/lmtt/m/n on input line 38.
)
("C:\Arquivos de programas\MiKTeX 2.9\tex\latex\psnfss\bookman.sty"
Package: bookman 2005/04/12 PSNFSS-v9.2a (SPQR) 
)
("C:\Arquivos de programas\MiKTeX 2.9\tex\latex\psnfss\helvet.sty"
Package: helvet 2005/04/12 PSNFSS-v9.2a (WaS) 
)
("C:\Documents and Settings\Cliente\Dados de aplicativos\MiKTeX\2.9\tex\latex\x
color\xcolor.sty"
Package: xcolor 2007/01/21 v2.11 LaTeX color extensions (UK)

("C:\Arquivos de programas\MiKTeX 2.9\tex\latex\00miktex\color.cfg"
File: color.cfg 2007/01/18 v1.5 color configuration of teTeX/TeXLive
)
Package xcolor Info: Package option `usenames' ignored on input line 216.
Package xcolor Info: Driver file: pdftex.def on input line 225.

("C:\Arquivos de programas\MiKTeX 2.9\tex\latex\colortbl\colortbl.sty"
Package: colortbl 2012/02/13 v1.0a Color table columns (DPC)

("C:\Arquivos de programas\MiKTeX 2.9\tex\latex\tools\array.sty"
Package: array 2014/10/28 v2.4c Tabular extension package (FMi)
\col@sep=\dimen139
\extrarowheight=\dimen140
\NC@list=\toks22
\extratabsurround=\skip46
\backup@length=\skip47
)
\everycr=\toks23
\minrowclearance=\skip48
)
\rownum=\count104
Package xcolor Info: Model `cmy' substituted by `cmy0' on input line 1337.
Package xcolor Info: Model `hsb' substituted by `rgb' on input line 1341.
Package xcolor Info: Model `RGB' extended on input line 1353.
Package xcolor Info: Model `HTML' substituted by `rgb' on input line 1355.
Package xcolor Info: Model `Hsb' substituted by `hsb' on input line 1356.
Package xcolor Info: Model `tHsb' substituted by `hsb' on input line 1357.
Package xcolor Info: Model `HSB' substituted by `hsb' on input line 1358.
Package xcolor Info: Model `Gray' substituted by `gray' on input line 1359.
Package xcolor Info: Model `wave' substituted by `hsb' on input line 1360.

("C:\Arquivos de programas\MiKTeX 2.9\tex\latex\graphics\dvipsnam.def"
File: dvipsnam.def 2014/10/14 v3.0j Driver-dependent file (DPC,SPQR)
)
("C:\Documents and Settings\Cliente\Dados de aplicativos\MiKTeX\2.9\tex\latex\x
color\svgnam.def"
File: svgnam.def 2007/01/21 v2.11 Predefined colors according to SVG 1.1 (UK)
))
("C:\Documents and Settings\Cliente\Dados de aplicativos\MiKTeX\2.9\tex\latex\u
rl\url.sty"
\Urlmuskip=\muskip10
Package: url 2013/09/16  ver 3.4  Verb mode for urls, etc.
) ("C:\Arquivos de programas\MiKTeX 2.9\tex\latex\cite\cite.sty"
LaTeX Info: Redefining \cite on input line 302.
LaTeX Info: Redefining \nocite on input line 332.
Package: cite 2015/02/27  v 5.5
)
("C:\Documents and Settings\Cliente\Dados de aplicativos\MiKTeX\2.9\tex\latex\f
mtcount\fmtcount.sty"
Package: fmtcount 2014/07/18 v3.00

("C:\Arquivos de programas\MiKTeX 2.9\tex\latex\base\ifthen.sty"
Package: ifthen 2014/09/29 v1.1c Standard LaTeX ifthen package (DPC)
)
("C:\Arquivos de programas\MiKTeX 2.9\tex\latex\etoolbox\etoolbox.sty"
Package: etoolbox 2015/03/19 v2.1d e-TeX tools for LaTeX (JAW)

("C:\Arquivos de programas\MiKTeX 2.9\tex\latex\misc\etex.sty"
Package: etex 2015/03/02 v2.1 eTeX basic definition package (PEB,DPC)
\et@xins=\count105
)
\etb@tempcnta=\count106
)
("C:\Documents and Settings\Cliente\Dados de aplicativos\MiKTeX\2.9\tex\latex\f
mtcount\fcprefix.sty"
Package: fcprefix 2012/09/28

("C:\Documents and Settings\Cliente\Dados de aplicativos\MiKTeX\2.9\tex\latex\f
mtcount\fcnumparser.sty"
Package: fcnumparser 2012/09/28
\fc@digit@counter=\count107
))
("C:\Arquivos de programas\MiKTeX 2.9\tex\latex\amsmath\amsgen.sty"
File: amsgen.sty 1999/11/30 v2.0
\@emptytoks=\toks24
\ex@=\dimen141
)
\c@padzeroesN=\count108
\fc@tmpcatcode=\count109

("C:\Documents and Settings\Cliente\Dados de aplicativos\MiKTeX\2.9\tex\latex\f
mtcount\fc-portuges.def"
File: fc-portuges.def 2014/06/09
)
\@DT@modctr=\count110
\@ordinalctr=\count111
\@orgargctr=\count112
\@strctr=\count113
\@tmpstrctr=\count114
\@DT@loopN=\count115
\@DT@X=\count116
)
("C:\Arquivos de programas\MiKTeX 2.9\tex\latex\sidecap\sidecap.sty"
Package: sidecap 2003/06/06 v1.6f SideCap Package (RN/HjG)
\SC@BOXWD=\dimen142
\SC@CAPWD=\dimen143
\SC@tempdima=\dimen144
\SC@tempdimb=\dimen145
\c@SC@C=\count117
\SC@BOX=\box29
)
("C:\Arquivos de programas\MiKTeX 2.9\tex\latex\float\float.sty"
Package: float 2001/11/08 v1.3d Float enhancements (AL)
\c@float@type=\count118
\float@exts=\toks25
\float@box=\box30
\@float@everytoks=\toks26
\@floatcapt=\box31
)
("C:\Arquivos de programas\MiKTeX 2.9\tex\latex\listings\listings.sty"
\lst@mode=\count119
\lst@gtempboxa=\box32
\lst@token=\toks27
\lst@length=\count120
\lst@currlwidth=\dimen146
\lst@column=\count121
\lst@pos=\count122
\lst@lostspace=\dimen147
\lst@width=\dimen148
\lst@newlines=\count123
\lst@lineno=\count124
\lst@maxwidth=\dimen149

("C:\Arquivos de programas\MiKTeX 2.9\tex\latex\listings\lstmisc.sty"
File: lstmisc.sty 2015/06/04 1.6 (Carsten Heinz)
\c@lstnumber=\count125
\lst@skipnumbers=\count126
\lst@framebox=\box33
)
("C:\Arquivos de programas\MiKTeX 2.9\tex\latex\listings\listings.cfg"
File: listings.cfg 2015/06/04 1.6 listings configuration
))
Package: listings 2015/06/04 1.6 (Carsten Heinz)

("C:\Arquivos de programas\MiKTeX 2.9\tex\latex\matlab-prettifier\matlab-pretti
fier.sty"
Package: matlab-prettifier 2014/06/19 v0.3 A package for prettyprinting Matlab 
source code
 ("C:\Arquivos de programas\MiKTeX 2.9\tex\latex\base\textcomp.sty"
Package: textcomp 2005/09/27 v1.99g Standard LaTeX package
Package textcomp Info: Sub-encoding information:
(textcomp)               5 = only ISO-Adobe without \textcurrency
(textcomp)               4 = 5 + \texteuro
(textcomp)               3 = 4 + \textohm
(textcomp)               2 = 3 + \textestimated + \textcurrency
(textcomp)               1 = TS1 - \textcircled - \t
(textcomp)               0 = TS1 (full)
(textcomp)             Font families with sub-encoding setting implement
(textcomp)             only a restricted character set as indicated.
(textcomp)             Family '?' is the default used for unknown fonts.
(textcomp)             See the documentation for details.
Package textcomp Info: Setting ? sub-encoding to TS1/1 on input line 71.

("C:\Arquivos de programas\MiKTeX 2.9\tex\latex\base\ts1enc.def"
File: ts1enc.def 2001/06/05 v3.0e (jk/car/fm) Standard LaTeX file
)
LaTeX Info: Redefining \oldstylenums on input line 266.
Package textcomp Info: Setting cmr sub-encoding to TS1/0 on input line 281.
Package textcomp Info: Setting cmss sub-encoding to TS1/0 on input line 282.
Package textcomp Info: Setting cmtt sub-encoding to TS1/0 on input line 283.
Package textcomp Info: Setting cmvtt sub-encoding to TS1/0 on input line 284.
Package textcomp Info: Setting cmbr sub-encoding to TS1/0 on input line 285.
Package textcomp Info: Setting cmtl sub-encoding to TS1/0 on input line 286.
Package textcomp Info: Setting ccr sub-encoding to TS1/0 on input line 287.
Package textcomp Info: Setting ptm sub-encoding to TS1/4 on input line 288.
Package textcomp Info: Setting pcr sub-encoding to TS1/4 on input line 289.
Package textcomp Info: Setting phv sub-encoding to TS1/4 on input line 290.
Package textcomp Info: Setting ppl sub-encoding to TS1/3 on input line 291.
Package textcomp Info: Setting pag sub-encoding to TS1/4 on input line 292.
Package textcomp Info: Setting pbk sub-encoding to TS1/4 on input line 293.
Package textcomp Info: Setting pnc sub-encoding to TS1/4 on input line 294.
Package textcomp Info: Setting pzc sub-encoding to TS1/4 on input line 295.
Package textcomp Info: Setting bch sub-encoding to TS1/4 on input line 296.
Package textcomp Info: Setting put sub-encoding to TS1/5 on input line 297.
Package textcomp Info: Setting uag sub-encoding to TS1/5 on input line 298.
Package textcomp Info: Setting ugq sub-encoding to TS1/5 on input line 299.
Package textcomp Info: Setting ul8 sub-encoding to TS1/4 on input line 300.
Package textcomp Info: Setting ul9 sub-encoding to TS1/4 on input line 301.
Package textcomp Info: Setting augie sub-encoding to TS1/5 on input line 302.
Package textcomp Info: Setting dayrom sub-encoding to TS1/3 on input line 303.
Package textcomp Info: Setting dayroms sub-encoding to TS1/3 on input line 304.

Package textcomp Info: Setting pxr sub-encoding to TS1/0 on input line 305.
Package textcomp Info: Setting pxss sub-encoding to TS1/0 on input line 306.
Package textcomp Info: Setting pxtt sub-encoding to TS1/0 on input line 307.
Package textcomp Info: Setting txr sub-encoding to TS1/0 on input line 308.
Package textcomp Info: Setting txss sub-encoding to TS1/0 on input line 309.
Package textcomp Info: Setting txtt sub-encoding to TS1/0 on input line 310.
Package textcomp Info: Setting lmr sub-encoding to TS1/0 on input line 311.
Package textcomp Info: Setting lmdh sub-encoding to TS1/0 on input line 312.
Package textcomp Info: Setting lmss sub-encoding to TS1/0 on input line 313.
Package textcomp Info: Setting lmssq sub-encoding to TS1/0 on input line 314.
Package textcomp Info: Setting lmvtt sub-encoding to TS1/0 on input line 315.
Package textcomp Info: Setting qhv sub-encoding to TS1/0 on input line 316.
Package textcomp Info: Setting qag sub-encoding to TS1/0 on input line 317.
Package textcomp Info: Setting qbk sub-encoding to TS1/0 on input line 318.
Package textcomp Info: Setting qcr sub-encoding to TS1/0 on input line 319.
Package textcomp Info: Setting qcs sub-encoding to TS1/0 on input line 320.
Package textcomp Info: Setting qpl sub-encoding to TS1/0 on input line 321.
Package textcomp Info: Setting qtm sub-encoding to TS1/0 on input line 322.
Package textcomp Info: Setting qzc sub-encoding to TS1/0 on input line 323.
Package textcomp Info: Setting qhvc sub-encoding to TS1/0 on input line 324.
Package textcomp Info: Setting futs sub-encoding to TS1/4 on input line 325.
Package textcomp Info: Setting futx sub-encoding to TS1/4 on input line 326.
Package textcomp Info: Setting futj sub-encoding to TS1/4 on input line 327.
Package textcomp Info: Setting hlh sub-encoding to TS1/3 on input line 328.
Package textcomp Info: Setting hls sub-encoding to TS1/3 on input line 329.
Package textcomp Info: Setting hlst sub-encoding to TS1/3 on input line 330.
Package textcomp Info: Setting hlct sub-encoding to TS1/5 on input line 331.
Package textcomp Info: Setting hlx sub-encoding to TS1/5 on input line 332.
Package textcomp Info: Setting hlce sub-encoding to TS1/5 on input line 333.
Package textcomp Info: Setting hlcn sub-encoding to TS1/5 on input line 334.
Package textcomp Info: Setting hlcw sub-encoding to TS1/5 on input line 335.
Package textcomp Info: Setting hlcf sub-encoding to TS1/5 on input line 336.
Package textcomp Info: Setting pplx sub-encoding to TS1/3 on input line 337.
Package textcomp Info: Setting pplj sub-encoding to TS1/3 on input line 338.
Package textcomp Info: Setting ptmx sub-encoding to TS1/4 on input line 339.
Package textcomp Info: Setting ptmj sub-encoding to TS1/4 on input line 340.
)
\netBracketCount@mlpr=\count127
\blkLvl@mlpr=\count128
\blkLvlAtClassdef@mlpr=\count129
\emHeight@mlpr=\skip49
\jayDepth@mlpr=\skip50
\sectionRuleOffset@mlpr=\skip51
\toks@mlpr=\toks28
)
("C:\Arquivos de programas\MiKTeX 2.9\tex\latex\amsmath\amsmath.sty"
Package: amsmath 2013/01/14 v2.14 AMS math features
\@mathmargin=\skip52

For additional information on amsmath, use the `?' option.
("C:\Arquivos de programas\MiKTeX 2.9\tex\latex\amsmath\amstext.sty"
Package: amstext 2000/06/29 v2.01
)
("C:\Arquivos de programas\MiKTeX 2.9\tex\latex\amsmath\amsbsy.sty"
Package: amsbsy 1999/11/29 v1.2d
\pmbraise@=\dimen150
)
("C:\Arquivos de programas\MiKTeX 2.9\tex\latex\amsmath\amsopn.sty"
Package: amsopn 1999/12/14 v2.01 operator names
)
\inf@bad=\count130
LaTeX Info: Redefining \frac on input line 210.
\uproot@=\count131
\leftroot@=\count132
LaTeX Info: Redefining \overline on input line 306.
\classnum@=\count133
\DOTSCASE@=\count134
LaTeX Info: Redefining \ldots on input line 378.
LaTeX Info: Redefining \dots on input line 381.
LaTeX Info: Redefining \cdots on input line 466.
\Mathstrutbox@=\box34
\strutbox@=\box35
\big@size=\dimen151
LaTeX Font Info:    Redeclaring font encoding OML on input line 566.
LaTeX Font Info:    Redeclaring font encoding OMS on input line 567.
\macc@depth=\count135
\c@MaxMatrixCols=\count136
\dotsspace@=\muskip11
\c@parentequation=\count137
\dspbrk@lvl=\count138
\tag@help=\toks29
\row@=\count139
\column@=\count140
\maxfields@=\count141
\andhelp@=\toks30
\eqnshift@=\dimen152
\alignsep@=\dimen153
\tagshift@=\dimen154
\tagwidth@=\dimen155
\totwidth@=\dimen156
\lineht@=\dimen157
\@envbody=\toks31
\multlinegap=\skip53
\multlinetaggap=\skip54
\mathdisplay@stack=\toks32
LaTeX Info: Redefining \[ on input line 2665.
LaTeX Info: Redefining \] on input line 2666.
)
("C:\Arquivos de programas\MiKTeX 2.9\tex\latex\amsfonts\amssymb.sty"
Package: amssymb 2013/01/14 v3.01 AMS font symbols

("C:\Arquivos de programas\MiKTeX 2.9\tex\latex\amsfonts\amsfonts.sty"
Package: amsfonts 2013/01/14 v3.01 Basic AMSFonts support
\symAMSa=\mathgroup4
\symAMSb=\mathgroup5
LaTeX Font Info:    Overwriting math alphabet `\mathfrak' in version `bold'
(Font)                  U/euf/m/n --> U/euf/b/n on input line 106.
))
("C:\Arquivos de programas\MiKTeX 2.9\tex\latex\wasysym\wasysym.sty"
Package: wasysym 2003/10/30 v2.0 Wasy-2 symbol support package
\symwasy=\mathgroup6
LaTeX Font Info:    Overwriting symbol font `wasy' in version `bold'
(Font)                  U/wasy/m/n --> U/wasy/b/n on input line 90.
)
("C:\Arquivos de programas\MiKTeX 2.9\tex\latex\mathtools\mathtools.sty"
Package: mathtools 2015/06/17 v1.17 mathematical typesetting tools

("C:\Arquivos de programas\MiKTeX 2.9\tex\latex\tools\calc.sty"
Package: calc 2014/10/28 v4.3 Infix arithmetic (KKT,FJ)
\calc@Acount=\count142
\calc@Bcount=\count143
\calc@Adimen=\dimen158
\calc@Bdimen=\dimen159
\calc@Askip=\skip55
\calc@Bskip=\skip56
LaTeX Info: Redefining \setlength on input line 75.
LaTeX Info: Redefining \addtolength on input line 76.
\calc@Ccount=\count144
\calc@Cskip=\skip57
)
("C:\Arquivos de programas\MiKTeX 2.9\tex\latex\mathtools\mhsetup.sty"
Package: mhsetup 2010/01/21 v1.2a programming setup (MH)
)
LaTeX Info: Thecontrolsequence`\['isalreadyrobust on input line 129.
LaTeX Info: Thecontrolsequence`\]'isalreadyrobust on input line 129.
\g_MT_multlinerow_int=\count145
\l_MT_multwidth_dim=\dimen160
\origjot=\skip58
\l_MT_shortvdotswithinadjustabove_dim=\dimen161
\l_MT_shortvdotswithinadjustbelow_dim=\dimen162
\l_MT_above_intertext_sep=\dimen163
\l_MT_below_intertext_sep=\dimen164
\l_MT_above_shortintertext_sep=\dimen165
\l_MT_below_shortintertext_sep=\dimen166
)
("C:\Arquivos de programas\MiKTeX 2.9\tex\latex\bbm\bbm.sty"
Package: bbm 1999/03/15 V 1.2 provides fonts for set symbols - TH
LaTeX Font Info:    Overwriting math alphabet `\mathbbm' in version `bold'
(Font)                  U/bbm/m/n --> U/bbm/bx/n on input line 33.
LaTeX Font Info:    Overwriting math alphabet `\mathbbmss' in version `bold'
(Font)                  U/bbmss/m/n --> U/bbmss/bx/n on input line 35.
)
("C:\Arquivos de programas\MiKTeX 2.9\tex\latex\mbboard\mbboard.sty"
\symmbb=\mathgroup7
LaTeX Font Info:    Redeclaring symbol font `mbb' on input line 21.
LaTeX Font Info:    Overwriting symbol font `mbb' in version `normal'
(Font)                  OT1/mbb/m/n --> OT1/mbb/bx/n on input line 21.
LaTeX Font Info:    Overwriting symbol font `mbb' in version `bold'
(Font)                  OT1/mbb/m/n --> OT1/mbb/bx/n on input line 21.

("C:\Arquivos de programas\MiKTeX 2.9\tex\latex\mbboard\mbboard.dcl"
LaTeX Font Info:    Redeclaring math symbol \Bbbk on input line 13.
))
("C:\Documents and Settings\Cliente\Dados de aplicativos\MiKTeX\2.9\tex\latex\s
teinmetz\steinmetz.sty"
Package: steinmetz 2009/06/14 v1.0 Steinmetz symbol for electrotechnics

("C:\Documents and Settings\Cliente\Dados de aplicativos\MiKTeX\2.9\tex\latex\p
ict2e\pict2e.sty"
Package: pict2e 2014/01/12 v0.2z Improved picture commands (HjG,RN,JT)

("C:\Arquivos de programas\MiKTeX 2.9\tex\latex\00miktex\pict2e.cfg"
File: pict2e.cfg 2005/12/29 v1.0 MiKTeX 'pict2e' configuration
)
Package pict2e Info: Driver file: pdftex.def on input line 119.
Package pict2e Info: Driver file for pict2e: p2e-pdftex.def on input line 121.

("C:\Documents and Settings\Cliente\Dados de aplicativos\MiKTeX\2.9\tex\latex\p
ict2e\p2e-pdftex.def"
File: p2e-pdftex.def 2011/04/05 v0.1t Driver-dependant file (RN,HjG,JT)
)
\pIIe@GRAPH=\toks33
\@arclen=\dimen167
\@arcrad=\dimen168
\@tempdimd=\dimen169
)
\stm@phasebox=\box36
\stm@phasedp=\skip59
\stm@phaseht=\skip60
\stm@phasetot=\skip61
\stm@phasewd=\skip62
)
("C:\Documents and Settings\Cliente\Dados de aplicativos\MiKTeX\2.9\tex\latex\p
gf\frontendlayer\tikz.sty"
("C:\Documents and Settings\Cliente\Dados de aplicativos\MiKTeX\2.9\tex\latex\p
gf\basiclayer\pgf.sty"
("C:\Documents and Settings\Cliente\Dados de aplicativos\MiKTeX\2.9\tex\latex\p
gf\utilities\pgfrcs.sty"
("C:\Documents and Settings\Cliente\Dados de aplicativos\MiKTeX\2.9\tex\generic
\pgf\utilities\pgfutil-common.tex"
\pgfutil@everybye=\toks34
\pgfutil@tempdima=\dimen170
\pgfutil@tempdimb=\dimen171

("C:\Documents and Settings\Cliente\Dados de aplicativos\MiKTeX\2.9\tex\generic
\pgf\utilities\pgfutil-common-lists.tex"))
("C:\Documents and Settings\Cliente\Dados de aplicativos\MiKTeX\2.9\tex\generic
\pgf\utilities\pgfutil-latex.def"
\pgfutil@abb=\box37

("C:\Documents and Settings\Cliente\Dados de aplicativos\MiKTeX\2.9\tex\latex\m
s\everyshi.sty"
Package: everyshi 2001/05/15 v3.00 EveryShipout Package (MS)
))
("C:\Documents and Settings\Cliente\Dados de aplicativos\MiKTeX\2.9\tex\generic
\pgf\utilities\pgfrcs.code.tex"
Package: pgfrcs 2013/12/20 v3.0.0 (rcs-revision 1.28)
))
Package: pgf 2013/12/18 v3.0.0 (rcs-revision 1.14)

("C:\Documents and Settings\Cliente\Dados de aplicativos\MiKTeX\2.9\tex\latex\p
gf\basiclayer\pgfcore.sty"
("C:\Documents and Settings\Cliente\Dados de aplicativos\MiKTeX\2.9\tex\latex\p
gf\systemlayer\pgfsys.sty"
("C:\Documents and Settings\Cliente\Dados de aplicativos\MiKTeX\2.9\tex\generic
\pgf\systemlayer\pgfsys.code.tex"
Package: pgfsys 2013/11/30 v3.0.0 (rcs-revision 1.47)

("C:\Documents and Settings\Cliente\Dados de aplicativos\MiKTeX\2.9\tex\generic
\pgf\utilities\pgfkeys.code.tex"
\pgfkeys@pathtoks=\toks35
\pgfkeys@temptoks=\toks36

("C:\Documents and Settings\Cliente\Dados de aplicativos\MiKTeX\2.9\tex\generic
\pgf\utilities\pgfkeysfiltered.code.tex"
\pgfkeys@tmptoks=\toks37
))
\pgf@x=\dimen172
\pgf@y=\dimen173
\pgf@xa=\dimen174
\pgf@ya=\dimen175
\pgf@xb=\dimen176
\pgf@yb=\dimen177
\pgf@xc=\dimen178
\pgf@yc=\dimen179
\w@pgf@writea=\write5
\r@pgf@reada=\read1
\c@pgf@counta=\count146
\c@pgf@countb=\count147
\c@pgf@countc=\count148
\c@pgf@countd=\count149
\t@pgf@toka=\toks38
\t@pgf@tokb=\toks39
\t@pgf@tokc=\toks40

("C:\Documents and Settings\Cliente\Dados de aplicativos\MiKTeX\2.9\tex\generic
\pgf\systemlayer\pgf.cfg"
File: pgf.cfg 2008/05/14  (rcs-revision 1.7)
)
Driver file for pgf: pgfsys-pdftex.def

("C:\Documents and Settings\Cliente\Dados de aplicativos\MiKTeX\2.9\tex\generic
\pgf\systemlayer\pgfsys-pdftex.def"
File: pgfsys-pdftex.def 2013/07/18  (rcs-revision 1.33)

("C:\Documents and Settings\Cliente\Dados de aplicativos\MiKTeX\2.9\tex\generic
\pgf\systemlayer\pgfsys-common-pdf.def"
File: pgfsys-common-pdf.def 2013/10/10  (rcs-revision 1.13)
)))
("C:\Documents and Settings\Cliente\Dados de aplicativos\MiKTeX\2.9\tex\generic
\pgf\systemlayer\pgfsyssoftpath.code.tex"
File: pgfsyssoftpath.code.tex 2013/09/09  (rcs-revision 1.9)
\pgfsyssoftpath@smallbuffer@items=\count150
\pgfsyssoftpath@bigbuffer@items=\count151
)
("C:\Documents and Settings\Cliente\Dados de aplicativos\MiKTeX\2.9\tex\generic
\pgf\systemlayer\pgfsysprotocol.code.tex"
File: pgfsysprotocol.code.tex 2006/10/16  (rcs-revision 1.4)
))
("C:\Documents and Settings\Cliente\Dados de aplicativos\MiKTeX\2.9\tex\generic
\pgf\basiclayer\pgfcore.code.tex"
Package: pgfcore 2010/04/11 v3.0.0 (rcs-revision 1.7)

("C:\Documents and Settings\Cliente\Dados de aplicativos\MiKTeX\2.9\tex\generic
\pgf\math\pgfmath.code.tex"
("C:\Documents and Settings\Cliente\Dados de aplicativos\MiKTeX\2.9\tex\generic
\pgf\math\pgfmathcalc.code.tex"
("C:\Documents and Settings\Cliente\Dados de aplicativos\MiKTeX\2.9\tex\generic
\pgf\math\pgfmathutil.code.tex")
("C:\Documents and Settings\Cliente\Dados de aplicativos\MiKTeX\2.9\tex\generic
\pgf\math\pgfmathparser.code.tex"
\pgfmath@dimen=\dimen180
\pgfmath@count=\count152
\pgfmath@box=\box38
\pgfmath@toks=\toks41
\pgfmath@stack@operand=\toks42
\pgfmath@stack@operation=\toks43
)
("C:\Documents and Settings\Cliente\Dados de aplicativos\MiKTeX\2.9\tex\generic
\pgf\math\pgfmathfunctions.code.tex"
("C:\Documents and Settings\Cliente\Dados de aplicativos\MiKTeX\2.9\tex\generic
\pgf\math\pgfmathfunctions.basic.code.tex")
("C:\Documents and Settings\Cliente\Dados de aplicativos\MiKTeX\2.9\tex\generic
\pgf\math\pgfmathfunctions.trigonometric.code.tex")
("C:\Documents and Settings\Cliente\Dados de aplicativos\MiKTeX\2.9\tex\generic
\pgf\math\pgfmathfunctions.random.code.tex")
("C:\Documents and Settings\Cliente\Dados de aplicativos\MiKTeX\2.9\tex\generic
\pgf\math\pgfmathfunctions.comparison.code.tex")
("C:\Documents and Settings\Cliente\Dados de aplicativos\MiKTeX\2.9\tex\generic
\pgf\math\pgfmathfunctions.base.code.tex")
("C:\Documents and Settings\Cliente\Dados de aplicativos\MiKTeX\2.9\tex\generic
\pgf\math\pgfmathfunctions.round.code.tex")
("C:\Documents and Settings\Cliente\Dados de aplicativos\MiKTeX\2.9\tex\generic
\pgf\math\pgfmathfunctions.misc.code.tex")
("C:\Documents and Settings\Cliente\Dados de aplicativos\MiKTeX\2.9\tex\generic
\pgf\math\pgfmathfunctions.integerarithmetics.code.tex")))
("C:\Documents and Settings\Cliente\Dados de aplicativos\MiKTeX\2.9\tex\generic
\pgf\math\pgfmathfloat.code.tex"
\c@pgfmathroundto@lastzeros=\count153
))
("C:\Documents and Settings\Cliente\Dados de aplicativos\MiKTeX\2.9\tex\generic
\pgf\basiclayer\pgfcorepoints.code.tex"
File: pgfcorepoints.code.tex 2013/10/07  (rcs-revision 1.27)
\pgf@picminx=\dimen181
\pgf@picmaxx=\dimen182
\pgf@picminy=\dimen183
\pgf@picmaxy=\dimen184
\pgf@pathminx=\dimen185
\pgf@pathmaxx=\dimen186
\pgf@pathminy=\dimen187
\pgf@pathmaxy=\dimen188
\pgf@xx=\dimen189
\pgf@xy=\dimen190
\pgf@yx=\dimen191
\pgf@yy=\dimen192
\pgf@zx=\dimen193
\pgf@zy=\dimen194
)
("C:\Documents and Settings\Cliente\Dados de aplicativos\MiKTeX\2.9\tex\generic
\pgf\basiclayer\pgfcorepathconstruct.code.tex"
File: pgfcorepathconstruct.code.tex 2013/10/07  (rcs-revision 1.29)
\pgf@path@lastx=\dimen195
\pgf@path@lasty=\dimen196
)
("C:\Documents and Settings\Cliente\Dados de aplicativos\MiKTeX\2.9\tex\generic
\pgf\basiclayer\pgfcorepathusage.code.tex"
File: pgfcorepathusage.code.tex 2013/12/13  (rcs-revision 1.23)
\pgf@shorten@end@additional=\dimen197
\pgf@shorten@start@additional=\dimen198
)
("C:\Documents and Settings\Cliente\Dados de aplicativos\MiKTeX\2.9\tex\generic
\pgf\basiclayer\pgfcorescopes.code.tex"
File: pgfcorescopes.code.tex 2013/10/09  (rcs-revision 1.44)
\pgfpic=\box39
\pgf@hbox=\box40
\pgf@layerbox@main=\box41
\pgf@picture@serial@count=\count154
)
("C:\Documents and Settings\Cliente\Dados de aplicativos\MiKTeX\2.9\tex\generic
\pgf\basiclayer\pgfcoregraphicstate.code.tex"
File: pgfcoregraphicstate.code.tex 2013/09/19  (rcs-revision 1.11)
\pgflinewidth=\dimen199
)
("C:\Documents and Settings\Cliente\Dados de aplicativos\MiKTeX\2.9\tex\generic
\pgf\basiclayer\pgfcoretransformations.code.tex"
File: pgfcoretransformations.code.tex 2013/10/10  (rcs-revision 1.17)
\pgf@pt@x=\dimen200
\pgf@pt@y=\dimen201
\pgf@pt@temp=\dimen202
)
("C:\Documents and Settings\Cliente\Dados de aplicativos\MiKTeX\2.9\tex\generic
\pgf\basiclayer\pgfcorequick.code.tex"
File: pgfcorequick.code.tex 2008/10/09  (rcs-revision 1.3)
)
("C:\Documents and Settings\Cliente\Dados de aplicativos\MiKTeX\2.9\tex\generic
\pgf\basiclayer\pgfcoreobjects.code.tex"
File: pgfcoreobjects.code.tex 2006/10/11  (rcs-revision 1.2)
)
("C:\Documents and Settings\Cliente\Dados de aplicativos\MiKTeX\2.9\tex\generic
\pgf\basiclayer\pgfcorepathprocessing.code.tex"
File: pgfcorepathprocessing.code.tex 2013/09/09  (rcs-revision 1.9)
)
("C:\Documents and Settings\Cliente\Dados de aplicativos\MiKTeX\2.9\tex\generic
\pgf\basiclayer\pgfcorearrows.code.tex"
File: pgfcorearrows.code.tex 2013/11/07  (rcs-revision 1.40)
\pgfarrowsep=\dimen203
)
("C:\Documents and Settings\Cliente\Dados de aplicativos\MiKTeX\2.9\tex\generic
\pgf\basiclayer\pgfcoreshade.code.tex"
File: pgfcoreshade.code.tex 2013/07/15  (rcs-revision 1.15)
\pgf@max=\dimen204
\pgf@sys@shading@range@num=\count155
)
("C:\Documents and Settings\Cliente\Dados de aplicativos\MiKTeX\2.9\tex\generic
\pgf\basiclayer\pgfcoreimage.code.tex"
File: pgfcoreimage.code.tex 2013/07/15  (rcs-revision 1.18)

("C:\Documents and Settings\Cliente\Dados de aplicativos\MiKTeX\2.9\tex\generic
\pgf\basiclayer\pgfcoreexternal.code.tex"
File: pgfcoreexternal.code.tex 2013/07/15  (rcs-revision 1.20)
\pgfexternal@startupbox=\box42
))
("C:\Documents and Settings\Cliente\Dados de aplicativos\MiKTeX\2.9\tex\generic
\pgf\basiclayer\pgfcorelayers.code.tex"
File: pgfcorelayers.code.tex 2013/07/18  (rcs-revision 1.7)
)
("C:\Documents and Settings\Cliente\Dados de aplicativos\MiKTeX\2.9\tex\generic
\pgf\basiclayer\pgfcoretransparency.code.tex"
File: pgfcoretransparency.code.tex 2013/09/30  (rcs-revision 1.5)
)
("C:\Documents and Settings\Cliente\Dados de aplicativos\MiKTeX\2.9\tex\generic
\pgf\basiclayer\pgfcorepatterns.code.tex"
File: pgfcorepatterns.code.tex 2013/11/07  (rcs-revision 1.5)
)))
("C:\Documents and Settings\Cliente\Dados de aplicativos\MiKTeX\2.9\tex\generic
\pgf\modules\pgfmoduleshapes.code.tex"
File: pgfmoduleshapes.code.tex 2013/10/31  (rcs-revision 1.34)
\pgfnodeparttextbox=\box43
)
("C:\Documents and Settings\Cliente\Dados de aplicativos\MiKTeX\2.9\tex\generic
\pgf\modules\pgfmoduleplot.code.tex"
File: pgfmoduleplot.code.tex 2013/07/31  (rcs-revision 1.12)
)
("C:\Documents and Settings\Cliente\Dados de aplicativos\MiKTeX\2.9\tex\latex\p
gf\compatibility\pgfcomp-version-0-65.sty"
Package: pgfcomp-version-0-65 2007/07/03 v3.0.0 (rcs-revision 1.7)
\pgf@nodesepstart=\dimen205
\pgf@nodesepend=\dimen206
)
("C:\Documents and Settings\Cliente\Dados de aplicativos\MiKTeX\2.9\tex\latex\p
gf\compatibility\pgfcomp-version-1-18.sty"
Package: pgfcomp-version-1-18 2007/07/23 v3.0.0 (rcs-revision 1.1)
))
("C:\Documents and Settings\Cliente\Dados de aplicativos\MiKTeX\2.9\tex\latex\p
gf\utilities\pgffor.sty"
("C:\Documents and Settings\Cliente\Dados de aplicativos\MiKTeX\2.9\tex\latex\p
gf\utilities\pgfkeys.sty"
("C:\Documents and Settings\Cliente\Dados de aplicativos\MiKTeX\2.9\tex\generic
\pgf\utilities\pgfkeys.code.tex"))
("C:\Documents and Settings\Cliente\Dados de aplicativos\MiKTeX\2.9\tex\latex\p
gf\math\pgfmath.sty"
("C:\Documents and Settings\Cliente\Dados de aplicativos\MiKTeX\2.9\tex\generic
\pgf\math\pgfmath.code.tex"))
("C:\Documents and Settings\Cliente\Dados de aplicativos\MiKTeX\2.9\tex\generic
\pgf\utilities\pgffor.code.tex"
Package: pgffor 2013/12/13 v3.0.0 (rcs-revision 1.25)

("C:\Documents and Settings\Cliente\Dados de aplicativos\MiKTeX\2.9\tex\generic
\pgf\math\pgfmath.code.tex")
\pgffor@iter=\dimen207
\pgffor@skip=\dimen208
\pgffor@stack=\toks44
\pgffor@toks=\toks45
))
("C:\Documents and Settings\Cliente\Dados de aplicativos\MiKTeX\2.9\tex\generic
\pgf\frontendlayer\tikz\tikz.code.tex"
Package: tikz 2013/12/13 v3.0.0 (rcs-revision 1.142)

("C:\Documents and Settings\Cliente\Dados de aplicativos\MiKTeX\2.9\tex\generic
\pgf\libraries\pgflibraryplothandlers.code.tex"
File: pgflibraryplothandlers.code.tex 2013/08/31 v3.0.0 (rcs-revision 1.20)
\pgf@plot@mark@count=\count156
\pgfplotmarksize=\dimen209
)
\tikz@lastx=\dimen210
\tikz@lasty=\dimen211
\tikz@lastxsaved=\dimen212
\tikz@lastysaved=\dimen213
\tikzleveldistance=\dimen214
\tikzsiblingdistance=\dimen215
\tikz@figbox=\box44
\tikz@figbox@bg=\box45
\tikz@tempbox=\box46
\tikz@tempbox@bg=\box47
\tikztreelevel=\count157
\tikznumberofchildren=\count158
\tikznumberofcurrentchild=\count159
\tikz@fig@count=\count160

("C:\Documents and Settings\Cliente\Dados de aplicativos\MiKTeX\2.9\tex\generic
\pgf\modules\pgfmodulematrix.code.tex"
File: pgfmodulematrix.code.tex 2013/09/17  (rcs-revision 1.8)
\pgfmatrixcurrentrow=\count161
\pgfmatrixcurrentcolumn=\count162
\pgf@matrix@numberofcolumns=\count163
)
\tikz@expandcount=\count164

("C:\Documents and Settings\Cliente\Dados de aplicativos\MiKTeX\2.9\tex\generic
\pgf\frontendlayer\tikz\libraries\tikzlibrarytopaths.code.tex"
File: tikzlibrarytopaths.code.tex 2008/06/17 v3.0.0 (rcs-revision 1.2)
)))
("C:\Documents and Settings\Cliente\Dados de aplicativos\MiKTeX\2.9\tex\latex\c
ircuitikz\circuitikz.sty"
Package: circuitikz 2012/12/29 The CircuiTikz circuit drawing package version 0
.3.0

("C:\Documents and Settings\Cliente\Dados de aplicativos\MiKTeX\2.9\tex\generic
\pgf\frontendlayer\tikz\libraries\tikzlibrarycalc.code.tex"
File: tikzlibrarycalc.code.tex 2013/07/15 v3.0.0 (rcs-revision 1.9)
)
("C:\Documents and Settings\Cliente\Dados de aplicativos\MiKTeX\2.9\tex\generic
\pgf\libraries\decorations\pgflibrarydecorations.pathmorphing.code.tex"
("C:\Documents and Settings\Cliente\Dados de aplicativos\MiKTeX\2.9\tex\generic
\pgf\modules\pgfmoduledecorations.code.tex"
\pgfdecoratedcompleteddistance=\dimen216
\pgfdecoratedremainingdistance=\dimen217
\pgfdecoratedinputsegmentcompleteddistance=\dimen218
\pgfdecoratedinputsegmentremainingdistance=\dimen219
\pgf@decorate@distancetomove=\dimen220
\pgf@decorate@repeatstate=\count165
\pgfdecorationsegmentamplitude=\dimen221
\pgfdecorationsegmentlength=\dimen222
))
("C:\Documents and Settings\Cliente\Dados de aplicativos\MiKTeX\2.9\tex\generic
\pgf\libraries\pgflibraryarrows.code.tex"
File: pgflibraryarrows.code.tex 2013/09/23 v3.0.0 (rcs-revision 1.16)
\arrowsize=\dimen223
)
("C:\Documents and Settings\Cliente\Dados de aplicativos\MiKTeX\2.9\tex\latex\c
ircuitikz\circuitikz.code.tex"
\pgf@circ@Rlen=\dimen224

("C:\Documents and Settings\Cliente\Dados de aplicativos\MiKTeX\2.9\tex\latex\c
ircuitikz\pgfcircutils.sty")
("C:\Documents and Settings\Cliente\Dados de aplicativos\MiKTeX\2.9\tex\latex\c
ircuitikz\pgfcircmath.sty")
("C:\Documents and Settings\Cliente\Dados de aplicativos\MiKTeX\2.9\tex\latex\c
ircuitikz\pgfcircshapes.sty")
("C:\Documents and Settings\Cliente\Dados de aplicativos\MiKTeX\2.9\tex\latex\c
ircuitikz\pgfcircmonopoles.sty")
("C:\Documents and Settings\Cliente\Dados de aplicativos\MiKTeX\2.9\tex\latex\c
ircuitikz\pgfcircbipoles.sty")
("C:\Documents and Settings\Cliente\Dados de aplicativos\MiKTeX\2.9\tex\latex\c
ircuitikz\pgfcirctripoles.sty")
("C:\Documents and Settings\Cliente\Dados de aplicativos\MiKTeX\2.9\tex\latex\c
ircuitikz\pgfcircquadpoles.sty")
("C:\Documents and Settings\Cliente\Dados de aplicativos\MiKTeX\2.9\tex\latex\c
ircuitikz\pgfcirclabel.sty")
("C:\Documents and Settings\Cliente\Dados de aplicativos\MiKTeX\2.9\tex\latex\c
ircuitikz\pgfcircvoltage.sty")
("C:\Documents and Settings\Cliente\Dados de aplicativos\MiKTeX\2.9\tex\latex\c
ircuitikz\pgfcirccurrent.sty"))
("C:\Documents and Settings\Cliente\Dados de aplicativos\MiKTeX\2.9\tex\latex\c
ircuitikz\circuitikz1.code.tex"
\pgf@circ@res@up=\dimen225
\pgf@circ@res@down=\dimen226
\pgf@circ@res@zero=\dimen227
\pgf@circ@res@left=\dimen228
\pgf@circ@res@right=\dimen229
\pgf@circ@res@other=\dimen230
\pgf@circ@res@step=\dimen231
\pgfstartlinewidth=\dimen232
)) (trab27.aux)
LaTeX Font Info:    Checking defaults for OML/cmm/m/it on input line 107.
LaTeX Font Info:    ... okay on input line 107.
LaTeX Font Info:    Checking defaults for T1/cmr/m/n on input line 107.
LaTeX Font Info:    ... okay on input line 107.
LaTeX Font Info:    Checking defaults for OT1/mbb/m/n on input line 107.
LaTeX Font Info:    ... okay on input line 107.
LaTeX Font Info:    Checking defaults for OMS/cmsy/m/n on input line 107.
LaTeX Font Info:    ... okay on input line 107.
LaTeX Font Info:    Checking defaults for OMX/cmex/m/n on input line 107.
LaTeX Font Info:    ... okay on input line 107.
LaTeX Font Info:    Checking defaults for U/cmr/m/n on input line 107.
LaTeX Font Info:    ... okay on input line 107.
LaTeX Font Info:    Checking defaults for LGR/cmr/m/n on input line 107.
LaTeX Font Info:    Try loading font information for LGR+cmr on input line 107.


("C:\Arquivos de programas\MiKTeX 2.9\tex\latex\cbfonts-fd\lgrcmr.fd"
File: lgrcmr.fd 2013/09/01 v1.0 Greek European Computer Regular
)
LaTeX Font Info:    ... okay on input line 107.
LaTeX Font Info:    Checking defaults for LY/yfrak/m/n on input line 107.
LaTeX Font Info:    ... okay on input line 107.
LaTeX Font Info:    Checking defaults for LYG/ygoth/m/n on input line 107.
LaTeX Font Info:    ... okay on input line 107.
LaTeX Font Info:    Checking defaults for TS1/cmr/m/n on input line 107.
LaTeX Font Info:    Try loading font information for TS1+cmr on input line 107.


("C:\Arquivos de programas\MiKTeX 2.9\tex\latex\base\ts1cmr.fd"
File: ts1cmr.fd 2014/09/29 v2.5h Standard LaTeX font definitions
)
LaTeX Font Info:    ... okay on input line 107.
LaTeX Font Info:    Try loading font information for T1+pbk on input line 107.

("C:\Arquivos de programas\MiKTeX 2.9\tex\latex\psnfss\t1pbk.fd"
File: t1pbk.fd 2001/06/04 font definitions for T1/pbk.
)
LaTeX Font Info:    Font shape `T1/pbk/m/n' in size <10> not available
(Font)              Font shape `T1/pbk/l/n' tried instead on input line 107.
LaTeX Font Info:    Font shape `T1/pbk/m/n' in size <5> not available
(Font)              Font shape `T1/pbk/l/n' tried instead on input line 107.
LaTeX Font Info:    Font shape `T1/pbk/bx/n' in size <5> not available
(Font)              Font shape `T1/pbk/b/n' tried instead on input line 107.
LaTeX Font Info:    Font shape `T1/pbk/b/n' in size <5> not available
(Font)              Font shape `T1/pbk/db/n' tried instead on input line 107.
LaTeX Font Info:    Font shape `T1/pbk/m/it' in size <5> not available
(Font)              Font shape `T1/pbk/l/it' tried instead on input line 107.
LaTeX Font Info:    Font shape `T1/pbk/bx/it' in size <5> not available
(Font)              Font shape `T1/pbk/b/it' tried instead on input line 107.
LaTeX Font Info:    Font shape `T1/pbk/b/it' in size <5> not available
(Font)              Font shape `T1/pbk/db/it' tried instead on input line 107.
LaTeX Font Info:    Font shape `T1/pbk/m/n' in size <7> not available
(Font)              Font shape `T1/pbk/l/n' tried instead on input line 107.
LaTeX Font Info:    Font shape `T1/pbk/bx/n' in size <7> not available
(Font)              Font shape `T1/pbk/b/n' tried instead on input line 107.
LaTeX Font Info:    Font shape `T1/pbk/b/n' in size <7> not available
(Font)              Font shape `T1/pbk/db/n' tried instead on input line 107.
LaTeX Font Info:    Font shape `T1/pbk/m/it' in size <7> not available
(Font)              Font shape `T1/pbk/l/it' tried instead on input line 107.
LaTeX Font Info:    Font shape `T1/pbk/bx/it' in size <7> not available
(Font)              Font shape `T1/pbk/b/it' tried instead on input line 107.
LaTeX Font Info:    Font shape `T1/pbk/b/it' in size <7> not available
(Font)              Font shape `T1/pbk/db/it' tried instead on input line 107.
LaTeX Font Info:    Font shape `T1/pbk/m/n' in size <8> not available
(Font)              Font shape `T1/pbk/l/n' tried instead on input line 107.
LaTeX Font Info:    Font shape `T1/pbk/bx/n' in size <8> not available
(Font)              Font shape `T1/pbk/b/n' tried instead on input line 107.
LaTeX Font Info:    Font shape `T1/pbk/b/n' in size <8> not available
(Font)              Font shape `T1/pbk/db/n' tried instead on input line 107.
LaTeX Font Info:    Font shape `T1/pbk/m/it' in size <8> not available
(Font)              Font shape `T1/pbk/l/it' tried instead on input line 107.
LaTeX Font Info:    Font shape `T1/pbk/bx/it' in size <8> not available
(Font)              Font shape `T1/pbk/b/it' tried instead on input line 107.
LaTeX Font Info:    Font shape `T1/pbk/b/it' in size <8> not available
(Font)              Font shape `T1/pbk/db/it' tried instead on input line 107.
LaTeX Font Info:    Font shape `T1/pbk/m/n' in size <9> not available
(Font)              Font shape `T1/pbk/l/n' tried instead on input line 107.
LaTeX Font Info:    Font shape `T1/pbk/bx/n' in size <9> not available
(Font)              Font shape `T1/pbk/b/n' tried instead on input line 107.
LaTeX Font Info:    Font shape `T1/pbk/b/n' in size <9> not available
(Font)              Font shape `T1/pbk/db/n' tried instead on input line 107.
LaTeX Font Info:    Font shape `T1/pbk/m/it' in size <9> not available
(Font)              Font shape `T1/pbk/l/it' tried instead on input line 107.
LaTeX Font Info:    Font shape `T1/pbk/bx/it' in size <9> not available
(Font)              Font shape `T1/pbk/b/it' tried instead on input line 107.
LaTeX Font Info:    Font shape `T1/pbk/b/it' in size <9> not available
(Font)              Font shape `T1/pbk/db/it' tried instead on input line 107.
LaTeX Font Info:    Font shape `T1/pbk/bx/n' in size <10> not available
(Font)              Font shape `T1/pbk/b/n' tried instead on input line 107.
LaTeX Font Info:    Font shape `T1/pbk/b/n' in size <10> not available
(Font)              Font shape `T1/pbk/db/n' tried instead on input line 107.
LaTeX Font Info:    Font shape `T1/pbk/m/it' in size <10> not available
(Font)              Font shape `T1/pbk/l/it' tried instead on input line 107.
LaTeX Font Info:    Font shape `T1/pbk/bx/it' in size <10> not available
(Font)              Font shape `T1/pbk/b/it' tried instead on input line 107.
LaTeX Font Info:    Font shape `T1/pbk/b/it' in size <10> not available
(Font)              Font shape `T1/pbk/db/it' tried instead on input line 107.
LaTeX Font Info:    Font shape `T1/pbk/m/n' in size <11> not available
(Font)              Font shape `T1/pbk/l/n' tried instead on input line 107.
LaTeX Font Info:    Font shape `T1/pbk/bx/n' in size <11> not available
(Font)              Font shape `T1/pbk/b/n' tried instead on input line 107.
LaTeX Font Info:    Font shape `T1/pbk/b/n' in size <11> not available
(Font)              Font shape `T1/pbk/db/n' tried instead on input line 107.
LaTeX Font Info:    Font shape `T1/pbk/m/it' in size <11> not available
(Font)              Font shape `T1/pbk/l/it' tried instead on input line 107.
LaTeX Font Info:    Font shape `T1/pbk/bx/it' in size <11> not available
(Font)              Font shape `T1/pbk/b/it' tried instead on input line 107.
LaTeX Font Info:    Font shape `T1/pbk/b/it' in size <11> not available
(Font)              Font shape `T1/pbk/db/it' tried instead on input line 107.
LaTeX Font Info:    Font shape `T1/pbk/m/n' in size <12> not available
(Font)              Font shape `T1/pbk/l/n' tried instead on input line 107.
LaTeX Font Info:    Font shape `T1/pbk/bx/n' in size <12> not available
(Font)              Font shape `T1/pbk/b/n' tried instead on input line 107.
LaTeX Font Info:    Font shape `T1/pbk/b/n' in size <12> not available
(Font)              Font shape `T1/pbk/db/n' tried instead on input line 107.
LaTeX Font Info:    Font shape `T1/pbk/m/it' in size <12> not available
(Font)              Font shape `T1/pbk/l/it' tried instead on input line 107.
LaTeX Font Info:    Font shape `T1/pbk/bx/it' in size <12> not available
(Font)              Font shape `T1/pbk/b/it' tried instead on input line 107.
LaTeX Font Info:    Font shape `T1/pbk/b/it' in size <12> not available
(Font)              Font shape `T1/pbk/db/it' tried instead on input line 107.
LaTeX Font Info:    Font shape `T1/pbk/m/n' in size <17> not available
(Font)              Font shape `T1/pbk/l/n' tried instead on input line 107.
LaTeX Font Info:    Font shape `T1/pbk/bx/n' in size <17> not available
(Font)              Font shape `T1/pbk/b/n' tried instead on input line 107.
LaTeX Font Info:    Font shape `T1/pbk/b/n' in size <17> not available
(Font)              Font shape `T1/pbk/db/n' tried instead on input line 107.
LaTeX Font Info:    Font shape `T1/pbk/m/it' in size <17> not available
(Font)              Font shape `T1/pbk/l/it' tried instead on input line 107.
LaTeX Font Info:    Font shape `T1/pbk/bx/it' in size <17> not available
(Font)              Font shape `T1/pbk/b/it' tried instead on input line 107.
LaTeX Font Info:    Font shape `T1/pbk/b/it' in size <17> not available
(Font)              Font shape `T1/pbk/db/it' tried instead on input line 107.
LaTeX Font Info:    Font shape `T1/pbk/m/n' in size <20> not available
(Font)              Font shape `T1/pbk/l/n' tried instead on input line 107.
LaTeX Font Info:    Font shape `T1/pbk/bx/n' in size <20> not available
(Font)              Font shape `T1/pbk/b/n' tried instead on input line 107.
LaTeX Font Info:    Font shape `T1/pbk/b/n' in size <20> not available
(Font)              Font shape `T1/pbk/db/n' tried instead on input line 107.
LaTeX Font Info:    Font shape `T1/pbk/m/it' in size <20> not available
(Font)              Font shape `T1/pbk/l/it' tried instead on input line 107.
LaTeX Font Info:    Font shape `T1/pbk/bx/it' in size <20> not available
(Font)              Font shape `T1/pbk/b/it' tried instead on input line 107.
LaTeX Font Info:    Font shape `T1/pbk/b/it' in size <20> not available
(Font)              Font shape `T1/pbk/db/it' tried instead on input line 107.
LaTeX Font Info:    Font shape `T1/pbk/m/n' in size <24> not available
(Font)              Font shape `T1/pbk/l/n' tried instead on input line 107.
LaTeX Font Info:    Font shape `T1/pbk/bx/n' in size <24> not available
(Font)              Font shape `T1/pbk/b/n' tried instead on input line 107.
LaTeX Font Info:    Font shape `T1/pbk/b/n' in size <24> not available
(Font)              Font shape `T1/pbk/db/n' tried instead on input line 107.
LaTeX Font Info:    Font shape `T1/pbk/m/it' in size <24> not available
(Font)              Font shape `T1/pbk/l/it' tried instead on input line 107.
LaTeX Font Info:    Font shape `T1/pbk/bx/it' in size <24> not available
(Font)              Font shape `T1/pbk/b/it' tried instead on input line 107.
LaTeX Font Info:    Font shape `T1/pbk/b/it' in size <24> not available
(Font)              Font shape `T1/pbk/db/it' tried instead on input line 107.

-- Lines per column: 49 (approximate, difference = 3.5302pt).
("C:\Arquivos de programas\MiKTeX 2.9\tex\context\base\supp-pdf.mkii"
[Loading MPS to PDF converter (version 2006.09.02).]
\scratchcounter=\count166
\scratchdimen=\dimen233
\scratchbox=\box48
\nofMPsegments=\count167
\nofMParguments=\count168
\everyMPshowfont=\toks46
\MPscratchCnt=\count169
Normal \dimen register pool exhausted, switching to extended pool.
\MPscratchDim=\dimen256
\MPnumerator=\count170
\makeMPintoPDFobject=\count171
\everyMPtoPDFconversion=\toks47
)
*geometry* driver: auto-detecting
*geometry* detected driver: pdftex
*geometry* verbose mode - [ preamble ] result:
* driver: pdftex
* paper: a4paper
* layout: <same size as paper>
* layoutoffset:(h,v)=(0.0pt,0.0pt)
* modes: 
* h-part:(L,W,R)=(89.62709pt, 418.25368pt, 89.6271pt)
* v-part:(T,H,B)=(101.40665pt, 591.5302pt, 152.11pt)
* \paperwidth=597.50787pt
* \paperheight=845.04684pt
* \textwidth=418.25368pt
* \textheight=591.5302pt
* \oddsidemargin=17.3571pt
* \evensidemargin=17.3571pt
* \topmargin=-4.20534pt
* \headheight=12.0pt
* \headsep=21.342pt
* \topskip=12.0pt
* \footskip=25.80774pt
* \marginparwidth=20.0pt
* \marginparsep=10.0pt
* \columnsep=12.0pt
* \skip\footins=10.79993pt plus 4.79993pt minus 2.39996pt
* \hoffset=0.0pt
* \voffset=0.0pt
* \mag=1000
* \@twocolumntrue
* \@twosidefalse
* \@mparswitchfalse
* \@reversemarginfalse
* (1in=72.27pt=25.4mm, 1cm=28.453pt)

LaTeX Info: Redefining \microtypecontext on input line 107.
Package microtype Info: Generating PDF output.
Package microtype Info: Character protrusion enabled (level 2).
Package microtype Info: Using default protrusion set `alltext'.
Package microtype Info: Automatic font expansion enabled (level 2),
(microtype)             stretch: 20, shrink: 20, step: 1, non-selected.
Package microtype Info: Using default expansion set `basictext'.
Package microtype Info: No adjustment of tracking.
Package microtype Info: No adjustment of interword spacing.
Package microtype Info: No adjustment of character kerning.
Package microtype Info: Loading generic settings for font family
(microtype)             `pbk' (encoding: T1).
(microtype)             For optimal results, create family-specific settings.
(microtype)             See the microtype manual for details.

("C:\Documents and Settings\Cliente\Dados de aplicativos\MiKTeX\2.9\tex\latex\m
s\ragged2e.sty"
Package: ragged2e 2009/05/21 v2.1 ragged2e Package (MS)

("C:\Documents and Settings\Cliente\Dados de aplicativos\MiKTeX\2.9\tex\latex\m
s\everysel.sty"
Package: everysel 2011/10/28 v1.2 EverySelectfont Package (MS)
 ABD: EverySelectfont initializing macros
LaTeX Info: Redefining \selectfont on input line 126.
)
\CenteringLeftskip=\skip63
\RaggedLeftLeftskip=\skip64
\RaggedRightLeftskip=\skip65
\CenteringRightskip=\skip66
\RaggedLeftRightskip=\skip67
\RaggedRightRightskip=\skip68
\CenteringParfillskip=\skip69
\RaggedLeftParfillskip=\skip70
\RaggedRightParfillskip=\skip71
\JustifyingParfillskip=\skip72
\CenteringParindent=\skip73
\RaggedLeftParindent=\skip74
\RaggedRightParindent=\skip75
\JustifyingParindent=\skip76
)
\c@lstlisting=\count172

ABD: EveryShipout initializing macros
LaTeX Font Info:    Font shape `T1/pbk/m/sc' in size <10> not available
(Font)              Font shape `T1/pbk/l/sc' tried instead on input line 121.


LaTeX Warning: Citation `JARDINE 2006' on page 1 undefined on input line 122.


Underfull \hbox (badness 6236) in paragraph at lines 122--124
\T1/pbk/l/n/10 (+20) mu-dana pro-funda na es-tra-t-gia de
 []


Underfull \hbox (badness 10000) in paragraph at lines 122--124
\T1/pbk/l/n/10 (+20) ma-nu-ten-o ado-tada pela in-ds-tria,
 []


Underfull \hbox (badness 10000) in paragraph at lines 122--124
\T1/pbk/l/n/10 (+20) em fa-vor da cha-mada Ma-nu-ten-o
 []


Underfull \hbox (badness 2744) in paragraph at lines 122--124
\T1/pbk/l/n/10 (+20) Con-di-o. Essa abor-da-gem se ba-seia
 []


Underfull \hbox (badness 10000) in paragraph at lines 122--124
\T1/pbk/l/n/10 (+20) no mo-ni-to-ra-mento em tempo real
 []


Underfull \hbox (badness 3735) in paragraph at lines 122--124
\T1/pbk/l/n/10 (+20) do ma-qui-n-rio, de forma a obter-se
 []


Underfull \hbox (badness 10000) in paragraph at lines 122--124
\T1/pbk/l/n/10 (+20) que as tc-ni-cas exe-cu-tem tam-bm
 []


Underfull \hbox (badness 4084) in paragraph at lines 122--124
\T1/pbk/l/n/10 (+20) cor-re-ti-vas e os re-sul-ta-dos es-pe-ra-dos.
 []


Underfull \hbox (badness 4518) in paragraph at lines 122--124
\T1/pbk/l/n/10 (+20) di-ag-ns-tico e prog-ns-tico po-dem ser
 []


Underfull \hbox (badness 10000) in paragraph at lines 122--124
\T1/pbk/l/n/10 (+20) m-qui-nas ro-ta-ti-vas ocu-pam po-si-o
 []


Underfull \hbox (badness 10000) in paragraph at lines 122--124
\T1/pbk/l/n/10 (+20) de des-ta-que, pela sua im-por-tn-cia
 []


Underfull \hbox (badness 6078) in paragraph at lines 122--124
\T1/pbk/l/n/10 (+20) e ubi-qui-dade. En-tre as tc-ni-cas de
 []


Underfull \hbox (badness 10000) in paragraph at lines 122--124

 []


LaTeX Warning: Citation `JARDINE 2006' on page 1 undefined on input line 126.


LaTeX Warning: Citation `PENG 2004' on page 1 undefined on input line 126.


LaTeX Warning: Citation `YAN 2014' on page 1 undefined on input line 126.


LaTeX Warning: Citation `YAN 2014' on page 1 undefined on input line 126.

[1{C:/Documents and Settings/Cliente/Configuraes locais/Dados de aplicativo
s/MiKTeX/2.9/pdftex/config/pdftex.map}


]
Underfull \hbox (badness 1442) in paragraph at lines 133--134
[]\T1/pbk/l/n/10 (+20) Transformada de Wa-ve-let Dis-creta
 []

LaTeX Font Info:    Try loading font information for OT1+lmr on input line 136.

("C:\Arquivos de programas\MiKTeX 2.9\tex\latex\lm\ot1lmr.fd"
File: ot1lmr.fd 2009/10/30 v1.6 Font defs for Latin Modern
)
("C:\Arquivos de programas\MiKTeX 2.9\tex\latex\microtype\mt-cmr.cfg"
File: mt-cmr.cfg 2013/05/19 v2.2 microtype config. file: Computer Modern Roman 
(RS)
)
LaTeX Font Info:    Try loading font information for OML+lmm on input line 136.


("C:\Arquivos de programas\MiKTeX 2.9\tex\latex\lm\omllmm.fd"
File: omllmm.fd 2009/10/30 v1.6 Font defs for Latin Modern
)
LaTeX Font Info:    Try loading font information for OMS+lmsy on input line 136
.

("C:\Arquivos de programas\MiKTeX 2.9\tex\latex\lm\omslmsy.fd"
File: omslmsy.fd 2009/10/30 v1.6 Font defs for Latin Modern
)
LaTeX Font Info:    Try loading font information for OMX+lmex on input line 136
.

("C:\Arquivos de programas\MiKTeX 2.9\tex\latex\lm\omxlmex.fd"
File: omxlmex.fd 2009/10/30 v1.6 Font defs for Latin Modern
)
LaTeX Font Info:    External font `lmex10' loaded for size
(Font)              <10> on input line 136.
LaTeX Font Info:    External font `lmex10' loaded for size
(Font)              <7> on input line 136.
LaTeX Font Info:    External font `lmex10' loaded for size
(Font)              <5> on input line 136.
LaTeX Font Info:    Try loading font information for U+msa on input line 136.

("C:\Arquivos de programas\MiKTeX 2.9\tex\latex\amsfonts\umsa.fd"
File: umsa.fd 2013/01/14 v3.01 AMS symbols A
)
("C:\Arquivos de programas\MiKTeX 2.9\tex\latex\microtype\mt-msa.cfg"
File: mt-msa.cfg 2006/02/04 v1.1 microtype config. file: AMS symbols (a) (RS)
)
LaTeX Font Info:    Try loading font information for U+msb on input line 136.

("C:\Arquivos de programas\MiKTeX 2.9\tex\latex\amsfonts\umsb.fd"
File: umsb.fd 2013/01/14 v3.01 AMS symbols B
)
("C:\Arquivos de programas\MiKTeX 2.9\tex\latex\microtype\mt-msb.cfg"
File: mt-msb.cfg 2005/06/01 v1.0 microtype config. file: AMS symbols (b) (RS)
)
LaTeX Font Info:    Try loading font information for U+wasy on input line 136.

("C:\Arquivos de programas\MiKTeX 2.9\tex\latex\wasysym\uwasy.fd"
File: uwasy.fd 2003/10/30 v2.0 Wasy-2 symbol font definitions
)
Package microtype Info: Loading generic settings for font family
(microtype)             `mbb' (encoding: OT1).
(microtype)             For optimal results, create family-specific settings.
(microtype)             See the microtype manual for details.
LaTeX Font Info:    Try loading font information for OT1+pzc on input line 136.


("C:\Arquivos de programas\MiKTeX 2.9\tex\latex\psnfss\ot1pzc.fd"
File: ot1pzc.fd 2001/06/04 font definitions for OT1/pzc.
)
LaTeX Font Info:    Font shape `OT1/pzc/m/it' in size <10> not available
(Font)              Font shape `OT1/pzc/mb/it' tried instead on input line 136.

Package microtype Info: Loading generic settings for font family
(microtype)             `pzc' (encoding: OT1).
(microtype)             For optimal results, create family-specific settings.
(microtype)             See the microtype manual for details.
LaTeX Font Info:    Font shape `OT1/pzc/m/it' in size <7> not available
(Font)              Font shape `OT1/pzc/mb/it' tried instead on input line 136.

LaTeX Font Info:    Font shape `OT1/pzc/m/it' in size <5> not available
(Font)              Font shape `OT1/pzc/mb/it' tried instead on input line 136.


Overfull \hbox (71.57748pt too wide) in paragraph at lines 147--147
[] 
 []


Underfull \vbox (badness 1297) has occurred while \output is active []


Underfull \hbox (badness 10000) in paragraph at lines 159--161
[]\T1/pbk/l/n/10 (+20) Na pri-meira fase do tra-ba-lho,
 []


Underfull \hbox (badness 2165) in paragraph at lines 159--161
\T1/pbk/l/n/10 (+20) particularizou-se o tema da pes-quisa.
 []

[2]
LaTeX Font Info:    External font `lmex10' loaded for size
(Font)              <8> on input line 177.
LaTeX Font Info:    External font `lmex10' loaded for size
(Font)              <6> on input line 177.
LaTeX Font Info:    Font shape `OT1/pzc/m/it' in size <8> not available
(Font)              Font shape `OT1/pzc/mb/it' tried instead on input line 177.

LaTeX Font Info:    Font shape `OT1/pzc/m/it' in size <6> not available
(Font)              Font shape `OT1/pzc/mb/it' tried instead on input line 177.

LaTeX Font Info:    Font shape `T1/pbk/m/n' in size <6> not available
(Font)              Font shape `T1/pbk/l/n' tried instead on input line 177.


LaTeX Warning: Reference `ssecnum:Anexo1' on page 3 undefined on input line 177
.

LaTeX Font Info:    Try loading font information for T1+pcr on input line 190.
("C:\Arquivos de programas\MiKTeX 2.9\tex\latex\psnfss\t1pcr.fd"
File: t1pcr.fd 2001/06/04 font definitions for T1/pcr.
)
Package microtype Info: Loading generic settings for font family
(microtype)             `pcr' (encoding: T1).
(microtype)             For optimal results, create family-specific settings.
(microtype)             See the microtype manual for details.

Underfull \vbox (badness 5637) has occurred while \output is active []

 [3]
Underfull \vbox (badness 10000) has occurred while \output is active []


Underfull \hbox (badness 2512) in paragraph at lines 244--245
[]\T1/pbk/db/n/10 Qiao Hu, Zheng-jia He, Zhou-suo
 []


Underfull \hbox (badness 10000) in paragraph at lines 246--247
[]\T1/pbk/db/n/10 Jeevanand Sesha-dri-nath, Bhim
 []


Underfull \hbox (badness 2443) in paragraph at lines 246--247
\T1/pbk/db/n/10 Singh e Bi-jaya Ke-tan Pa-ni-grahi
 []


Underfull \hbox (badness 10000) in paragraph at lines 246--247
\T1/pbk/db/n/10 - In-ci-pi-ent In-ter-turn Fault
 []


Underfull \hbox (badness 1515) in paragraph at lines 246--247
\T1/pbk/db/n/10 Using an Analy-tic Wavelet-Based
 []


Underfull \hbox (badness 10000) in paragraph at lines 246--247
\T1/pbk/db/n/10 Op-ti-mi-zed Baye-sian In-fe-rence
 []


Underfull \hbox (badness 5388) in paragraph at lines 246--247
\T1/pbk/db/n/10 - IEEE Tran-sac-ti-ons on Neu-ral
 []


Underfull \hbox (badness 2229) in paragraph at lines 246--247
\T1/pbk/db/n/10 Networks and Le-ar-ning sys-tems,
 []


Underfull \vbox (badness 10000) has occurred while \output is active []

 [4]
Underfull \vbox (badness 10000) has occurred while \output is active []

 [5]
(trab27.aux)

LaTeX Warning: There were undefined references.

 ) 
Here is how much of TeX's memory you used:
 26595 strings out of 493698
 551596 string characters out of 3141115
 692146 words of memory out of 3000000
 29231 multiletter control sequences out of 15000+200000
 108274 words of font info for 233 fonts, out of 3000000 for 9000
 1025 hyphenation exceptions out of 8191
 55i,10n,56p,817b,331s stack positions out of 5000i,500n,10000p,200000b,50000s
{C:/Arquivos de programas/MiKTeX 2.9/fonts/enc/dvips/fontname/8r.enc}{C:/Arqu
ivos de programas/MiKTeX 2.9/fonts/enc/dvips/lm/lm-rm.enc}{C:/Arquivos de progr
amas/MiKTeX 2.9/fonts/enc/dvips/lm/lm-mathsy.enc}{C:/Arquivos de programas/MiKT
eX 2.9/fonts/enc/dvips/lm/lm-mathit.enc}{C:/Arquivos de programas/MiKTeX 2.9/fo
nts/enc/dvips/lm/lm-mathex.enc}<C:/Arquivos de programas/MiKTeX 2.9/fonts/type1
/public/lm/lmex10.pfb><C:/Arquivos de programas/MiKTeX 2.9/fonts/type1/public/l
m/lmmi10.pfb><C:/Arquivos de programas/MiKTeX 2.9/fonts/type1/public/lm/lmmi7.p
fb><C:/Arquivos de programas/MiKTeX 2.9/fonts/type1/public/lm/lmr10.pfb><C:/Arq
uivos de programas/MiKTeX 2.9/fonts/type1/public/lm/lmr7.pfb><C:/Arquivos de pr
ogramas/MiKTeX 2.9/fonts/type1/public/lm/lmsy10.pfb><C:/Arquivos de programas/M
iKTeX 2.9/fonts/type1/public/lm/lmsy7.pfb><C:/Arquivos de programas/MiKTeX 2.9/
fonts/type1/urw/bookman/ubkd8a.pfb><C:/Arquivos de programas/MiKTeX 2.9/fonts/t
ype1/urw/bookman/ubkdi8a.pfb><C:/Arquivos de programas/MiKTeX 2.9/fonts/type1/u
rw/bookman/ubkl8a.pfb><C:/Arquivos de programas/MiKTeX 2.9/fonts/type1/urw/book
man/ubkli8a.pfb><C:/Arquivos de programas/MiKTeX 2.9/fonts/type1/urw/courier/uc
rr8a.pfb><C:/Arquivos de programas/MiKTeX 2.9/fonts/type1/urw/zapfchan/uzcmi8a.
pfb>
Output written on trab27.pdf (5 pages, 159417 bytes).
PDF statistics:
 78 PDF objects out of 1000 (max. 8388607)
 0 named destinations out of 1000 (max. 500000)
 27661 words of extra memory for PDF output out of 29859 (max. 10000000)

