This is pdfTeX, Version 3.14159265-2.6-1.40.15 (MiKTeX 2.9) (preloaded format=pdflatex 2015.4.4)  4 JAN 2016 15:45
entering extended mode
**trab13.tex
(trab13.tex
LaTeX2e <2014/05/01>
Babel <3.9l> and hyphenation patterns for 68 languages loaded.
("C:\Arquivos de programas\MiKTeX 2.9\tex\latex\amscls\amsart.cls"
Document Class: amsart 2009/07/02 v2.20.1
\linespacing=\dimen102
\normalparindent=\dimen103
\normaltopskip=\skip41
("C:\Arquivos de programas\MiKTeX 2.9\tex\latex\amsmath\amsmath.sty"
Package: amsmath 2013/01/14 v2.14 AMS math features
\@mathmargin=\skip42

For additional information on amsmath, use the `?' option.
("C:\Arquivos de programas\MiKTeX 2.9\tex\latex\amsmath\amstext.sty"
Package: amstext 2000/06/29 v2.01

("C:\Arquivos de programas\MiKTeX 2.9\tex\latex\amsmath\amsgen.sty"
File: amsgen.sty 1999/11/30 v2.0
\@emptytoks=\toks14
\ex@=\dimen104
))
("C:\Arquivos de programas\MiKTeX 2.9\tex\latex\amsmath\amsbsy.sty"
Package: amsbsy 1999/11/29 v1.2d
\pmbraise@=\dimen105
)
("C:\Arquivos de programas\MiKTeX 2.9\tex\latex\amsmath\amsopn.sty"
Package: amsopn 1999/12/14 v2.01 operator names
)
\inf@bad=\count79
LaTeX Info: Redefining \frac on input line 210.
\uproot@=\count80
\leftroot@=\count81
LaTeX Info: Redefining \overline on input line 306.
\classnum@=\count82
\DOTSCASE@=\count83
LaTeX Info: Redefining \ldots on input line 378.
LaTeX Info: Redefining \dots on input line 381.
LaTeX Info: Redefining \cdots on input line 466.
\Mathstrutbox@=\box26
\strutbox@=\box27
\big@size=\dimen106
LaTeX Font Info:    Redeclaring font encoding OML on input line 566.
LaTeX Font Info:    Redeclaring font encoding OMS on input line 567.
\macc@depth=\count84
\c@MaxMatrixCols=\count85
\dotsspace@=\muskip10
\c@parentequation=\count86
\dspbrk@lvl=\count87
\tag@help=\toks15
\row@=\count88
\column@=\count89
\maxfields@=\count90
\andhelp@=\toks16
\eqnshift@=\dimen107
\alignsep@=\dimen108
\tagshift@=\dimen109
\tagwidth@=\dimen110
\totwidth@=\dimen111
\lineht@=\dimen112
\@envbody=\toks17
\multlinegap=\skip43
\multlinetaggap=\skip44
\mathdisplay@stack=\toks18
LaTeX Info: Redefining \[ on input line 2665.
LaTeX Info: Redefining \] on input line 2666.
)
LaTeX Font Info:    Try loading font information for U+msa on input line 388.

("C:\Arquivos de programas\MiKTeX 2.9\tex\latex\amsfonts\umsa.fd"
File: umsa.fd 2013/01/14 v3.01 AMS symbols A
)
("C:\Arquivos de programas\MiKTeX 2.9\tex\latex\amsfonts\amsfonts.sty"
Package: amsfonts 2013/01/14 v3.01 Basic AMSFonts support
\symAMSa=\mathgroup4
\symAMSb=\mathgroup5
LaTeX Font Info:    Overwriting math alphabet `\mathfrak' in version `bold'
(Font)                  U/euf/m/n --> U/euf/b/n on input line 106.
)
\copyins=\insert233
\abstractbox=\box28
\listisep=\skip45
\c@part=\count91
\c@section=\count92
\c@subsection=\count93
\c@subsubsection=\count94
\c@paragraph=\count95
\c@subparagraph=\count96
\c@figure=\count97
\c@table=\count98
\abovecaptionskip=\skip46
\belowcaptionskip=\skip47
\captionindent=\dimen113
\thm@style=\toks19
\thm@bodyfont=\toks20
\thm@headfont=\toks21
\thm@notefont=\toks22
\thm@headpunct=\toks23
\thm@preskip=\skip48
\thm@postskip=\skip49
\thm@headsep=\skip50
\dth@everypar=\toks24
)
("C:\Arquivos de programas\MiKTeX 2.9\tex\latex\enumitem\enumitem.sty"
Package: enumitem 2011/09/28 v3.5.2 Customized lists
\enitkv@toks@=\toks25
\labelindent=\skip51
\enit@outerparindent=\dimen114
\enit@toks=\toks26
\enit@inbox=\box29
\enitdp@description=\count99
)
("C:\Documents and Settings\Cliente\Dados de aplicativos\MiKTeX\2.9\tex\latex\x
string\xstring.sty"
("C:\Documents and Settings\Cliente\Dados de aplicativos\MiKTeX\2.9\tex\generic
\xstring\xstring.tex"
\@xs@message=\write3
\integerpart=\count100
\decimalpart=\count101
)
Package: xstring 2013/10/13  v1.7c  String manipulations (C Tellechea)
)
("C:\Arquivos de programas\MiKTeX 2.9\tex\latex\graphics\graphicx.sty"
Package: graphicx 2014/10/28 v1.0g Enhanced LaTeX Graphics (DPC,SPQR)

("C:\Arquivos de programas\MiKTeX 2.9\tex\latex\graphics\keyval.sty"
Package: keyval 2014/10/28 v1.15 key=value parser (DPC)
\KV@toks@=\toks27
)
("C:\Arquivos de programas\MiKTeX 2.9\tex\latex\graphics\graphics.sty"
Package: graphics 2014/10/28 v1.0p Standard LaTeX Graphics (DPC,SPQR)

("C:\Arquivos de programas\MiKTeX 2.9\tex\latex\graphics\trig.sty"
Package: trig 1999/03/16 v1.09 sin cos tan (DPC)
)
("C:\Arquivos de programas\MiKTeX 2.9\tex\latex\00miktex\graphics.cfg"
File: graphics.cfg 2007/01/18 v1.5 graphics configuration of teTeX/TeXLive
)
Package graphics Info: Driver file: pdftex.def on input line 91.

("C:\Arquivos de programas\MiKTeX 2.9\tex\latex\pdftex-def\pdftex.def"
File: pdftex.def 2011/05/27 v0.06d Graphics/color for pdfTeX

("C:\Arquivos de programas\MiKTeX 2.9\tex\generic\oberdiek\infwarerr.sty"
Package: infwarerr 2010/04/08 v1.3 Providing info/warning/error messages (HO)
)
("C:\Arquivos de programas\MiKTeX 2.9\tex\generic\oberdiek\ltxcmds.sty"
Package: ltxcmds 2011/11/09 v1.22 LaTeX kernel commands for general use (HO)
)
\Gread@gobject=\count102
))
\Gin@req@height=\dimen115
\Gin@req@width=\dimen116
)
("C:\Arquivos de programas\MiKTeX 2.9\tex\latex\geometry\geometry.sty"
Package: geometry 2010/09/12 v5.6 Page Geometry

("C:\Arquivos de programas\MiKTeX 2.9\tex\generic\oberdiek\ifpdf.sty"
Package: ifpdf 2011/01/30 v2.3 Provides the ifpdf switch (HO)
Package ifpdf Info: pdfTeX in PDF mode is detected.
)
("C:\Arquivos de programas\MiKTeX 2.9\tex\generic\oberdiek\ifvtex.sty"
Package: ifvtex 2010/03/01 v1.5 Detect VTeX and its facilities (HO)
Package ifvtex Info: VTeX not detected.
)
("C:\Arquivos de programas\MiKTeX 2.9\tex\generic\ifxetex\ifxetex.sty"
Package: ifxetex 2010/09/12 v0.6 Provides ifxetex conditional
)
\Gm@cnth=\count103
\Gm@cntv=\count104
\c@Gm@tempcnt=\count105
\Gm@bindingoffset=\dimen117
\Gm@wd@mp=\dimen118
\Gm@odd@mp=\dimen119
\Gm@even@mp=\dimen120
\Gm@layoutwidth=\dimen121
\Gm@layoutheight=\dimen122
\Gm@layouthoffset=\dimen123
\Gm@layoutvoffset=\dimen124
\Gm@dimlist=\toks28

("C:\Arquivos de programas\MiKTeX 2.9\tex\latex\geometry\geometry.cfg"))
("C:\Arquivos de programas\MiKTeX 2.9\tex\latex\babel\babel.sty"
Package: babel 2014/09/25 3.9l The Babel package

*************************************
* Local config file bblopts.cfg used
*
("C:\Arquivos de programas\MiKTeX 2.9\tex\latex\00miktex\bblopts.cfg"
File: bblopts.cfg 2006/07/31 v1.0 MiKTeX 'babel' configuration
)
("C:\Arquivos de programas\MiKTeX 2.9\tex\latex\babel-portuges\portuges.ldf"
Language: portuges 2008/03/18 v1.2q Portuguese support from the babel system

("C:\Arquivos de programas\MiKTeX 2.9\tex\latex\babel\babel.def"
File: babel.def 2014/09/25 3.9l Babel common definitions
\babel@savecnt=\count106
\U@D=\dimen125
)
Package babel Info: Making " an active character on input line 145.
)
("C:\Arquivos de programas\MiKTeX 2.9\tex\latex\babel-portuges\portuges.ldf"
Language: portuges 2008/03/18 v1.2q Portuguese support from the babel system
\l@brazilian = a dialect from \language\l@portuges 
))
("C:\Arquivos de programas\MiKTeX 2.9\tex\latex\base\inputenc.sty"
Package: inputenc 2014/04/30 v1.2b Input encoding file
\inpenc@prehook=\toks29
\inpenc@posthook=\toks30

("C:\Arquivos de programas\MiKTeX 2.9\tex\latex\base\ansinew.def"
File: ansinew.def 2014/04/30 v1.2b Input encoding file
))
("C:\Arquivos de programas\MiKTeX 2.9\tex\latex\base\fontenc.sty"
Package: fontenc 2005/09/27 v1.99g Standard LaTeX package

("C:\Arquivos de programas\MiKTeX 2.9\tex\latex\base\t1enc.def"
File: t1enc.def 2005/09/27 v1.99g Standard LaTeX file
LaTeX Font Info:    Redeclaring font encoding T1 on input line 43.
))
("C:\Arquivos de programas\MiKTeX 2.9\tex\latex\yfonts\yfonts.sty"
Package: yfonts 2003/01/08 v1.3 (WaS)
)
("C:\Arquivos de programas\MiKTeX 2.9\tex\latex\microtype\microtype.sty"
Package: microtype 2013/05/23 v2.5a Micro-typographical refinements (RS)
\MT@toks=\toks31
\MT@count=\count107
LaTeX Info: Redefining \textls on input line 766.
\MT@outer@kern=\dimen126
LaTeX Info: Redefining \textmicrotypecontext on input line 1285.
\MT@listname@count=\count108

("C:\Arquivos de programas\MiKTeX 2.9\tex\latex\microtype\microtype-pdftex.def"
File: microtype-pdftex.def 2013/05/23 v2.5a Definitions specific to pdftex (RS)

LaTeX Info: Redefining \lsstyle on input line 915.
LaTeX Info: Redefining \lslig on input line 915.
\MT@outer@space=\skip52
)
Package microtype Info: Loading configuration file microtype.cfg.
 ("C:\Arquivos de programas\MiKTeX 2.9\tex\latex\microtype\microtype.cfg"
File: microtype.cfg 2013/05/23 v2.5a microtype main configuration file (RS)
))
("C:\Arquivos de programas\MiKTeX 2.9\tex\latex\fundus-calligra\calligra.sty"
Package: calligra 2012/04/10 v1.9 LaTeX package calligra
)
("C:\Arquivos de programas\MiKTeX 2.9\tex\latex\lm\lmodern.sty"
Package: lmodern 2009/10/30 v1.6 Latin Modern Fonts
LaTeX Font Info:    Overwriting symbol font `operators' in version `normal'
(Font)                  OT1/cmr/m/n --> OT1/lmr/m/n on input line 22.
LaTeX Font Info:    Overwriting symbol font `letters' in version `normal'
(Font)                  OML/cmm/m/it --> OML/lmm/m/it on input line 23.
LaTeX Font Info:    Overwriting symbol font `symbols' in version `normal'
(Font)                  OMS/cmsy/m/n --> OMS/lmsy/m/n on input line 24.
LaTeX Font Info:    Overwriting symbol font `largesymbols' in version `normal'
(Font)                  OMX/cmex/m/n --> OMX/lmex/m/n on input line 25.
LaTeX Font Info:    Overwriting symbol font `operators' in version `bold'
(Font)                  OT1/cmr/bx/n --> OT1/lmr/bx/n on input line 26.
LaTeX Font Info:    Overwriting symbol font `letters' in version `bold'
(Font)                  OML/cmm/b/it --> OML/lmm/b/it on input line 27.
LaTeX Font Info:    Overwriting symbol font `symbols' in version `bold'
(Font)                  OMS/cmsy/b/n --> OMS/lmsy/b/n on input line 28.
LaTeX Font Info:    Overwriting symbol font `largesymbols' in version `bold'
(Font)                  OMX/cmex/m/n --> OMX/lmex/m/n on input line 29.
LaTeX Font Info:    Overwriting math alphabet `\mathbf' in version `normal'
(Font)                  OT1/cmr/bx/n --> OT1/lmr/bx/n on input line 31.
LaTeX Font Info:    Overwriting math alphabet `\mathsf' in version `normal'
(Font)                  OT1/cmss/m/n --> OT1/lmss/m/n on input line 32.
LaTeX Font Info:    Overwriting math alphabet `\mathit' in version `normal'
(Font)                  OT1/cmr/m/it --> OT1/lmr/m/it on input line 33.
LaTeX Font Info:    Overwriting math alphabet `\mathtt' in version `normal'
(Font)                  OT1/cmtt/m/n --> OT1/lmtt/m/n on input line 34.
LaTeX Font Info:    Overwriting math alphabet `\mathbf' in version `bold'
(Font)                  OT1/cmr/bx/n --> OT1/lmr/bx/n on input line 35.
LaTeX Font Info:    Overwriting math alphabet `\mathsf' in version `bold'
(Font)                  OT1/cmss/bx/n --> OT1/lmss/bx/n on input line 36.
LaTeX Font Info:    Overwriting math alphabet `\mathit' in version `bold'
(Font)                  OT1/cmr/bx/it --> OT1/lmr/bx/it on input line 37.
LaTeX Font Info:    Overwriting math alphabet `\mathtt' in version `bold'
(Font)                  OT1/cmtt/m/n --> OT1/lmtt/m/n on input line 38.
)
("C:\Arquivos de programas\MiKTeX 2.9\tex\latex\psnfss\bookman.sty"
Package: bookman 2005/04/12 PSNFSS-v9.2a (SPQR) 
)
("C:\Arquivos de programas\MiKTeX 2.9\tex\latex\psnfss\helvet.sty"
Package: helvet 2005/04/12 PSNFSS-v9.2a (WaS) 
)
("C:\Documents and Settings\Cliente\Dados de aplicativos\MiKTeX\2.9\tex\latex\x
color\xcolor.sty"
Package: xcolor 2007/01/21 v2.11 LaTeX color extensions (UK)

("C:\Arquivos de programas\MiKTeX 2.9\tex\latex\00miktex\color.cfg"
File: color.cfg 2007/01/18 v1.5 color configuration of teTeX/TeXLive
)
Package xcolor Info: Package option `usenames' ignored on input line 216.
Package xcolor Info: Driver file: pdftex.def on input line 225.

("C:\Arquivos de programas\MiKTeX 2.9\tex\latex\colortbl\colortbl.sty"
Package: colortbl 2012/02/13 v1.0a Color table columns (DPC)

("C:\Arquivos de programas\MiKTeX 2.9\tex\latex\tools\array.sty"
Package: array 2014/10/28 v2.4c Tabular extension package (FMi)
\col@sep=\dimen127
\extrarowheight=\dimen128
\NC@list=\toks32
\extratabsurround=\skip53
\backup@length=\skip54
)
\everycr=\toks33
\minrowclearance=\skip55
)
\rownum=\count109
Package xcolor Info: Model `cmy' substituted by `cmy0' on input line 1337.
Package xcolor Info: Model `hsb' substituted by `rgb' on input line 1341.
Package xcolor Info: Model `RGB' extended on input line 1353.
Package xcolor Info: Model `HTML' substituted by `rgb' on input line 1355.
Package xcolor Info: Model `Hsb' substituted by `hsb' on input line 1356.
Package xcolor Info: Model `tHsb' substituted by `hsb' on input line 1357.
Package xcolor Info: Model `HSB' substituted by `hsb' on input line 1358.
Package xcolor Info: Model `Gray' substituted by `gray' on input line 1359.
Package xcolor Info: Model `wave' substituted by `hsb' on input line 1360.

("C:\Arquivos de programas\MiKTeX 2.9\tex\latex\graphics\dvipsnam.def"
File: dvipsnam.def 2014/10/14 v3.0j Driver-dependent file (DPC,SPQR)
)
("C:\Documents and Settings\Cliente\Dados de aplicativos\MiKTeX\2.9\tex\latex\x
color\svgnam.def"
File: svgnam.def 2007/01/21 v2.11 Predefined colors according to SVG 1.1 (UK)
))
("C:\Documents and Settings\Cliente\Dados de aplicativos\MiKTeX\2.9\tex\latex\u
rl\url.sty"
\Urlmuskip=\muskip11
Package: url 2013/09/16  ver 3.4  Verb mode for urls, etc.
)
("C:\Arquivos de programas\MiKTeX 2.9\tex\latex\hyperref\hyperref.sty"
Package: hyperref 2012/11/06 v6.83m Hypertext links for LaTeX

("C:\Arquivos de programas\MiKTeX 2.9\tex\generic\oberdiek\hobsub-hyperref.sty"
Package: hobsub-hyperref 2012/04/25 v1.12 Bundle oberdiek, subset hyperref (HO)

("C:\Arquivos de programas\MiKTeX 2.9\tex\generic\oberdiek\hobsub-generic.sty"
Package: hobsub-generic 2012/04/25 v1.12 Bundle oberdiek, subset generic (HO)
Package: hobsub 2012/04/25 v1.12 Construct package bundles (HO)
Package hobsub Info: Skipping package `infwarerr' (already loaded).
Package hobsub Info: Skipping package `ltxcmds' (already loaded).
Package: ifluatex 2010/03/01 v1.3 Provides the ifluatex switch (HO)
Package ifluatex Info: LuaTeX not detected.
Package hobsub Info: Skipping package `ifvtex' (already loaded).
Package: intcalc 2007/09/27 v1.1 Expandable calculations with integers (HO)
Package hobsub Info: Skipping package `ifpdf' (already loaded).
Package: etexcmds 2011/02/16 v1.5 Avoid name clashes with e-TeX commands (HO)
Package etexcmds Info: Could not find \expanded.
(etexcmds)             That can mean that you are not using pdfTeX 1.50 or
(etexcmds)             that some package has redefined \expanded.
(etexcmds)             In the latter case, load this package earlier.
Package: kvsetkeys 2012/04/25 v1.16 Key value parser (HO)
Package: kvdefinekeys 2011/04/07 v1.3 Define keys (HO)
Package: pdftexcmds 2011/11/29 v0.20 Utility functions of pdfTeX for LuaTeX (HO
)
Package pdftexcmds Info: LuaTeX not detected.
Package pdftexcmds Info: \pdf@primitive is available.
Package pdftexcmds Info: \pdf@ifprimitive is available.
Package pdftexcmds Info: \pdfdraftmode found.
Package: pdfescape 2011/11/25 v1.13 Implements pdfTeX's escape features (HO)
Package: bigintcalc 2012/04/08 v1.3 Expandable calculations on big integers (HO
)
Package: bitset 2011/01/30 v1.1 Handle bit-vector datatype (HO)
Package: uniquecounter 2011/01/30 v1.2 Provide unlimited unique counter (HO)
)
Package hobsub Info: Skipping package `hobsub' (already loaded).
Package: letltxmacro 2010/09/02 v1.4 Let assignment for LaTeX macros (HO)
Package: hopatch 2011/06/24 v1.1 Wrapper for package hooks (HO)
Package: xcolor-patch 2011/01/30 xcolor patch
Package: atveryend 2011/06/30 v1.8 Hooks at the very end of document (HO)
Package atveryend Info: \enddocument detected (standard20110627).
Package: atbegshi 2011/10/05 v1.16 At begin shipout hook (HO)
Package: refcount 2011/10/16 v3.4 Data extraction from label references (HO)
Package: hycolor 2011/01/30 v1.7 Color options for hyperref/bookmark (HO)
) ("C:\Arquivos de programas\MiKTeX 2.9\tex\latex\oberdiek\auxhook.sty"
Package: auxhook 2011/03/04 v1.3 Hooks for auxiliary files (HO)
)
("C:\Arquivos de programas\MiKTeX 2.9\tex\latex\oberdiek\kvoptions.sty"
Package: kvoptions 2011/06/30 v3.11 Key value format for package options (HO)
)
\@linkdim=\dimen129
\Hy@linkcounter=\count110
\Hy@pagecounter=\count111

("C:\Arquivos de programas\MiKTeX 2.9\tex\latex\hyperref\pd1enc.def"
File: pd1enc.def 2012/11/06 v6.83m Hyperref: PDFDocEncoding definition (HO)
)
\Hy@SavedSpaceFactor=\count112

("C:\Arquivos de programas\MiKTeX 2.9\tex\latex\00miktex\hyperref.cfg"
File: hyperref.cfg 2002/06/06 v1.2 hyperref configuration of TeXLive
)
Package hyperref Info: Hyper figures OFF on input line 4443.
Package hyperref Info: Link nesting OFF on input line 4448.
Package hyperref Info: Hyper index ON on input line 4451.
Package hyperref Info: Plain pages OFF on input line 4458.
Package hyperref Info: Backreferencing OFF on input line 4463.
Package hyperref Info: Implicit mode ON; LaTeX internals redefined.
Package hyperref Info: Bookmarks ON on input line 4688.
\c@Hy@tempcnt=\count113
LaTeX Info: Redefining \url on input line 5041.
\XeTeXLinkMargin=\dimen130
\Fld@menulength=\count114
\Field@Width=\dimen131
\Fld@charsize=\dimen132
Package hyperref Info: Hyper figures OFF on input line 6295.
Package hyperref Info: Link nesting OFF on input line 6300.
Package hyperref Info: Hyper index ON on input line 6303.
Package hyperref Info: backreferencing OFF on input line 6310.
Package hyperref Info: Link coloring OFF on input line 6315.
Package hyperref Info: Link coloring with OCG OFF on input line 6320.
Package hyperref Info: PDF/A mode OFF on input line 6325.
LaTeX Info: Redefining \ref on input line 6365.
LaTeX Info: Redefining \pageref on input line 6369.
\Hy@abspage=\count115
\c@Item=\count116
\c@Hfootnote=\count117
)

Package hyperref Message: Driver (autodetected): hpdftex.

("C:\Arquivos de programas\MiKTeX 2.9\tex\latex\hyperref\hpdftex.def"
File: hpdftex.def 2012/11/06 v6.83m Hyperref driver for pdfTeX
\Fld@listcount=\count118
\c@bookmark@seq@number=\count119

("C:\Arquivos de programas\MiKTeX 2.9\tex\latex\oberdiek\rerunfilecheck.sty"
Package: rerunfilecheck 2011/04/15 v1.7 Rerun checks for auxiliary files (HO)
Package uniquecounter Info: New unique counter `rerunfilecheck' on input line 2
82.
)
\Hy@SectionHShift=\skip56
)
("C:\Documents and Settings\Cliente\Dados de aplicativos\MiKTeX\2.9\tex\latex\f
mtcount\fmtcount.sty"
Package: fmtcount 2014/07/18 v3.00

("C:\Arquivos de programas\MiKTeX 2.9\tex\latex\base\ifthen.sty"
Package: ifthen 2014/09/29 v1.1c Standard LaTeX ifthen package (DPC)
)
("C:\Arquivos de programas\MiKTeX 2.9\tex\latex\etoolbox\etoolbox.sty"
Package: etoolbox 2015/03/19 v2.1d e-TeX tools for LaTeX (JAW)

("C:\Arquivos de programas\MiKTeX 2.9\tex\latex\misc\etex.sty"
Package: etex 2015/03/02 v2.1 eTeX basic definition package (PEB,DPC)
\et@xins=\count120
)
\etb@tempcnta=\count121
)
("C:\Documents and Settings\Cliente\Dados de aplicativos\MiKTeX\2.9\tex\latex\f
mtcount\fcprefix.sty"
Package: fcprefix 2012/09/28

("C:\Documents and Settings\Cliente\Dados de aplicativos\MiKTeX\2.9\tex\latex\f
mtcount\fcnumparser.sty"
Package: fcnumparser 2012/09/28
\fc@digit@counter=\count122
))
\c@padzeroesN=\count123
\fc@tmpcatcode=\count124

("C:\Documents and Settings\Cliente\Dados de aplicativos\MiKTeX\2.9\tex\latex\f
mtcount\fc-portuges.def"
File: fc-portuges.def 2014/06/09
)
\@DT@modctr=\count125
\@ordinalctr=\count126
\@orgargctr=\count127
\@strctr=\count128
\@tmpstrctr=\count129
\@DT@loopN=\count130
\@DT@X=\count131
)
("C:\Arquivos de programas\MiKTeX 2.9\tex\latex\sidecap\sidecap.sty"
Package: sidecap 2003/06/06 v1.6f SideCap Package (RN/HjG)
\SC@BOXWD=\dimen133
\SC@CAPWD=\dimen134
\SC@tempdima=\dimen135
\SC@tempdimb=\dimen136
\c@SC@C=\count132
\SC@BOX=\box30
)
("C:\Arquivos de programas\MiKTeX 2.9\tex\latex\float\float.sty"
Package: float 2001/11/08 v1.3d Float enhancements (AL)
\c@float@type=\count133
\float@exts=\toks34
\float@box=\box31
\@float@everytoks=\toks35
\@floatcapt=\box32
)
("C:\Arquivos de programas\MiKTeX 2.9\tex\latex\listings\listings.sty"
\lst@mode=\count134
\lst@gtempboxa=\box33
\lst@token=\toks36
\lst@length=\count135
\lst@currlwidth=\dimen137
\lst@column=\count136
\lst@pos=\count137
\lst@lostspace=\dimen138
\lst@width=\dimen139
\lst@newlines=\count138
\lst@lineno=\count139
\lst@maxwidth=\dimen140

("C:\Arquivos de programas\MiKTeX 2.9\tex\latex\listings\lstmisc.sty"
File: lstmisc.sty 2015/06/04 1.6 (Carsten Heinz)
\c@lstnumber=\count140
\lst@skipnumbers=\count141
\lst@framebox=\box34
)
("C:\Arquivos de programas\MiKTeX 2.9\tex\latex\listings\listings.cfg"
File: listings.cfg 2015/06/04 1.6 listings configuration
))
Package: listings 2015/06/04 1.6 (Carsten Heinz)

("C:\Arquivos de programas\MiKTeX 2.9\tex\latex\matlab-prettifier\matlab-pretti
fier.sty"
Package: matlab-prettifier 2014/06/19 v0.3 A package for prettyprinting Matlab 
source code
 ("C:\Arquivos de programas\MiKTeX 2.9\tex\latex\base\textcomp.sty"
Package: textcomp 2005/09/27 v1.99g Standard LaTeX package
Package textcomp Info: Sub-encoding information:
(textcomp)               5 = only ISO-Adobe without \textcurrency
(textcomp)               4 = 5 + \texteuro
(textcomp)               3 = 4 + \textohm
(textcomp)               2 = 3 + \textestimated + \textcurrency
(textcomp)               1 = TS1 - \textcircled - \t
(textcomp)               0 = TS1 (full)
(textcomp)             Font families with sub-encoding setting implement
(textcomp)             only a restricted character set as indicated.
(textcomp)             Family '?' is the default used for unknown fonts.
(textcomp)             See the documentation for details.
Package textcomp Info: Setting ? sub-encoding to TS1/1 on input line 71.

("C:\Arquivos de programas\MiKTeX 2.9\tex\latex\base\ts1enc.def"
File: ts1enc.def 2001/06/05 v3.0e (jk/car/fm) Standard LaTeX file
)
LaTeX Info: Redefining \oldstylenums on input line 266.
Package textcomp Info: Setting cmr sub-encoding to TS1/0 on input line 281.
Package textcomp Info: Setting cmss sub-encoding to TS1/0 on input line 282.
Package textcomp Info: Setting cmtt sub-encoding to TS1/0 on input line 283.
Package textcomp Info: Setting cmvtt sub-encoding to TS1/0 on input line 284.
Package textcomp Info: Setting cmbr sub-encoding to TS1/0 on input line 285.
Package textcomp Info: Setting cmtl sub-encoding to TS1/0 on input line 286.
Package textcomp Info: Setting ccr sub-encoding to TS1/0 on input line 287.
Package textcomp Info: Setting ptm sub-encoding to TS1/4 on input line 288.
Package textcomp Info: Setting pcr sub-encoding to TS1/4 on input line 289.
Package textcomp Info: Setting phv sub-encoding to TS1/4 on input line 290.
Package textcomp Info: Setting ppl sub-encoding to TS1/3 on input line 291.
Package textcomp Info: Setting pag sub-encoding to TS1/4 on input line 292.
Package textcomp Info: Setting pbk sub-encoding to TS1/4 on input line 293.
Package textcomp Info: Setting pnc sub-encoding to TS1/4 on input line 294.
Package textcomp Info: Setting pzc sub-encoding to TS1/4 on input line 295.
Package textcomp Info: Setting bch sub-encoding to TS1/4 on input line 296.
Package textcomp Info: Setting put sub-encoding to TS1/5 on input line 297.
Package textcomp Info: Setting uag sub-encoding to TS1/5 on input line 298.
Package textcomp Info: Setting ugq sub-encoding to TS1/5 on input line 299.
Package textcomp Info: Setting ul8 sub-encoding to TS1/4 on input line 300.
Package textcomp Info: Setting ul9 sub-encoding to TS1/4 on input line 301.
Package textcomp Info: Setting augie sub-encoding to TS1/5 on input line 302.
Package textcomp Info: Setting dayrom sub-encoding to TS1/3 on input line 303.
Package textcomp Info: Setting dayroms sub-encoding to TS1/3 on input line 304.

Package textcomp Info: Setting pxr sub-encoding to TS1/0 on input line 305.
Package textcomp Info: Setting pxss sub-encoding to TS1/0 on input line 306.
Package textcomp Info: Setting pxtt sub-encoding to TS1/0 on input line 307.
Package textcomp Info: Setting txr sub-encoding to TS1/0 on input line 308.
Package textcomp Info: Setting txss sub-encoding to TS1/0 on input line 309.
Package textcomp Info: Setting txtt sub-encoding to TS1/0 on input line 310.
Package textcomp Info: Setting lmr sub-encoding to TS1/0 on input line 311.
Package textcomp Info: Setting lmdh sub-encoding to TS1/0 on input line 312.
Package textcomp Info: Setting lmss sub-encoding to TS1/0 on input line 313.
Package textcomp Info: Setting lmssq sub-encoding to TS1/0 on input line 314.
Package textcomp Info: Setting lmvtt sub-encoding to TS1/0 on input line 315.
Package textcomp Info: Setting qhv sub-encoding to TS1/0 on input line 316.
Package textcomp Info: Setting qag sub-encoding to TS1/0 on input line 317.
Package textcomp Info: Setting qbk sub-encoding to TS1/0 on input line 318.
Package textcomp Info: Setting qcr sub-encoding to TS1/0 on input line 319.
Package textcomp Info: Setting qcs sub-encoding to TS1/0 on input line 320.
Package textcomp Info: Setting qpl sub-encoding to TS1/0 on input line 321.
Package textcomp Info: Setting qtm sub-encoding to TS1/0 on input line 322.
Package textcomp Info: Setting qzc sub-encoding to TS1/0 on input line 323.
Package textcomp Info: Setting qhvc sub-encoding to TS1/0 on input line 324.
Package textcomp Info: Setting futs sub-encoding to TS1/4 on input line 325.
Package textcomp Info: Setting futx sub-encoding to TS1/4 on input line 326.
Package textcomp Info: Setting futj sub-encoding to TS1/4 on input line 327.
Package textcomp Info: Setting hlh sub-encoding to TS1/3 on input line 328.
Package textcomp Info: Setting hls sub-encoding to TS1/3 on input line 329.
Package textcomp Info: Setting hlst sub-encoding to TS1/3 on input line 330.
Package textcomp Info: Setting hlct sub-encoding to TS1/5 on input line 331.
Package textcomp Info: Setting hlx sub-encoding to TS1/5 on input line 332.
Package textcomp Info: Setting hlce sub-encoding to TS1/5 on input line 333.
Package textcomp Info: Setting hlcn sub-encoding to TS1/5 on input line 334.
Package textcomp Info: Setting hlcw sub-encoding to TS1/5 on input line 335.
Package textcomp Info: Setting hlcf sub-encoding to TS1/5 on input line 336.
Package textcomp Info: Setting pplx sub-encoding to TS1/3 on input line 337.
Package textcomp Info: Setting pplj sub-encoding to TS1/3 on input line 338.
Package textcomp Info: Setting ptmx sub-encoding to TS1/4 on input line 339.
Package textcomp Info: Setting ptmj sub-encoding to TS1/4 on input line 340.
)
\netBracketCount@mlpr=\count142
\blkLvl@mlpr=\count143
\blkLvlAtClassdef@mlpr=\count144
\emHeight@mlpr=\skip57
\jayDepth@mlpr=\skip58
\sectionRuleOffset@mlpr=\skip59
\toks@mlpr=\toks37
)
("C:\Documents and Settings\Cliente\Dados de aplicativos\MiKTeX\2.9\tex\latex\p
gf\frontendlayer\tikz.sty"
("C:\Documents and Settings\Cliente\Dados de aplicativos\MiKTeX\2.9\tex\latex\p
gf\basiclayer\pgf.sty"
("C:\Documents and Settings\Cliente\Dados de aplicativos\MiKTeX\2.9\tex\latex\p
gf\utilities\pgfrcs.sty"
("C:\Documents and Settings\Cliente\Dados de aplicativos\MiKTeX\2.9\tex\generic
\pgf\utilities\pgfutil-common.tex"
\pgfutil@everybye=\toks38
\pgfutil@tempdima=\dimen141
\pgfutil@tempdimb=\dimen142

("C:\Documents and Settings\Cliente\Dados de aplicativos\MiKTeX\2.9\tex\generic
\pgf\utilities\pgfutil-common-lists.tex"))
("C:\Documents and Settings\Cliente\Dados de aplicativos\MiKTeX\2.9\tex\generic
\pgf\utilities\pgfutil-latex.def"
\pgfutil@abb=\box35

("C:\Documents and Settings\Cliente\Dados de aplicativos\MiKTeX\2.9\tex\latex\m
s\everyshi.sty"
Package: everyshi 2001/05/15 v3.00 EveryShipout Package (MS)
))
("C:\Documents and Settings\Cliente\Dados de aplicativos\MiKTeX\2.9\tex\generic
\pgf\utilities\pgfrcs.code.tex"
Package: pgfrcs 2013/12/20 v3.0.0 (rcs-revision 1.28)
))
Package: pgf 2013/12/18 v3.0.0 (rcs-revision 1.14)

("C:\Documents and Settings\Cliente\Dados de aplicativos\MiKTeX\2.9\tex\latex\p
gf\basiclayer\pgfcore.sty"
("C:\Documents and Settings\Cliente\Dados de aplicativos\MiKTeX\2.9\tex\latex\p
gf\systemlayer\pgfsys.sty"
("C:\Documents and Settings\Cliente\Dados de aplicativos\MiKTeX\2.9\tex\generic
\pgf\systemlayer\pgfsys.code.tex"
Package: pgfsys 2013/11/30 v3.0.0 (rcs-revision 1.47)

("C:\Documents and Settings\Cliente\Dados de aplicativos\MiKTeX\2.9\tex\generic
\pgf\utilities\pgfkeys.code.tex"
\pgfkeys@pathtoks=\toks39
\pgfkeys@temptoks=\toks40

("C:\Documents and Settings\Cliente\Dados de aplicativos\MiKTeX\2.9\tex\generic
\pgf\utilities\pgfkeysfiltered.code.tex"
\pgfkeys@tmptoks=\toks41
))
\pgf@x=\dimen143
\pgf@y=\dimen144
\pgf@xa=\dimen145
\pgf@ya=\dimen146
\pgf@xb=\dimen147
\pgf@yb=\dimen148
\pgf@xc=\dimen149
\pgf@yc=\dimen150
\w@pgf@writea=\write4
\r@pgf@reada=\read1
\c@pgf@counta=\count145
\c@pgf@countb=\count146
\c@pgf@countc=\count147
\c@pgf@countd=\count148
\t@pgf@toka=\toks42
\t@pgf@tokb=\toks43
\t@pgf@tokc=\toks44

("C:\Documents and Settings\Cliente\Dados de aplicativos\MiKTeX\2.9\tex\generic
\pgf\systemlayer\pgf.cfg"
File: pgf.cfg 2008/05/14  (rcs-revision 1.7)
)
Driver file for pgf: pgfsys-pdftex.def

("C:\Documents and Settings\Cliente\Dados de aplicativos\MiKTeX\2.9\tex\generic
\pgf\systemlayer\pgfsys-pdftex.def"
File: pgfsys-pdftex.def 2013/07/18  (rcs-revision 1.33)

("C:\Documents and Settings\Cliente\Dados de aplicativos\MiKTeX\2.9\tex\generic
\pgf\systemlayer\pgfsys-common-pdf.def"
File: pgfsys-common-pdf.def 2013/10/10  (rcs-revision 1.13)
)))
("C:\Documents and Settings\Cliente\Dados de aplicativos\MiKTeX\2.9\tex\generic
\pgf\systemlayer\pgfsyssoftpath.code.tex"
File: pgfsyssoftpath.code.tex 2013/09/09  (rcs-revision 1.9)
\pgfsyssoftpath@smallbuffer@items=\count149
\pgfsyssoftpath@bigbuffer@items=\count150
)
("C:\Documents and Settings\Cliente\Dados de aplicativos\MiKTeX\2.9\tex\generic
\pgf\systemlayer\pgfsysprotocol.code.tex"
File: pgfsysprotocol.code.tex 2006/10/16  (rcs-revision 1.4)
))
("C:\Documents and Settings\Cliente\Dados de aplicativos\MiKTeX\2.9\tex\generic
\pgf\basiclayer\pgfcore.code.tex"
Package: pgfcore 2010/04/11 v3.0.0 (rcs-revision 1.7)

("C:\Documents and Settings\Cliente\Dados de aplicativos\MiKTeX\2.9\tex\generic
\pgf\math\pgfmath.code.tex"
("C:\Documents and Settings\Cliente\Dados de aplicativos\MiKTeX\2.9\tex\generic
\pgf\math\pgfmathcalc.code.tex"
("C:\Documents and Settings\Cliente\Dados de aplicativos\MiKTeX\2.9\tex\generic
\pgf\math\pgfmathutil.code.tex")
("C:\Documents and Settings\Cliente\Dados de aplicativos\MiKTeX\2.9\tex\generic
\pgf\math\pgfmathparser.code.tex"
\pgfmath@dimen=\dimen151
\pgfmath@count=\count151
\pgfmath@box=\box36
\pgfmath@toks=\toks45
\pgfmath@stack@operand=\toks46
\pgfmath@stack@operation=\toks47
)
("C:\Documents and Settings\Cliente\Dados de aplicativos\MiKTeX\2.9\tex\generic
\pgf\math\pgfmathfunctions.code.tex"
("C:\Documents and Settings\Cliente\Dados de aplicativos\MiKTeX\2.9\tex\generic
\pgf\math\pgfmathfunctions.basic.code.tex")
("C:\Documents and Settings\Cliente\Dados de aplicativos\MiKTeX\2.9\tex\generic
\pgf\math\pgfmathfunctions.trigonometric.code.tex")
("C:\Documents and Settings\Cliente\Dados de aplicativos\MiKTeX\2.9\tex\generic
\pgf\math\pgfmathfunctions.random.code.tex")
("C:\Documents and Settings\Cliente\Dados de aplicativos\MiKTeX\2.9\tex\generic
\pgf\math\pgfmathfunctions.comparison.code.tex")
("C:\Documents and Settings\Cliente\Dados de aplicativos\MiKTeX\2.9\tex\generic
\pgf\math\pgfmathfunctions.base.code.tex")
("C:\Documents and Settings\Cliente\Dados de aplicativos\MiKTeX\2.9\tex\generic
\pgf\math\pgfmathfunctions.round.code.tex")
("C:\Documents and Settings\Cliente\Dados de aplicativos\MiKTeX\2.9\tex\generic
\pgf\math\pgfmathfunctions.misc.code.tex")
("C:\Documents and Settings\Cliente\Dados de aplicativos\MiKTeX\2.9\tex\generic
\pgf\math\pgfmathfunctions.integerarithmetics.code.tex")))
("C:\Documents and Settings\Cliente\Dados de aplicativos\MiKTeX\2.9\tex\generic
\pgf\math\pgfmathfloat.code.tex"
\c@pgfmathroundto@lastzeros=\count152
))
("C:\Documents and Settings\Cliente\Dados de aplicativos\MiKTeX\2.9\tex\generic
\pgf\basiclayer\pgfcorepoints.code.tex"
File: pgfcorepoints.code.tex 2013/10/07  (rcs-revision 1.27)
\pgf@picminx=\dimen152
\pgf@picmaxx=\dimen153
\pgf@picminy=\dimen154
\pgf@picmaxy=\dimen155
\pgf@pathminx=\dimen156
\pgf@pathmaxx=\dimen157
\pgf@pathminy=\dimen158
\pgf@pathmaxy=\dimen159
\pgf@xx=\dimen160
\pgf@xy=\dimen161
\pgf@yx=\dimen162
\pgf@yy=\dimen163
\pgf@zx=\dimen164
\pgf@zy=\dimen165
)
("C:\Documents and Settings\Cliente\Dados de aplicativos\MiKTeX\2.9\tex\generic
\pgf\basiclayer\pgfcorepathconstruct.code.tex"
File: pgfcorepathconstruct.code.tex 2013/10/07  (rcs-revision 1.29)
\pgf@path@lastx=\dimen166
\pgf@path@lasty=\dimen167
)
("C:\Documents and Settings\Cliente\Dados de aplicativos\MiKTeX\2.9\tex\generic
\pgf\basiclayer\pgfcorepathusage.code.tex"
File: pgfcorepathusage.code.tex 2013/12/13  (rcs-revision 1.23)
\pgf@shorten@end@additional=\dimen168
\pgf@shorten@start@additional=\dimen169
)
("C:\Documents and Settings\Cliente\Dados de aplicativos\MiKTeX\2.9\tex\generic
\pgf\basiclayer\pgfcorescopes.code.tex"
File: pgfcorescopes.code.tex 2013/10/09  (rcs-revision 1.44)
\pgfpic=\box37
\pgf@hbox=\box38
\pgf@layerbox@main=\box39
\pgf@picture@serial@count=\count153
)
("C:\Documents and Settings\Cliente\Dados de aplicativos\MiKTeX\2.9\tex\generic
\pgf\basiclayer\pgfcoregraphicstate.code.tex"
File: pgfcoregraphicstate.code.tex 2013/09/19  (rcs-revision 1.11)
\pgflinewidth=\dimen170
)
("C:\Documents and Settings\Cliente\Dados de aplicativos\MiKTeX\2.9\tex\generic
\pgf\basiclayer\pgfcoretransformations.code.tex"
File: pgfcoretransformations.code.tex 2013/10/10  (rcs-revision 1.17)
\pgf@pt@x=\dimen171
\pgf@pt@y=\dimen172
\pgf@pt@temp=\dimen173
)
("C:\Documents and Settings\Cliente\Dados de aplicativos\MiKTeX\2.9\tex\generic
\pgf\basiclayer\pgfcorequick.code.tex"
File: pgfcorequick.code.tex 2008/10/09  (rcs-revision 1.3)
)
("C:\Documents and Settings\Cliente\Dados de aplicativos\MiKTeX\2.9\tex\generic
\pgf\basiclayer\pgfcoreobjects.code.tex"
File: pgfcoreobjects.code.tex 2006/10/11  (rcs-revision 1.2)
)
("C:\Documents and Settings\Cliente\Dados de aplicativos\MiKTeX\2.9\tex\generic
\pgf\basiclayer\pgfcorepathprocessing.code.tex"
File: pgfcorepathprocessing.code.tex 2013/09/09  (rcs-revision 1.9)
)
("C:\Documents and Settings\Cliente\Dados de aplicativos\MiKTeX\2.9\tex\generic
\pgf\basiclayer\pgfcorearrows.code.tex"
File: pgfcorearrows.code.tex 2013/11/07  (rcs-revision 1.40)
\pgfarrowsep=\dimen174
)
("C:\Documents and Settings\Cliente\Dados de aplicativos\MiKTeX\2.9\tex\generic
\pgf\basiclayer\pgfcoreshade.code.tex"
File: pgfcoreshade.code.tex 2013/07/15  (rcs-revision 1.15)
\pgf@max=\dimen175
\pgf@sys@shading@range@num=\count154
)
("C:\Documents and Settings\Cliente\Dados de aplicativos\MiKTeX\2.9\tex\generic
\pgf\basiclayer\pgfcoreimage.code.tex"
File: pgfcoreimage.code.tex 2013/07/15  (rcs-revision 1.18)

("C:\Documents and Settings\Cliente\Dados de aplicativos\MiKTeX\2.9\tex\generic
\pgf\basiclayer\pgfcoreexternal.code.tex"
File: pgfcoreexternal.code.tex 2013/07/15  (rcs-revision 1.20)
\pgfexternal@startupbox=\box40
))
("C:\Documents and Settings\Cliente\Dados de aplicativos\MiKTeX\2.9\tex\generic
\pgf\basiclayer\pgfcorelayers.code.tex"
File: pgfcorelayers.code.tex 2013/07/18  (rcs-revision 1.7)
)
("C:\Documents and Settings\Cliente\Dados de aplicativos\MiKTeX\2.9\tex\generic
\pgf\basiclayer\pgfcoretransparency.code.tex"
File: pgfcoretransparency.code.tex 2013/09/30  (rcs-revision 1.5)
)
("C:\Documents and Settings\Cliente\Dados de aplicativos\MiKTeX\2.9\tex\generic
\pgf\basiclayer\pgfcorepatterns.code.tex"
File: pgfcorepatterns.code.tex 2013/11/07  (rcs-revision 1.5)
)))
("C:\Documents and Settings\Cliente\Dados de aplicativos\MiKTeX\2.9\tex\generic
\pgf\modules\pgfmoduleshapes.code.tex"
File: pgfmoduleshapes.code.tex 2013/10/31  (rcs-revision 1.34)
\pgfnodeparttextbox=\box41
)
("C:\Documents and Settings\Cliente\Dados de aplicativos\MiKTeX\2.9\tex\generic
\pgf\modules\pgfmoduleplot.code.tex"
File: pgfmoduleplot.code.tex 2013/07/31  (rcs-revision 1.12)
)
("C:\Documents and Settings\Cliente\Dados de aplicativos\MiKTeX\2.9\tex\latex\p
gf\compatibility\pgfcomp-version-0-65.sty"
Package: pgfcomp-version-0-65 2007/07/03 v3.0.0 (rcs-revision 1.7)
\pgf@nodesepstart=\dimen176
\pgf@nodesepend=\dimen177
)
("C:\Documents and Settings\Cliente\Dados de aplicativos\MiKTeX\2.9\tex\latex\p
gf\compatibility\pgfcomp-version-1-18.sty"
Package: pgfcomp-version-1-18 2007/07/23 v3.0.0 (rcs-revision 1.1)
))
("C:\Documents and Settings\Cliente\Dados de aplicativos\MiKTeX\2.9\tex\latex\p
gf\utilities\pgffor.sty"
("C:\Documents and Settings\Cliente\Dados de aplicativos\MiKTeX\2.9\tex\latex\p
gf\utilities\pgfkeys.sty"
("C:\Documents and Settings\Cliente\Dados de aplicativos\MiKTeX\2.9\tex\generic
\pgf\utilities\pgfkeys.code.tex"))
("C:\Documents and Settings\Cliente\Dados de aplicativos\MiKTeX\2.9\tex\latex\p
gf\math\pgfmath.sty"
("C:\Documents and Settings\Cliente\Dados de aplicativos\MiKTeX\2.9\tex\generic
\pgf\math\pgfmath.code.tex"))
("C:\Documents and Settings\Cliente\Dados de aplicativos\MiKTeX\2.9\tex\generic
\pgf\utilities\pgffor.code.tex"
Package: pgffor 2013/12/13 v3.0.0 (rcs-revision 1.25)

("C:\Documents and Settings\Cliente\Dados de aplicativos\MiKTeX\2.9\tex\generic
\pgf\math\pgfmath.code.tex")
\pgffor@iter=\dimen178
\pgffor@skip=\dimen179
\pgffor@stack=\toks48
\pgffor@toks=\toks49
))
("C:\Documents and Settings\Cliente\Dados de aplicativos\MiKTeX\2.9\tex\generic
\pgf\frontendlayer\tikz\tikz.code.tex"
Package: tikz 2013/12/13 v3.0.0 (rcs-revision 1.142)

("C:\Documents and Settings\Cliente\Dados de aplicativos\MiKTeX\2.9\tex\generic
\pgf\libraries\pgflibraryplothandlers.code.tex"
File: pgflibraryplothandlers.code.tex 2013/08/31 v3.0.0 (rcs-revision 1.20)
\pgf@plot@mark@count=\count155
\pgfplotmarksize=\dimen180
)
\tikz@lastx=\dimen181
\tikz@lasty=\dimen182
\tikz@lastxsaved=\dimen183
\tikz@lastysaved=\dimen184
\tikzleveldistance=\dimen185
\tikzsiblingdistance=\dimen186
\tikz@figbox=\box42
\tikz@figbox@bg=\box43
\tikz@tempbox=\box44
\tikz@tempbox@bg=\box45
\tikztreelevel=\count156
\tikznumberofchildren=\count157
\tikznumberofcurrentchild=\count158
\tikz@fig@count=\count159

("C:\Documents and Settings\Cliente\Dados de aplicativos\MiKTeX\2.9\tex\generic
\pgf\modules\pgfmodulematrix.code.tex"
File: pgfmodulematrix.code.tex 2013/09/17  (rcs-revision 1.8)
\pgfmatrixcurrentrow=\count160
\pgfmatrixcurrentcolumn=\count161
\pgf@matrix@numberofcolumns=\count162
)
\tikz@expandcount=\count163

("C:\Documents and Settings\Cliente\Dados de aplicativos\MiKTeX\2.9\tex\generic
\pgf\frontendlayer\tikz\libraries\tikzlibrarytopaths.code.tex"
File: tikzlibrarytopaths.code.tex 2008/06/17 v3.0.0 (rcs-revision 1.2)
)))
("C:\Arquivos de programas\MiKTeX 2.9\tex\latex\tikz-3dplot\tikz-3dplot.sty"
("C:\Documents and Settings\Cliente\Dados de aplicativos\MiKTeX\2.9\tex\generic
\pgf\frontendlayer\tikz\libraries\tikzlibrarycalc.code.tex"
File: tikzlibrarycalc.code.tex 2013/07/15 v3.0.0 (rcs-revision 1.9)
)
("C:\Documents and Settings\Cliente\Dados de aplicativos\MiKTeX\2.9\tex\generic
\pgf\frontendlayer\tikz\libraries\tikzlibrary3d.code.tex"
File: tikzlibrary3d.code.tex 2013/07/17 v3.0.0 (rcs-revision 1.2)
)
("C:\Documents and Settings\Cliente\Dados de aplicativos\MiKTeX\2.9\tex\generic
\pgf\frontendlayer\tikz\libraries\tikzlibraryarrows.code.tex"
File: tikzlibraryarrows.code.tex 2008/01/09 v3.0.0 (rcs-revision 1.1)

("C:\Documents and Settings\Cliente\Dados de aplicativos\MiKTeX\2.9\tex\generic
\pgf\libraries\pgflibraryarrows.code.tex"
File: pgflibraryarrows.code.tex 2013/09/23 v3.0.0 (rcs-revision 1.16)
\arrowsize=\dimen187
)))
("C:\Arquivos de programas\MiKTeX 2.9\tex\latex\pgfplots\pgfplots.sty"
("C:\Arquivos de programas\MiKTeX 2.9\tex\generic\pgfplots\pgfplots.revision.te
x")
Package: pgfplots 2015/05/02 v1.12.1 Data Visualization (1.12.1)
 ("C:\Arquivos de programas\MiKTeX 2.9\tex\generic\pgfplots\pgfplots.code.tex"
("C:\Arquivos de programas\MiKTeX 2.9\tex\generic\pgfplots\pgfplotscore.code.te
x"
\t@pgfplots@toka=\toks50
\t@pgfplots@tokb=\toks51
\t@pgfplots@tokc=\toks52
\pgfplots@tmpa=\dimen188
\c@pgfplots@coordindex=\count164
\c@pgfplots@scanlineindex=\count165

("C:\Arquivos de programas\MiKTeX 2.9\tex\generic\pgfplots\sys\pgfplotssysgener
ic.code.tex"))
("C:\Arquivos de programas\MiKTeX 2.9\tex\generic\pgfplots\libs\pgfplotslibrary
.code.tex")
("C:\Arquivos de programas\MiKTeX 2.9\tex\generic\pgfplots\oldpgfcompatib\pgfpl
otsoldpgfsupp_loader.code.tex"
("C:\Documents and Settings\Cliente\Dados de aplicativos\MiKTeX\2.9\tex\generic
\pgf\libraries\pgflibraryfpu.code.tex")
Package pgfplots: loading complementary arithmetics for your pgf version...

("C:\Arquivos de programas\MiKTeX 2.9\tex\generic\pgfplots\oldpgfcompatib\pgfpl
otsoldpgfsupp_pgflibraryfpu.code.tex")
("C:\Arquivos de programas\MiKTeX 2.9\tex\generic\pgfplots\oldpgfcompatib\pgfpl
otsoldpgfsupp_pgfmathfloat.code.tex"
\c@pgfmathroundto@lastzeros=\count166
)
("C:\Arquivos de programas\MiKTeX 2.9\tex\generic\pgfplots\oldpgfcompatib\pgfpl
otsoldpgfsupp_trig_format.code.tex"))
("C:\Arquivos de programas\MiKTeX 2.9\tex\generic\pgfplots\util\pgfplotsutil.co
de.tex"
("C:\Arquivos de programas\MiKTeX 2.9\tex\generic\pgfplots\liststructure\pgfplo
tsliststructure.code.tex")
("C:\Arquivos de programas\MiKTeX 2.9\tex\generic\pgfplots\liststructure\pgfplo
tsliststructureext.code.tex")
("C:\Arquivos de programas\MiKTeX 2.9\tex\generic\pgfplots\liststructure\pgfplo
tsarray.code.tex"
\c@pgfplotsarray@tmp=\count167
)
("C:\Arquivos de programas\MiKTeX 2.9\tex\generic\pgfplots\liststructure\pgfplo
tsmatrix.code.tex")
("C:\Arquivos de programas\MiKTeX 2.9\tex\generic\pgfplots\numtable\pgfplotstab
leshared.code.tex"
\c@pgfplotstable@counta=\count168
\t@pgfplotstable@a=\toks53
)
("C:\Arquivos de programas\MiKTeX 2.9\tex\generic\pgfplots\liststructure\pgfplo
tsdeque.code.tex")
("C:\Arquivos de programas\MiKTeX 2.9\tex\generic\pgfplots\util\pgfplotsbinary.
code.tex"
("C:\Arquivos de programas\MiKTeX 2.9\tex\generic\pgfplots\util\pgfplotsbinary.
data.code.tex"))
("C:\Arquivos de programas\MiKTeX 2.9\tex\generic\pgfplots\util\pgfplotsutil.ve
rb.code.tex")
("C:\Arquivos de programas\MiKTeX 2.9\tex\generic\pgfplots\libs\pgflibrarypgfpl
ots.surfshading.code.tex"
\c@pgfplotslibrarysurf@no=\count169

("C:\Arquivos de programas\MiKTeX 2.9\tex\generic\pgfplots\sys\pgflibrarypgfplo
ts.surfshading.pgfsys-pdftex.def")))
("C:\Arquivos de programas\MiKTeX 2.9\tex\generic\pgfplots\util\pgfplotscolorma
p.code.tex"
("C:\Arquivos de programas\MiKTeX 2.9\tex\generic\pgfplots\util\pgfplotscolor.c
ode.tex"))
("C:\Arquivos de programas\MiKTeX 2.9\tex\generic\pgfplots\pgfplotsstackedplots
.code.tex")
("C:\Arquivos de programas\MiKTeX 2.9\tex\generic\pgfplots\pgfplotsplothandlers
.code.tex"
("C:\Arquivos de programas\MiKTeX 2.9\tex\generic\pgfplots\pgfplotsmeshplothand
ler.code.tex"))
("C:\Arquivos de programas\MiKTeX 2.9\tex\generic\pgfplots\pgfplots.scaling.cod
e.tex")
("C:\Arquivos de programas\MiKTeX 2.9\tex\generic\pgfplots\pgfplotscoordprocess
ing.code.tex")
("C:\Arquivos de programas\MiKTeX 2.9\tex\generic\pgfplots\pgfplots.errorbars.c
ode.tex")
("C:\Arquivos de programas\MiKTeX 2.9\tex\generic\pgfplots\pgfplots.markers.cod
e.tex")
("C:\Arquivos de programas\MiKTeX 2.9\tex\generic\pgfplots\pgfplotsticks.code.t
ex")
("C:\Arquivos de programas\MiKTeX 2.9\tex\generic\pgfplots\pgfplots.paths.code.
tex")
("C:\Documents and Settings\Cliente\Dados de aplicativos\MiKTeX\2.9\tex\generic
\pgf\frontendlayer\tikz\libraries\tikzlibrarydecorations.code.tex"
("C:\Documents and Settings\Cliente\Dados de aplicativos\MiKTeX\2.9\tex\generic
\pgf\modules\pgfmoduledecorations.code.tex"
\pgfdecoratedcompleteddistance=\dimen189
\pgfdecoratedremainingdistance=\dimen190
\pgfdecoratedinputsegmentcompleteddistance=\dimen191
\pgfdecoratedinputsegmentremainingdistance=\dimen192
\pgf@decorate@distancetomove=\dimen193
\pgf@decorate@repeatstate=\count170
\pgfdecorationsegmentamplitude=\dimen194
\pgfdecorationsegmentlength=\dimen195
)
\tikz@lib@dec@box=\box46
)
("C:\Documents and Settings\Cliente\Dados de aplicativos\MiKTeX\2.9\tex\generic
\pgf\frontendlayer\tikz\libraries\tikzlibrarydecorations.pathmorphing.code.tex"

("C:\Documents and Settings\Cliente\Dados de aplicativos\MiKTeX\2.9\tex\generic
\pgf\libraries\decorations\pgflibrarydecorations.pathmorphing.code.tex"))
("C:\Documents and Settings\Cliente\Dados de aplicativos\MiKTeX\2.9\tex\generic
\pgf\frontendlayer\tikz\libraries\tikzlibrarydecorations.pathreplacing.code.tex
"
("C:\Documents and Settings\Cliente\Dados de aplicativos\MiKTeX\2.9\tex\generic
\pgf\libraries\decorations\pgflibrarydecorations.pathreplacing.code.tex"))
\pgfplots@numplots=\count171
\pgfplots@xmin@reg=\dimen196
\pgfplots@xmax@reg=\dimen197
\pgfplots@ymin@reg=\dimen198
\pgfplots@ymax@reg=\dimen199
\pgfplots@zmin@reg=\dimen200
\pgfplots@zmax@reg=\dimen201
)
("C:\Documents and Settings\Cliente\Dados de aplicativos\MiKTeX\2.9\tex\generic
\pgf\frontendlayer\tikz\libraries\tikzlibraryplotmarks.code.tex"
File: tikzlibraryplotmarks.code.tex 2008/01/09 v3.0.0 (rcs-revision 1.1)

("C:\Documents and Settings\Cliente\Dados de aplicativos\MiKTeX\2.9\tex\generic
\pgf\libraries\pgflibraryplotmarks.code.tex"
File: pgflibraryplotmarks.code.tex 2013/07/20 v3.0.0 (rcs-revision 1.13)
)))
("C:\Documents and Settings\Cliente\Dados de aplicativos\MiKTeX\2.9\tex\generic
\pgf\frontendlayer\tikz\libraries\tikzlibraryfadings.code.tex"
File: tikzlibraryfadings.code.tex 2009/11/15 v3.0.0 (rcs-revision 1.2)

("C:\Documents and Settings\Cliente\Dados de aplicativos\MiKTeX\2.9\tex\generic
\pgf\libraries\pgflibraryfadings.code.tex"
File: pgflibraryfadings.code.tex 2008/02/07 v3.0.0 (rcs-revision 1.3)
))
("C:\Documents and Settings\Cliente\Dados de aplicativos\MiKTeX\2.9\tex\generic
\pgf\frontendlayer\tikz\libraries\tikzlibrarypositioning.code.tex"
File: tikzlibrarypositioning.code.tex 2008/10/06 v3.0.0 (rcs-revision 1.7)
)
("C:\Arquivos de programas\MiKTeX 2.9\tex\latex\amsfonts\amssymb.sty"
Package: amssymb 2013/01/14 v3.01 AMS font symbols
)
("C:\Arquivos de programas\MiKTeX 2.9\tex\latex\wasysym\wasysym.sty"
Package: wasysym 2003/10/30 v2.0 Wasy-2 symbol support package
\symwasy=\mathgroup6
LaTeX Font Info:    Overwriting symbol font `wasy' in version `bold'
(Font)                  U/wasy/m/n --> U/wasy/b/n on input line 90.
)
("C:\Arquivos de programas\MiKTeX 2.9\tex\latex\mathtools\mathtools.sty"
Package: mathtools 2015/06/17 v1.17 mathematical typesetting tools

("C:\Arquivos de programas\MiKTeX 2.9\tex\latex\tools\calc.sty"
Package: calc 2014/10/28 v4.3 Infix arithmetic (KKT,FJ)
\calc@Acount=\count172
\calc@Bcount=\count173
\calc@Adimen=\dimen202
\calc@Bdimen=\dimen203
\calc@Askip=\skip60
\calc@Bskip=\skip61
LaTeX Info: Redefining \setlength on input line 75.
LaTeX Info: Redefining \addtolength on input line 76.
\calc@Ccount=\count174
\calc@Cskip=\skip62
)
("C:\Arquivos de programas\MiKTeX 2.9\tex\latex\mathtools\mhsetup.sty"
Package: mhsetup 2010/01/21 v1.2a programming setup (MH)
)
LaTeX Info: Thecontrolsequence`\['isalreadyrobust on input line 129.
LaTeX Info: Thecontrolsequence`\]'isalreadyrobust on input line 129.
\g_MT_multlinerow_int=\count175
\l_MT_multwidth_dim=\dimen204
\origjot=\skip63
\l_MT_shortvdotswithinadjustabove_dim=\dimen205
\l_MT_shortvdotswithinadjustbelow_dim=\dimen206
\l_MT_above_intertext_sep=\dimen207
\l_MT_below_intertext_sep=\dimen208
\l_MT_above_shortintertext_sep=\dimen209
\l_MT_below_shortintertext_sep=\dimen210
)
("C:\Arquivos de programas\MiKTeX 2.9\tex\latex\bbm\bbm.sty"
Package: bbm 1999/03/15 V 1.2 provides fonts for set symbols - TH
LaTeX Font Info:    Overwriting math alphabet `\mathbbm' in version `bold'
(Font)                  U/bbm/m/n --> U/bbm/bx/n on input line 33.
LaTeX Font Info:    Overwriting math alphabet `\mathbbmss' in version `bold'
(Font)                  U/bbmss/m/n --> U/bbmss/bx/n on input line 35.
)
("C:\Arquivos de programas\MiKTeX 2.9\tex\latex\mbboard\mbboard.sty"
\symmbb=\mathgroup7
LaTeX Font Info:    Redeclaring symbol font `mbb' on input line 21.
LaTeX Font Info:    Overwriting symbol font `mbb' in version `normal'
(Font)                  OT1/mbb/m/n --> OT1/mbb/bx/n on input line 21.
LaTeX Font Info:    Overwriting symbol font `mbb' in version `bold'
(Font)                  OT1/mbb/m/n --> OT1/mbb/bx/n on input line 21.

("C:\Arquivos de programas\MiKTeX 2.9\tex\latex\mbboard\mbboard.dcl"
LaTeX Font Info:    Redeclaring math symbol \Bbbk on input line 13.
))
("C:\Arquivos de programas\MiKTeX 2.9\tex\latex\boolexpr\boolexpr.sty"
Package: boolexpr 2010/04/15 v3.14 Purely expandable boolean expressions and sw
itch (eTeX)


Package boolexpr Warning: \ifboolexpr has been defined before
(boolexpr)                by etoolbox (I suppose) - Overwritting on input line 
125.

)
No file trab13.aux.
LaTeX Font Info:    Checking defaults for OML/cmm/m/it on input line 523.
LaTeX Font Info:    ... okay on input line 523.
LaTeX Font Info:    Checking defaults for T1/cmr/m/n on input line 523.
LaTeX Font Info:    ... okay on input line 523.
LaTeX Font Info:    Checking defaults for OT1/mbb/m/n on input line 523.
LaTeX Font Info:    ... okay on input line 523.
LaTeX Font Info:    Checking defaults for OMS/cmsy/m/n on input line 523.
LaTeX Font Info:    ... okay on input line 523.
LaTeX Font Info:    Checking defaults for OMX/cmex/m/n on input line 523.
LaTeX Font Info:    ... okay on input line 523.
LaTeX Font Info:    Checking defaults for U/cmr/m/n on input line 523.
LaTeX Font Info:    ... okay on input line 523.
LaTeX Font Info:    Checking defaults for LY/yfrak/m/n on input line 523.
LaTeX Font Info:    ... okay on input line 523.
LaTeX Font Info:    Checking defaults for LYG/ygoth/m/n on input line 523.
LaTeX Font Info:    ... okay on input line 523.
LaTeX Font Info:    Checking defaults for PD1/pdf/m/n on input line 523.
LaTeX Font Info:    ... okay on input line 523.
LaTeX Font Info:    Checking defaults for TS1/cmr/m/n on input line 523.
LaTeX Font Info:    Try loading font information for TS1+cmr on input line 523.

("C:\Arquivos de programas\MiKTeX 2.9\tex\latex\base\ts1cmr.fd"
File: ts1cmr.fd 2014/09/29 v2.5h Standard LaTeX font definitions
)
LaTeX Font Info:    ... okay on input line 523.
LaTeX Font Info:    Try loading font information for T1+pbk on input line 523.

("C:\Arquivos de programas\MiKTeX 2.9\tex\latex\psnfss\t1pbk.fd"
File: t1pbk.fd 2001/06/04 font definitions for T1/pbk.
)
LaTeX Font Info:    Font shape `T1/pbk/m/n' in size <12> not available
(Font)              Font shape `T1/pbk/l/n' tried instead on input line 523.
LaTeX Font Info:    Font shape `T1/pbk/m/n' in size <10> not available
(Font)              Font shape `T1/pbk/l/n' tried instead on input line 523.
LaTeX Font Info:    Try loading font information for OT1+lmr on input line 523.


("C:\Arquivos de programas\MiKTeX 2.9\tex\latex\lm\ot1lmr.fd"
File: ot1lmr.fd 2009/10/30 v1.6 Font defs for Latin Modern
)
LaTeX Font Info:    Try loading font information for OML+lmm on input line 523.


("C:\Arquivos de programas\MiKTeX 2.9\tex\latex\lm\omllmm.fd"
File: omllmm.fd 2009/10/30 v1.6 Font defs for Latin Modern
)
LaTeX Font Info:    Try loading font information for OMS+lmsy on input line 523
.

("C:\Arquivos de programas\MiKTeX 2.9\tex\latex\lm\omslmsy.fd"
File: omslmsy.fd 2009/10/30 v1.6 Font defs for Latin Modern
)
LaTeX Font Info:    Try loading font information for OMX+lmex on input line 523
.

("C:\Arquivos de programas\MiKTeX 2.9\tex\latex\lm\omxlmex.fd"
File: omxlmex.fd 2009/10/30 v1.6 Font defs for Latin Modern
)
LaTeX Font Info:    External font `lmex10' loaded for size
(Font)              <10> on input line 523.
LaTeX Font Info:    External font `lmex10' loaded for size
(Font)              <7> on input line 523.
LaTeX Font Info:    External font `lmex10' loaded for size
(Font)              <5> on input line 523.
LaTeX Font Info:    Try loading font information for U+msa on input line 523.

("C:\Arquivos de programas\MiKTeX 2.9\tex\latex\amsfonts\umsa.fd"
File: umsa.fd 2013/01/14 v3.01 AMS symbols A
)
LaTeX Font Info:    Try loading font information for U+msb on input line 523.

("C:\Arquivos de programas\MiKTeX 2.9\tex\latex\amsfonts\umsb.fd"
File: umsb.fd 2013/01/14 v3.01 AMS symbols B
)
LaTeX Font Info:    Try loading font information for U+wasy on input line 523.

("C:\Arquivos de programas\MiKTeX 2.9\tex\latex\wasysym\uwasy.fd"
File: uwasy.fd 2003/10/30 v2.0 Wasy-2 symbol font definitions
)
("C:\Arquivos de programas\MiKTeX 2.9\tex\context\base\supp-pdf.mkii"
[Loading MPS to PDF converter (version 2006.09.02).]
\scratchcounter=\count176
\scratchdimen=\dimen211
\scratchbox=\box47
\nofMPsegments=\count177
\nofMParguments=\count178
\everyMPshowfont=\toks54
\MPscratchCnt=\count179
\MPscratchDim=\dimen212
\MPnumerator=\count180
\makeMPintoPDFobject=\count181
\everyMPtoPDFconversion=\toks55
)
*geometry* driver: auto-detecting
*geometry* detected driver: pdftex
*geometry* verbose mode - [ preamble ] result:
* driver: pdftex
* paper: a4paper
* layout: <same size as paper>
* layoutoffset:(h,v)=(0.0pt,0.0pt)
* modes: twoside 
* h-part:(L,W,R)=(71.70166pt, 418.25368pt, 107.55254pt)
* v-part:(T,H,B)=(101.40665pt, 591.5302pt, 152.11pt)
* \paperwidth=597.50787pt
* \paperheight=845.04684pt
* \textwidth=418.25368pt
* \textheight=591.5302pt
* \oddsidemargin=-0.56833pt
* \evensidemargin=35.28255pt
* \topmargin=7.13666pt
* \headheight=8.0pt
* \headsep=14.0pt
* \topskip=10.0pt
* \footskip=12.0pt
* \marginparwidth=90.0pt
* \marginparsep=11.0pt
* \columnsep=10.0pt
* \skip\footins=7.0pt plus 11.0pt
* \hoffset=0.0pt
* \voffset=0.0pt
* \mag=1000
* \@twocolumnfalse
* \@twosidetrue
* \@mparswitchtrue
* \@reversemarginfalse
* (1in=72.27pt=25.4mm, 1cm=28.453pt)

LaTeX Info: Redefining \microtypecontext on input line 523.
Package microtype Info: Generating PDF output.
Package microtype Info: Character protrusion enabled (level 2).
Package microtype Info: Using default protrusion set `alltext'.
Package microtype Info: Automatic font expansion enabled (level 2),
(microtype)             stretch: 20, shrink: 20, step: 1, non-selected.
Package microtype Info: Using default expansion set `basictext'.
Package microtype Info: No adjustment of tracking.
Package microtype Info: No adjustment of interword spacing.
Package microtype Info: No adjustment of character kerning.
Package microtype Info: Loading generic settings for font family
(microtype)             `pbk' (encoding: T1).
(microtype)             For optimal results, create family-specific settings.
(microtype)             See the microtype manual for details.
\AtBeginShipoutBox=\box48
Package hyperref Info: Link coloring OFF on input line 523.
("C:\Arquivos de programas\MiKTeX 2.9\tex\latex\hyperref\nameref.sty"
Package: nameref 2012/10/27 v2.43 Cross-referencing by name of section

("C:\Arquivos de programas\MiKTeX 2.9\tex\generic\oberdiek\gettitlestring.sty"
Package: gettitlestring 2010/12/03 v1.4 Cleanup title references (HO)
)
\c@section@level=\count182
)
LaTeX Info: Redefining \ref on input line 523.
LaTeX Info: Redefining \pageref on input line 523.
LaTeX Info: Redefining \nameref on input line 523.
 (trab13.out) (trab13.out)
\@outlinefile=\write5

("C:\Documents and Settings\Cliente\Dados de aplicativos\MiKTeX\2.9\tex\latex\m
s\ragged2e.sty"
Package: ragged2e 2009/05/21 v2.1 ragged2e Package (MS)

("C:\Documents and Settings\Cliente\Dados de aplicativos\MiKTeX\2.9\tex\latex\m
s\everysel.sty"
Package: everysel 2011/10/28 v1.2 EverySelectfont Package (MS)
 ABD: EverySelectfont initializing macros
LaTeX Info: Redefining \selectfont on input line 126.
)
\CenteringLeftskip=\skip64
\RaggedLeftLeftskip=\skip65
\RaggedRightLeftskip=\skip66
\CenteringRightskip=\skip67
\RaggedLeftRightskip=\skip68
\RaggedRightRightskip=\skip69
\CenteringParfillskip=\skip70
\RaggedLeftParfillskip=\skip71
\RaggedRightParfillskip=\skip72
\JustifyingParfillskip=\skip73
\CenteringParindent=\skip74
\RaggedLeftParindent=\skip75
\RaggedRightParindent=\skip76
\JustifyingParindent=\skip77
)
\c@lstlisting=\count183

ABD: EveryShipout initializing macros

Package pgfplots Warning: running in backwards compatibility mode (unsuitable t
ick labels; missing features). Consider writing \pgfplotsset{compat=1.12} into 
your preamble.
 on input line 523.

("C:\Arquivos de programas\MiKTeX 2.9\tex\latex\listings\lstlang1.sty"
File: lstlang1.sty 2015/06/04 1.6 listings language file
)
\c@prob_num=\count184
LaTeX Font Info:    Font shape `T1/pbk/bx/n' in size <12> not available
(Font)              Font shape `T1/pbk/b/n' tried instead on input line 534.
LaTeX Font Info:    Font shape `T1/pbk/b/n' in size <12> not available
(Font)              Font shape `T1/pbk/db/n' tried instead on input line 534.
LaTeX Font Info:    Font shape `T1/pbk/m/sc' in size <12> not available
(Font)              Font shape `T1/pbk/l/sc' tried instead on input line 535.
Package babel Info: Redefining portuges shorthand "|
(babel)             in language  on input line 535.
LaTeX Font Info:    Try loading font information for T1+phv on input line 537.

("C:\Arquivos de programas\MiKTeX 2.9\tex\latex\psnfss\t1phv.fd"
File: t1phv.fd 2001/06/04 scalable font definitions for T1/phv.
)
LaTeX Font Info:    Font shape `T1/phv/m/n' will be
(Font)              scaled to size 11.39996pt on input line 537.
Package microtype Info: Loading generic settings for font family
(microtype)             `phv' (encoding: T1).
(microtype)             For optimal results, create family-specific settings.
(microtype)             See the microtype manual for details.

("C:\Arquivos de programas\MiKTeX 2.9\tex\latex\microtype\mt-cmr.cfg"
File: mt-cmr.cfg 2013/05/19 v2.2 microtype config. file: Computer Modern Roman 
(RS)
)
LaTeX Font Info:    External font `lmex10' loaded for size
(Font)              <12> on input line 538.
LaTeX Font Info:    External font `lmex10' loaded for size
(Font)              <8> on input line 538.
LaTeX Font Info:    External font `lmex10' loaded for size
(Font)              <6> on input line 538.

("C:\Arquivos de programas\MiKTeX 2.9\tex\latex\microtype\mt-msa.cfg"
File: mt-msa.cfg 2006/02/04 v1.1 microtype config. file: AMS symbols (a) (RS)
)
("C:\Arquivos de programas\MiKTeX 2.9\tex\latex\microtype\mt-msb.cfg"
File: mt-msb.cfg 2005/06/01 v1.0 microtype config. file: AMS symbols (b) (RS)
)
Package microtype Info: Loading generic settings for font family
(microtype)             `mbb' (encoding: OT1).
(microtype)             For optimal results, create family-specific settings.
(microtype)             See the microtype manual for details.


LaTeX Font Warning: Font shape `U/wasy/b/n' in size <8> not available
(Font)              Font shape `U/wasy/m/n' tried instead on input line 538.


LaTeX Font Warning: Font shape `U/wasy/b/n' in size <6> not available
(Font)              Font shape `U/wasy/m/n' tried instead on input line 538.

LaTeX Font Info:    Font shape `T1/phv/m/n' will be
(Font)              scaled to size 13.67995pt on input line 538.
LaTeX Font Info:    Font shape `T1/phv/m/n' will be
(Font)              scaled to size 7.59998pt on input line 538.
LaTeX Font Info:    Font shape `T1/phv/m/n' will be
(Font)              scaled to size 5.69998pt on input line 538.
LaTeX Font Info:    Font shape `T1/pbk/m/n' in size <14.4> not available
(Font)              Font shape `T1/pbk/l/n' tried instead on input line 551.
LaTeX Font Info:    Font shape `T1/pbk/m/n' in size <8> not available
(Font)              Font shape `T1/pbk/l/n' tried instead on input line 551.
LaTeX Font Info:    Font shape `T1/pbk/m/n' in size <6> not available
(Font)              Font shape `T1/pbk/l/n' tried instead on input line 551.

Overfull \hbox (45.6872pt too wide) detected at line 552
 $[] []$ 
 []


Underfull \hbox (badness 10000) in paragraph at lines 552--554

 []


Overfull \hbox (66.92383pt too wide) detected at line 563
 $[] []$ 
 []


Underfull \vbox (badness 5331) has occurred while \output is active []

LaTeX Font Info:    Font shape `T1/pbk/m/n' in size <9> not available
(Font)              Font shape `T1/pbk/l/n' tried instead on input line 563.
Package babel Info: Redefining portuges shorthand "|
(babel)             in language  on input line 563.
Package babel Info: Redefining portuges shorthand "|
(babel)             in language  on input line 563.
 [1{C:/Documents and Settings/Cliente/Configuraes locais/Dados de aplicativ
os/MiKTeX/2.9/pdftex/config/pdftex.map}]
Underfull \hbox (badness 10000) in paragraph at lines 563--565

 []


Overfull \hbox (52.62024pt too wide) detected at line 572
 $[] []$ 
 []


Underfull \hbox (badness 10000) in paragraph at lines 572--574

 []


Underfull \hbox (badness 10000) in paragraph at lines 580--582

 []


Underfull \vbox (badness 4291) has occurred while \output is active []

Package babel Info: Redefining portuges shorthand "|
(babel)             in language  on input line 588.
Package babel Info: Redefining portuges shorthand "|
(babel)             in language  on input line 588.
 [2]
Overfull \hbox (2.92807pt too wide) in paragraph at lines 598--599
 [] 
 []

Package babel Info: Redefining portuges shorthand "|
(babel)             in language  on input line 601.
Package babel Info: Redefining portuges shorthand "|
(babel)             in language  on input line 601.
[3]
Overfull \hbox (2.92807pt too wide) in paragraph at lines 620--621
 [] 
 []

Package babel Info: Redefining portuges shorthand "|
(babel)             in language  on input line 623.
Package babel Info: Redefining portuges shorthand "|
(babel)             in language  on input line 623.
[4

]
Overfull \hbox (56.76175pt too wide) detected at line 643
 $[] []$ 
 []


Overfull \hbox (2.92807pt too wide) in paragraph at lines 643--644
 [] 
 []

Package babel Info: Redefining portuges shorthand "|
(babel)             in language  on input line 646.
Package babel Info: Redefining portuges shorthand "|
(babel)             in language  on input line 646.
[5

]
Overfull \hbox (2.92807pt too wide) in paragraph at lines 662--663
 [] 
 []

Package babel Info: Redefining portuges shorthand "|
(babel)             in language  on input line 665.
Package babel Info: Redefining portuges shorthand "|
(babel)             in language  on input line 665.
[6

]
LaTeX Font Info:    Font shape `T1/pbk/m/it' in size <12> not available
(Font)              Font shape `T1/pbk/l/it' tried instead on input line 700.

Overfull \hbox (2.92807pt too wide) in paragraph at lines 701--702
 [] 
 []

Package babel Info: Redefining portuges shorthand "|
(babel)             in language  on input line 704.
Package babel Info: Redefining portuges shorthand "|
(babel)             in language  on input line 704.
[7

]
Overfull \hbox (16.16318pt too wide) detected at line 732
 $[] []$ 
 []


Overfull \hbox (2.92807pt too wide) in paragraph at lines 732--733
 [] 
 []

Package babel Info: Redefining portuges shorthand "|
(babel)             in language  on input line 735.
Package babel Info: Redefining portuges shorthand "|
(babel)             in language  on input line 735.
[8

]
Overfull \hbox (2.92807pt too wide) in paragraph at lines 746--747
 [] 
 []

Package babel Info: Redefining portuges shorthand "|
(babel)             in language  on input line 749.
Package babel Info: Redefining portuges shorthand "|
(babel)             in language  on input line 749.
[9

]
Underfull \hbox (badness 10000) in paragraph at lines 763--765

 []

Package babel Info: Redefining portuges shorthand "|
(babel)             in language  on input line 765.
Package babel Info: Redefining portuges shorthand "|
(babel)             in language  on input line 765.
[10

]
Package babel Info: Redefining portuges shorthand "|
(babel)             in language  on input line 784.
Package babel Info: Redefining portuges shorthand "|
(babel)             in language  on input line 784.
 [11

]
Overfull \hbox (10.59088pt too wide) detected at line 792
 $[] []$ 
 []


Overfull \hbox (2.92807pt too wide) in paragraph at lines 792--793
 [] 
 []

Package babel Info: Redefining portuges shorthand "|
(babel)             in language  on input line 795.
Package babel Info: Redefining portuges shorthand "|
(babel)             in language  on input line 795.
[12

]
Underfull \hbox (badness 10000) in paragraph at lines 817--819

 []


Underfull \hbox (badness 10000) in paragraph at lines 826--828

 []

Package babel Info: Redefining portuges shorthand "|
(babel)             in language  on input line 828.
Package babel Info: Redefining portuges shorthand "|
(babel)             in language  on input line 828.
[13

]
Overfull \hbox (56.95674pt too wide) detected at line 839
 $[] []$ 
 []


Overfull \hbox (2.92807pt too wide) in paragraph at lines 839--840
 [] 
 []

Package babel Info: Redefining portuges shorthand "|
(babel)             in language  on input line 842.
Package babel Info: Redefining portuges shorthand "|
(babel)             in language  on input line 842.
[14

]
Underfull \hbox (badness 10000) in paragraph at lines 864--866

 []


Overfull \hbox (2.92807pt too wide) in paragraph at lines 871--872
 [] 
 []

Package babel Info: Redefining portuges shorthand "|
(babel)             in language  on input line 874.
Package babel Info: Redefining portuges shorthand "|
(babel)             in language  on input line 874.
[15

]
Overfull \hbox (24.89821pt too wide) detected at line 890
 $[] []$ 
 []


Overfull \hbox (21.86928pt too wide) detected at line 901
 $[] []$ 
 []


Overfull \hbox (2.92807pt too wide) in paragraph at lines 901--902
 [] 
 []

Package babel Info: Redefining portuges shorthand "|
(babel)             in language  on input line 904.
Package babel Info: Redefining portuges shorthand "|
(babel)             in language  on input line 904.
[16

]
Underfull \hbox (badness 10000) in paragraph at lines 934--936

 []

Package babel Info: Redefining portuges shorthand "|
(babel)             in language  on input line 936.
Package babel Info: Redefining portuges shorthand "|
(babel)             in language  on input line 936.
[17

]
Overfull \hbox (2.92807pt too wide) in paragraph at lines 954--955
 [] 
 []

Package babel Info: Redefining portuges shorthand "|
(babel)             in language  on input line 957.
Package babel Info: Redefining portuges shorthand "|
(babel)             in language  on input line 957.
[18

]
Underfull \hbox (badness 10000) in paragraph at lines 971--973

 []

Package babel Info: Redefining portuges shorthand "|
(babel)             in language  on input line 973.
Package babel Info: Redefining portuges shorthand "|
(babel)             in language  on input line 973.
[19

]
Underfull \hbox (badness 10000) in paragraph at lines 979--981

 []


Underfull \hbox (badness 10000) in paragraph at lines 985--987

 []


Underfull \hbox (badness 10000) in paragraph at lines 992--994

 []


Underfull \hbox (badness 10000) in paragraph at lines 1000--1002

 []

Package babel Info: Redefining portuges shorthand "|
(babel)             in language  on input line 1002.
Package babel Info: Redefining portuges shorthand "|
(babel)             in language  on input line 1002.
[20

]
Overfull \hbox (2.92807pt too wide) in paragraph at lines 1015--1016
 [] 
 []

Package babel Info: Redefining portuges shorthand "|
(babel)             in language  on input line 1018.
Package babel Info: Redefining portuges shorthand "|
(babel)             in language  on input line 1018.
[21

]
Overfull \hbox (2.92807pt too wide) in paragraph at lines 1042--1043
 [] 
 []

Package babel Info: Redefining portuges shorthand "|
(babel)             in language  on input line 1045.
Package babel Info: Redefining portuges shorthand "|
(babel)             in language  on input line 1045.
[22

]
Overfull \hbox (2.92807pt too wide) in paragraph at lines 1071--1072
 [] 
 []

Package babel Info: Redefining portuges shorthand "|
(babel)             in language  on input line 1074.
Package babel Info: Redefining portuges shorthand "|
(babel)             in language  on input line 1074.
[23

]
Package babel Info: Redefining portuges shorthand "|
(babel)             in language  on input line 1076.
 <figtrab13bc.jpg, id=161, 383.93437pt x 158.09062pt>
File: figtrab13bc.jpg Graphic file (type jpg)

<use figtrab13bc.jpg>
Package pdftex.def Info: figtrab13bc.jpg used on input line 1096.
(pdftex.def)             Requested size: 292.77629pt x 120.5626pt.

Underfull \hbox (badness 10000) in paragraph at lines 1095--1096

 []


Underfull \hbox (badness 10000) in paragraph at lines 1105--1107

 []

Package babel Info: Redefining portuges shorthand "|
(babel)             in language  on input line 1117.
Package babel Info: Redefining portuges shorthand "|
(babel)             in language  on input line 1117.
[24

 <./figtrab13bc.jpg>] <trab13figbca.jpg, id=168, 578.16pt x 433.62pt>
File: trab13figbca.jpg Graphic file (type jpg)

<use trab13figbca.jpg>
Package pdftex.def Info: trab13figbca.jpg used on input line 1121.
(pdftex.def)             Requested size: 289.07928pt x 216.80946pt.

Underfull \hbox (badness 10000) in paragraph at lines 1123--1124

 []

Package babel Info: Redefining portuges shorthand "|
(babel)             in language  on input line 1124.
Package babel Info: Redefining portuges shorthand "|
(babel)             in language  on input line 1124.
[25

 <./trab13figbca.jpg>]
Underfull \hbox (badness 10000) in paragraph at lines 1131--1133

 []


Underfull \hbox (badness 10000) in paragraph at lines 1140--1142

 []

Package babel Info: Redefining portuges shorthand "|
(babel)             in language  on input line 1151.
Package babel Info: Redefining portuges shorthand "|
(babel)             in language  on input line 1151.
[26

] <trab13figbcb1.jpg, id=178, 578.16pt x 433.62pt>
File: trab13figbcb1.jpg Graphic file (type jpg)
 <use trab13figbcb1.jpg>
Package pdftex.def Info: trab13figbcb1.jpg used on input line 1155.
(pdftex.def)             Requested size: 289.07928pt x 216.80946pt.

<trab13figbcb2.jpg, id=179, 562.2606pt x 421.575pt>
File: trab13figbcb2.jpg Graphic file (type jpg)
 <use trab13figbcb2.jpg>
Package pdftex.def Info: trab13figbcb2.jpg used on input line 1159.
(pdftex.def)             Requested size: 281.12961pt x 210.78697pt.
Package babel Info: Redefining portuges shorthand "|
(babel)             in language  on input line 1163.
Package babel Info: Redefining portuges shorthand "|
(babel)             in language  on input line 1163.

[27

 <./trab13figbcb1.jpg> <./trab13figbcb2.jpg>]
<figtrab13bd.jpg, id=184, 170.88844pt x 158.09062pt>
File: figtrab13bd.jpg Graphic file (type jpg)
 <use figtrab13bd.jpg>
Package pdftex.def Info: figtrab13bd.jpg used on input line 1166.
(pdftex.def)             Requested size: 292.77629pt x 270.87086pt.

Underfull \hbox (badness 10000) in paragraph at lines 1165--1166

 []

Package babel Info: Redefining portuges shorthand "|
(babel)             in language  on input line 1168.
Package babel Info: Redefining portuges shorthand "|
(babel)             in language  on input line 1168.
[28

 <./figtrab13bd.jpg>]
Package babel Info: Redefining portuges shorthand "|
(babel)             in language  on input line 1183.
Package babel Info: Redefining portuges shorthand "|
(babel)             in language  on input line 1183.
 [29

]
<trab13figbcd.jpg, id=193, 562.2606pt x 421.575pt>
File: trab13figbcd.jpg Graphic file (type jpg)
 <use trab13figbcd.jpg>
Package pdftex.def Info: trab13figbcd.jpg used on input line 1186.
(pdftex.def)             Requested size: 281.12961pt x 210.78697pt.
Package babel Info: Redefining portuges shorthand "|
(babel)             in language  on input line 1190.
Package babel Info: Redefining portuges shorthand "|
(babel)             in language  on input line 1190.

[30

 <./trab13figbcd.jpg>] <figtrab13be.jpg, id=198, 426.84468pt x 197.98969pt>
File: figtrab13be.jpg Graphic file (type jpg)

<use figtrab13be.jpg>
Package pdftex.def Info: figtrab13be.jpg used on input line 1193.
(pdftex.def)             Requested size: 292.77629pt x 135.81244pt.

Underfull \hbox (badness 10000) in paragraph at lines 1192--1193

 []

Package babel Info: Redefining portuges shorthand "|
(babel)             in language  on input line 1195.
Package babel Info: Redefining portuges shorthand "|
(babel)             in language  on input line 1195.
[31

 <./figtrab13be.jpg>]
Overfull \hbox (27.43077pt too wide) detected at line 1214
 $[] []$ 
 []


Underfull \vbox (badness 10000) has occurred while \output is active []

Package babel Info: Redefining portuges shorthand "|
(babel)             in language  on input line 1223.
Package babel Info: Redefining portuges shorthand "|
(babel)             in language  on input line 1223.
 [32

]
Overfull \hbox (2.92807pt too wide) in paragraph at lines 1223--1224
 [] 
 []

Package babel Info: Redefining portuges shorthand "|
(babel)             in language  on input line 1226.
Package babel Info: Redefining portuges shorthand "|
(babel)             in language  on input line 1226.
[33]
Package babel Info: Redefining portuges shorthand "|
(babel)             in language  on input line 1228.
LaTeX Font Info:    Try loading font information for T1+lmr on input line 1294.

 ("C:\Arquivos de programas\MiKTeX 2.9\tex\latex\lm\t1lmr.fd"
File: t1lmr.fd 2009/10/30 v1.6 Font defs for Latin Modern
)
Package babel Info: Redefining portuges shorthand "|
(babel)             in language  on input line 1319.
Package babel Info: Redefining portuges shorthand "|
(babel)             in language  on input line 1319.
 [34

]
LaTeX Font Info:    Font shape `T1/pbk/bx/n' in size <10> not available
(Font)              Font shape `T1/pbk/b/n' tried instead on input line 1323.
LaTeX Font Info:    Font shape `T1/pbk/b/n' in size <10> not available
(Font)              Font shape `T1/pbk/db/n' tried instead on input line 1323.


LaTeX Warning: Citation `MAXWELL 1873 1' on page 35 undefined on input line 132
3.


LaTeX Warning: Citation `SADIKU 2000 1' on page 35 undefined on input line 1331
.


Underfull \hbox (badness 10000) in paragraph at lines 1336--1338

 []


Underfull \vbox (badness 10000) has occurred while \output is active []

Package babel Info: Redefining portuges shorthand "|
(babel)             in language  on input line 1345.
Package babel Info: Redefining portuges shorthand "|
(babel)             in language  on input line 1345.
 [35]
Underfull \hbox (badness 10000) in paragraph at lines 1345--1347

 []


Underfull \hbox (badness 10000) in paragraph at lines 1351--1353

 []


LaTeX Warning: Citation `XAVIER 2007' on page 36 undefined on input line 1359.


LaTeX Warning: Citation `IDA 2000' on page 36 undefined on input line 1359.


LaTeX Warning: Citation `XAVIER 2007' on page 36 undefined on input line 1361.


Underfull \hbox (badness 10000) in paragraph at lines 1357--1362

 []

Package babel Info: Redefining portuges shorthand "|
(babel)             in language  on input line 1362.
Package babel Info: Redefining portuges shorthand "|
(babel)             in language  on input line 1362.
[36]
Package babel Info: Redefining portuges shorthand "|
(babel)             in language  on input line 1362.
Package babel Info: Redefining portuges shorthand "|
(babel)             in language  on input line 1362.
 [37]

LaTeX Warning: Citation `RYLANDER et al. 2010' on page 38 undefined on input li
ne 1363.


Underfull \vbox (badness 10000) has occurred while \output is active []

Package babel Info: Redefining portuges shorthand "|
(babel)             in language  on input line 1390.
Package babel Info: Redefining portuges shorthand "|
(babel)             in language  on input line 1390.
 [38

]
Underfull \vbox (badness 1292) has occurred while \output is active []

Package babel Info: Redefining portuges shorthand "|
(babel)             in language  on input line 1404.
Package babel Info: Redefining portuges shorthand "|
(babel)             in language  on input line 1404.
 [39]

LaTeX Warning: Citation `XAVIER 2007' on page 40 undefined on input line 1419.


LaTeX Warning: Citation `RYLANDER et. al. 2010' on page 40 undefined on input l
ine 1419.

Package babel Info: Redefining portuges shorthand "|
(babel)             in language  on input line 1428.
Package babel Info: Redefining portuges shorthand "|
(babel)             in language  on input line 1428.
[40] <trab13figcaa.jpg, id=263, 578.16pt x 433.62pt>
File: trab13figcaa.jpg Graphic file (type jpg)
 <use trab13figcaa.jpg>
Package pdftex.def Info: trab13figcaa.jpg used on input line 1431.
(pdftex.def)             Requested size: 292.77629pt x 219.58177pt.
Package babel Info: Redefining portuges shorthand "|
(babel)             in language  on input line 1435.
Package babel Info: Redefining portuges shorthand "|
(babel)             in language  on input line 1435.

[41 <./trab13figcaa.jpg>] <trab13figcad.jpg, id=268, 578.16pt x 433.62pt>
File: trab13figcad.jpg Graphic file (type jpg)

<use trab13figcad.jpg>
Package pdftex.def Info: trab13figcad.jpg used on input line 1439.
(pdftex.def)             Requested size: 292.77629pt x 219.58177pt.
 <trab13figcae.jpg, id=269, 578.16pt x 433.62pt>
File: trab13figcae.jpg Graphic file (type jpg)

<use trab13figcae.jpg>
Package pdftex.def Info: trab13figcae.jpg used on input line 1444.
(pdftex.def)             Requested size: 292.77629pt x 219.58177pt.
Package babel Info: Redefining portuges shorthand "|
(babel)             in language  on input line 1449.
Package babel Info: Redefining portuges shorthand "|
(babel)             in language  on input line 1449.
 [42

 <./trab13figcad.jpg> <./trab13figcae.jpg>]
Package hyperref Info: bookmark level for unknown lstlisting defaults to 0 on i
nput line 1449.

(solvegrid.m
LaTeX Font Info:    Try loading font information for TS1+pbk on input line 2.
 ("C:\Arquivos de programas\MiKTeX 2.9\tex\latex\psnfss\ts1pbk.fd"
File: ts1pbk.fd 2001/06/04 font definitions for TS1/pbk.
)
LaTeX Font Info:    Font shape `TS1/pbk/m/n' in size <8> not available
(Font)              Font shape `TS1/pbk/l/n' tried instead on input line 2.
Package microtype Info: Loading generic settings for font family
(microtype)             `pbk' (encoding: TS1).
(microtype)             For optimal results, create family-specific settings.
(microtype)             See the microtype manual for details.
) (calcv.m
Package babel Info: Redefining portuges shorthand "|
(babel)             in language  on input line 20.
Package babel Info: Redefining portuges shorthand "|
(babel)             in language  on input line 20.
 [43]) (initv.m) (laplacianoc.m) (plotv.m
Package babel Info: Redefining portuges shorthand "|
(babel)             in language  on input line 1.
Package babel Info: Redefining portuges shorthand "|
(babel)             in language  on input line 1.
 [44])
<trab13figcag.jpg, id=370, 578.16pt x 433.62pt>
File: trab13figcag.jpg Graphic file (type jpg)
 <use trab13figcag.jpg>
Package pdftex.def Info: trab13figcag.jpg used on input line 1461.
(pdftex.def)             Requested size: 292.77629pt x 219.58177pt.

Underfull \hbox (badness 10000) in paragraph at lines 1457--1463

 []

Package babel Info: Redefining portuges shorthand "|
(babel)             in language  on input line 1463.
Package babel Info: Redefining portuges shorthand "|
(babel)             in language  on input line 1463.
[45] <trab13figcah.jpg, id=418, 578.16pt x 433.62pt>
File: trab13figcah.jpg Graphic file (type jpg)
 <use trab13figcah.jpg>
Package pdftex.def Info: trab13figcah.jpg used on input line 1466.
(pdftex.def)             Requested size: 292.77629pt x 219.58177pt.

<trab13figcai.jpg, id=419, 578.16pt x 433.62pt>
File: trab13figcai.jpg Graphic file (type jpg)
 <use trab13figcai.jpg>
Package pdftex.def Info: trab13figcai.jpg used on input line 1471.
(pdftex.def)             Requested size: 292.77629pt x 219.58177pt.

Underfull \vbox (badness 3158) has occurred while \output is active []

Package babel Info: Redefining portuges shorthand "|
(babel)             in language  on input line 1474.
Package babel Info: Redefining portuges shorthand "|
(babel)             in language  on input line 1474.
 [46 <./trab13figcag.jpg> <./trab13figcah.jpg>] (calce.m)
Package babel Info: Redefining portuges shorthand "|
(babel)             in language  on input line 1478.
Package babel Info: Redefining portuges shorthand "|
(babel)             in language  on input line 1478.
 [47 <./trab13figcai.jpg>]
(plote.m) (probcil.m
Underfull \vbox (badness 1389) has occurred while \output is active []

Package babel Info: Redefining portuges shorthand "|
(babel)             in language  on input line 3.
Package babel Info: Redefining portuges shorthand "|
(babel)             in language  on input line 3.
 [48])
(trab13ca.m
Package babel Info: Redefining portuges shorthand "|
(babel)             in language  on input line 13.
Package babel Info: Redefining portuges shorthand "|
(babel)             in language  on input line 13.
 [49])
Package babel Info: Redefining portuges shorthand "|
(babel)             in language  on input line 1483.
Package babel Info: Redefining portuges shorthand "|
(babel)             in language  on input line 1483.
 [50]

LaTeX Warning: Citation `SADIKU 2000 2' on page 51 undefined on input line 1489
.


Overfull \hbox (28.22008pt too wide) in paragraph at lines 1498--1498
[] 
 []


Underfull \hbox (badness 10000) in paragraph at lines 1498--1500

 []

Package babel Info: Redefining portuges shorthand "|
(babel)             in language  on input line 1500.
Package babel Info: Redefining portuges shorthand "|
(babel)             in language  on input line 1500.
[51

]
Overfull \hbox (74.23814pt too wide) in paragraph at lines 1515--1515
[] 
 []


Underfull \hbox (badness 10000) in paragraph at lines 1515--1517

 []

Package babel Info: Redefining portuges shorthand "|
(babel)             in language  on input line 1517.
Package babel Info: Redefining portuges shorthand "|
(babel)             in language  on input line 1517.
[52

]
Underfull \hbox (badness 10000) in paragraph at lines 1527--1529

 []


Underfull \hbox (badness 10000) in paragraph at lines 1540--1542

 []

Package babel Info: Redefining portuges shorthand "|
(babel)             in language  on input line 1542.
Package babel Info: Redefining portuges shorthand "|
(babel)             in language  on input line 1542.
[53

]
Overfull \hbox (9.56601pt too wide) in paragraph at lines 1550--1550
[] 
 []

Package babel Info: Redefining portuges shorthand "|
(babel)             in language  on input line 1554.
LaTeX Font Info:    Font shape `T1/pbk/m/it' in size <10> not available
(Font)              Font shape `T1/pbk/l/it' tried instead on input line 1560.
LaTeX Font Info:    Font shape `T1/pbk/m/n' in size <7> not available
(Font)              Font shape `T1/pbk/l/n' tried instead on input line 1564.

Underfull \hbox (badness 10000) in paragraph at lines 1573--1574

 []

LaTeX Font Info:    Try loading font information for T1+pcr on input line 1576.

("C:\Arquivos de programas\MiKTeX 2.9\tex\latex\psnfss\t1pcr.fd"
File: t1pcr.fd 2001/06/04 font definitions for T1/pcr.
)
Package microtype Info: Loading generic settings for font family
(microtype)             `pcr' (encoding: T1).
(microtype)             For optimal results, create family-specific settings.
(microtype)             See the microtype manual for details.

Underfull \hbox (badness 10000) in paragraph at lines 1575--1577
[]$\T1/pcr/m/n/10 http : / / www . wolframalpha . com / widget / widgetPopup . 
jsp ? p = v & id =
 []


Underfull \hbox (badness 10000) in paragraph at lines 1575--1577

 []


Underfull \hbox (badness 10000) in paragraph at lines 1578--1580

 []

Package babel Info: Redefining portuges shorthand "|
(babel)             in language  on input line 1581.
Package babel Info: Redefining portuges shorthand "|
(babel)             in language  on input line 1581.
[54

]
Package babel Info: Redefining portuges shorthand "|
(babel)             in language  on input line 1586.
Package babel Info: Redefining portuges shorthand "|
(babel)             in language  on input line 1586.
 [55]
Package atveryend Info: Empty hook `BeforeClearDocument' on input line 1586.
Package atveryend Info: Empty hook `AfterLastShipout' on input line 1586.
 (trab13.aux)
Package atveryend Info: Executing hook `AtVeryEndDocument' on input line 1586.
Package atveryend Info: Executing hook `AtEndAfterFileList' on input line 1586.

Package rerunfilecheck Info: File `trab13.out' has not changed.
(rerunfilecheck)             Checksum: 80ADD36F914ADEE691C5BCABCDA674DE;183.


LaTeX Warning: There were undefined references.


LaTeX Warning: Label(s) may have changed. Rerun to get cross-references right.

Package atveryend Info: Empty hook `AtVeryVeryEnd' on input line 1586.
 ) 
Here is how much of TeX's memory you used:
 34685 strings out of 493698
 755518 string characters out of 3141115
 1342595 words of memory out of 3000000
 36613 multiletter control sequences out of 15000+200000
 93506 words of font info for 216 fonts, out of 3000000 for 9000
 1186 hyphenation exceptions out of 8191
 55i,19n,77p,959b,1978s stack positions out of 5000i,500n,10000p,200000b,50000s
{C:/Arquivos de programas/MiKTeX 2.9/fonts/enc/dvips/fontname/8r.enc}{C:/Arqu
ivos de programas/MiKTeX 2.9/fonts/enc/dvips/lm/lm-mathit.enc}{C:/Arquivos de p
rogramas/MiKTeX 2.9/fonts/enc/dvips/lm/lm-rm.enc}{C:/Arquivos de programas/MiKT
eX 2.9/fonts/enc/dvips/lm/lm-ec.enc} <C:\Documents and Settings\Cliente\Configu
raes locais\Dados de aplicativos\MiKTeX\2.9\fonts\pk\ljfour\public\mbboard\
dpi600\mbb8.pk> <C:\Documents and Settings\Cliente\Configuraes locais\Dados
 de aplicativos\MiKTeX\2.9\fonts\pk\ljfour\public\mbboard\dpi600\mbb12.pk>{C:/A
rquivos de programas/MiKTeX 2.9/fonts/enc/dvips/lm/lm-mathsy.enc}{C:/Arquivos d
e programas/MiKTeX 2.9/fonts/enc/dvips/lm/lm-mathex.enc} <C:\Documents and Sett
ings\Cliente\Configuraes locais\Dados de aplicativos\MiKTeX\2.9\fonts\pk\lj
four\unknown\unknown\dpi864\yfrak.pk><C:/Arquivos de programas/MiKTeX 2.9/fonts
/type1/public/lm/lmbx6.pfb><C:/Arquivos de programas/MiKTeX 2.9/fonts/type1/pub
lic/lm/lmex10.pfb><C:/Arquivos de programas/MiKTeX 2.9/fonts/type1/public/lm/lm
mi10.pfb><C:/Arquivos de programas/MiKTeX 2.9/fonts/type1/public/lm/lmmi12.pfb>
<C:/Arquivos de programas/MiKTeX 2.9/fonts/type1/public/lm/lmmi6.pfb><C:/Arquiv
os de programas/MiKTeX 2.9/fonts/type1/public/lm/lmmi8.pfb><C:/Arquivos de prog
ramas/MiKTeX 2.9/fonts/type1/public/lm/lmmib10.pfb><C:/Arquivos de programas/Mi
KTeX 2.9/fonts/type1/public/lm/lmmib7.pfb><C:/Arquivos de programas/MiKTeX 2.9/
fonts/type1/public/lm/lmr10.pfb><C:/Arquivos de programas/MiKTeX 2.9/fonts/type
1/public/lm/lmr12.pfb><C:/Arquivos de programas/MiKTeX 2.9/fonts/type1/public/l
m/lmr17.pfb><C:/Arquivos de programas/MiKTeX 2.9/fonts/type1/public/lm/lmr6.pfb
><C:/Arquivos de programas/MiKTeX 2.9/fonts/type1/public/lm/lmr8.pfb><C:/Arquiv
os de programas/MiKTeX 2.9/fonts/type1/public/lm/lmsy10.pfb><C:/Arquivos de pro
gramas/MiKTeX 2.9/fonts/type1/public/lm/lmsy6.pfb><C:/Arquivos de programas/MiK
TeX 2.9/fonts/type1/public/lm/lmsy8.pfb><C:/Arquivos de programas/MiKTeX 2.9/fo
nts/type1/urw/bookman/ubkd8a.pfb><C:/Arquivos de programas/MiKTeX 2.9/fonts/typ
e1/urw/bookman/ubkl8a.pfb><C:/Arquivos de programas/MiKTeX 2.9/fonts/type1/urw/
bookman/ubkli8a.pfb><C:/Arquivos de programas/MiKTeX 2.9/fonts/type1/urw/courie
r/ucrr8a.pfb><C:/Arquivos de programas/MiKTeX 2.9/fonts/type1/urw/helvetic/uhvr
8a.pfb><C:/Arquivos de programas/MiKTeX 2.9/fonts/type1/public/wasy/wasy10.pfb>

Output written on trab13.pdf (55 pages, 1079161 bytes).
PDF statistics:
 752 PDF objects out of 1000 (max. 8388607)
 328 named destinations out of 1000 (max. 500000)
 32462 words of extra memory for PDF output out of 35830 (max. 10000000)

