This is pdfTeX, Version 3.14159265-2.6-1.40.15 (MiKTeX 2.9) (preloaded format=pdflatex 2015.4.4)  1 MAY 2016 19:00
entering extended mode
**trab33.tex
(trab33.tex
LaTeX2e <2014/05/01>
Babel <3.9l> and hyphenation patterns for 68 languages loaded.
("C:\Arquivos de programas\MiKTeX 2.9\tex\latex\amscls\amsart.cls"
Document Class: amsart 2009/07/02 v2.20.1
\linespacing=\dimen102
\normalparindent=\dimen103
\normaltopskip=\skip41
("C:\Arquivos de programas\MiKTeX 2.9\tex\latex\amsmath\amsmath.sty"
Package: amsmath 2013/01/14 v2.14 AMS math features
\@mathmargin=\skip42

For additional information on amsmath, use the `?' option.
("C:\Arquivos de programas\MiKTeX 2.9\tex\latex\amsmath\amstext.sty"
Package: amstext 2000/06/29 v2.01

("C:\Arquivos de programas\MiKTeX 2.9\tex\latex\amsmath\amsgen.sty"
File: amsgen.sty 1999/11/30 v2.0
\@emptytoks=\toks14
\ex@=\dimen104
))
("C:\Arquivos de programas\MiKTeX 2.9\tex\latex\amsmath\amsbsy.sty"
Package: amsbsy 1999/11/29 v1.2d
\pmbraise@=\dimen105
)
("C:\Arquivos de programas\MiKTeX 2.9\tex\latex\amsmath\amsopn.sty"
Package: amsopn 1999/12/14 v2.01 operator names
)
\inf@bad=\count79
LaTeX Info: Redefining \frac on input line 210.
\uproot@=\count80
\leftroot@=\count81
LaTeX Info: Redefining \overline on input line 306.
\classnum@=\count82
\DOTSCASE@=\count83
LaTeX Info: Redefining \ldots on input line 378.
LaTeX Info: Redefining \dots on input line 381.
LaTeX Info: Redefining \cdots on input line 466.
\Mathstrutbox@=\box26
\strutbox@=\box27
\big@size=\dimen106
LaTeX Font Info:    Redeclaring font encoding OML on input line 566.
LaTeX Font Info:    Redeclaring font encoding OMS on input line 567.
\macc@depth=\count84
\c@MaxMatrixCols=\count85
\dotsspace@=\muskip10
\c@parentequation=\count86
\dspbrk@lvl=\count87
\tag@help=\toks15
\row@=\count88
\column@=\count89
\maxfields@=\count90
\andhelp@=\toks16
\eqnshift@=\dimen107
\alignsep@=\dimen108
\tagshift@=\dimen109
\tagwidth@=\dimen110
\totwidth@=\dimen111
\lineht@=\dimen112
\@envbody=\toks17
\multlinegap=\skip43
\multlinetaggap=\skip44
\mathdisplay@stack=\toks18
LaTeX Info: Redefining \[ on input line 2665.
LaTeX Info: Redefining \] on input line 2666.
)
LaTeX Font Info:    Try loading font information for U+msa on input line 388.

("C:\Arquivos de programas\MiKTeX 2.9\tex\latex\amsfonts\umsa.fd"
File: umsa.fd 2013/01/14 v3.01 AMS symbols A
)
("C:\Arquivos de programas\MiKTeX 2.9\tex\latex\amsfonts\amsfonts.sty"
Package: amsfonts 2013/01/14 v3.01 Basic AMSFonts support
\symAMSa=\mathgroup4
\symAMSb=\mathgroup5
LaTeX Font Info:    Overwriting math alphabet `\mathfrak' in version `bold'
(Font)                  U/euf/m/n --> U/euf/b/n on input line 106.
)
\copyins=\insert233
\abstractbox=\box28
\listisep=\skip45
\c@part=\count91
\c@section=\count92
\c@subsection=\count93
\c@subsubsection=\count94
\c@paragraph=\count95
\c@subparagraph=\count96
\c@figure=\count97
\c@table=\count98
\abovecaptionskip=\skip46
\belowcaptionskip=\skip47
\captionindent=\dimen113
\thm@style=\toks19
\thm@bodyfont=\toks20
\thm@headfont=\toks21
\thm@notefont=\toks22
\thm@headpunct=\toks23
\thm@preskip=\skip48
\thm@postskip=\skip49
\thm@headsep=\skip50
\dth@everypar=\toks24
)
("C:\Arquivos de programas\MiKTeX 2.9\tex\latex\enumitem\enumitem.sty"
Package: enumitem 2011/09/28 v3.5.2 Customized lists
\enitkv@toks@=\toks25
\labelindent=\skip51
\enit@outerparindent=\dimen114
\enit@toks=\toks26
\enit@inbox=\box29
\enitdp@description=\count99
)
("C:\Documents and Settings\Cliente\Dados de aplicativos\MiKTeX\2.9\tex\latex\x
string\xstring.sty"
("C:\Documents and Settings\Cliente\Dados de aplicativos\MiKTeX\2.9\tex\generic
\xstring\xstring.tex"
\@xs@message=\write3
\integerpart=\count100
\decimalpart=\count101
)
Package: xstring 2013/10/13  v1.7c  String manipulations (C Tellechea)
)
("C:\Arquivos de programas\MiKTeX 2.9\tex\latex\graphics\graphicx.sty"
Package: graphicx 2014/10/28 v1.0g Enhanced LaTeX Graphics (DPC,SPQR)

("C:\Arquivos de programas\MiKTeX 2.9\tex\latex\graphics\keyval.sty"
Package: keyval 2014/10/28 v1.15 key=value parser (DPC)
\KV@toks@=\toks27
)
("C:\Arquivos de programas\MiKTeX 2.9\tex\latex\graphics\graphics.sty"
Package: graphics 2014/10/28 v1.0p Standard LaTeX Graphics (DPC,SPQR)

("C:\Arquivos de programas\MiKTeX 2.9\tex\latex\graphics\trig.sty"
Package: trig 1999/03/16 v1.09 sin cos tan (DPC)
)
("C:\Arquivos de programas\MiKTeX 2.9\tex\latex\00miktex\graphics.cfg"
File: graphics.cfg 2007/01/18 v1.5 graphics configuration of teTeX/TeXLive
)
Package graphics Info: Driver file: pdftex.def on input line 91.

("C:\Arquivos de programas\MiKTeX 2.9\tex\latex\pdftex-def\pdftex.def"
File: pdftex.def 2011/05/27 v0.06d Graphics/color for pdfTeX

("C:\Arquivos de programas\MiKTeX 2.9\tex\generic\oberdiek\infwarerr.sty"
Package: infwarerr 2010/04/08 v1.3 Providing info/warning/error messages (HO)
)
("C:\Arquivos de programas\MiKTeX 2.9\tex\generic\oberdiek\ltxcmds.sty"
Package: ltxcmds 2011/11/09 v1.22 LaTeX kernel commands for general use (HO)
)
\Gread@gobject=\count102
))
\Gin@req@height=\dimen115
\Gin@req@width=\dimen116
)
("C:\Arquivos de programas\MiKTeX 2.9\tex\latex\geometry\geometry.sty"
Package: geometry 2010/09/12 v5.6 Page Geometry

("C:\Arquivos de programas\MiKTeX 2.9\tex\generic\oberdiek\ifpdf.sty"
Package: ifpdf 2011/01/30 v2.3 Provides the ifpdf switch (HO)
Package ifpdf Info: pdfTeX in PDF mode is detected.
)
("C:\Arquivos de programas\MiKTeX 2.9\tex\generic\oberdiek\ifvtex.sty"
Package: ifvtex 2010/03/01 v1.5 Detect VTeX and its facilities (HO)
Package ifvtex Info: VTeX not detected.
)
("C:\Arquivos de programas\MiKTeX 2.9\tex\generic\ifxetex\ifxetex.sty"
Package: ifxetex 2010/09/12 v0.6 Provides ifxetex conditional
)
\Gm@cnth=\count103
\Gm@cntv=\count104
\c@Gm@tempcnt=\count105
\Gm@bindingoffset=\dimen117
\Gm@wd@mp=\dimen118
\Gm@odd@mp=\dimen119
\Gm@even@mp=\dimen120
\Gm@layoutwidth=\dimen121
\Gm@layoutheight=\dimen122
\Gm@layouthoffset=\dimen123
\Gm@layoutvoffset=\dimen124
\Gm@dimlist=\toks28

("C:\Arquivos de programas\MiKTeX 2.9\tex\latex\geometry\geometry.cfg"))
("C:\Arquivos de programas\MiKTeX 2.9\tex\latex\babel\babel.sty"
Package: babel 2014/09/25 3.9l The Babel package

*************************************
* Local config file bblopts.cfg used
*
("C:\Arquivos de programas\MiKTeX 2.9\tex\latex\00miktex\bblopts.cfg"
File: bblopts.cfg 2006/07/31 v1.0 MiKTeX 'babel' configuration
)
("C:\Arquivos de programas\MiKTeX 2.9\tex\latex\babel-portuges\portuges.ldf"
Language: portuges 2008/03/18 v1.2q Portuguese support from the babel system

("C:\Arquivos de programas\MiKTeX 2.9\tex\latex\babel\babel.def"
File: babel.def 2014/09/25 3.9l Babel common definitions
\babel@savecnt=\count106
\U@D=\dimen125
)
Package babel Info: Making " an active character on input line 145.
)
("C:\Arquivos de programas\MiKTeX 2.9\tex\latex\babel-portuges\portuges.ldf"
Language: portuges 2008/03/18 v1.2q Portuguese support from the babel system
\l@brazilian = a dialect from \language\l@portuges 
))
("C:\Arquivos de programas\MiKTeX 2.9\tex\latex\base\inputenc.sty"
Package: inputenc 2014/04/30 v1.2b Input encoding file
\inpenc@prehook=\toks29
\inpenc@posthook=\toks30

("C:\Arquivos de programas\MiKTeX 2.9\tex\latex\base\ansinew.def"
File: ansinew.def 2014/04/30 v1.2b Input encoding file
))
("C:\Arquivos de programas\MiKTeX 2.9\tex\latex\base\fontenc.sty"
Package: fontenc 2005/09/27 v1.99g Standard LaTeX package

("C:\Arquivos de programas\MiKTeX 2.9\tex\latex\base\t1enc.def"
File: t1enc.def 2005/09/27 v1.99g Standard LaTeX file
LaTeX Font Info:    Redeclaring font encoding T1 on input line 43.
))
("C:\Arquivos de programas\MiKTeX 2.9\tex\latex\comment\comment.sty"
\CommentStream=\write4

Excluding comment 'comment')
("C:\Arquivos de programas\MiKTeX 2.9\tex\latex\textgreek\textgreek.sty"
Package: textgreek 2011/10/09 v0.7 Greek symbols in text
Package textgreek Info: Loading the definitions for the Greek fontencoding. on 
input line 39.

("C:\Arquivos de programas\MiKTeX 2.9\tex\latex\greek-fontenc\lgrenc.def"
File: lgrenc.def 2015/08/08 v0.13 LGR Greek font encoding definitions

("C:\Arquivos de programas\MiKTeX 2.9\tex\latex\greek-fontenc\greek-fontenc.def
"
File: greek-fontenc.def 2015/08/04 v0.13 Common Greek font encoding definitions

))
Package textgreek Info: Loaded fontmap: {eur/*/*}{U/eur/*/*} {phv/*/*}{U/psy/*/
*}. on input line 69.
) ("C:\Arquivos de programas\MiKTeX 2.9\tex\latex\yfonts\yfonts.sty"
Package: yfonts 2003/01/08 v1.3 (WaS)
)
("C:\Arquivos de programas\MiKTeX 2.9\tex\latex\microtype\microtype.sty"
Package: microtype 2013/05/23 v2.5a Micro-typographical refinements (RS)
\MT@toks=\toks31
\MT@count=\count107
LaTeX Info: Redefining \textls on input line 766.
\MT@outer@kern=\dimen126
LaTeX Info: Redefining \textmicrotypecontext on input line 1285.
\MT@listname@count=\count108

("C:\Arquivos de programas\MiKTeX 2.9\tex\latex\microtype\microtype-pdftex.def"
File: microtype-pdftex.def 2013/05/23 v2.5a Definitions specific to pdftex (RS)

LaTeX Info: Redefining \lsstyle on input line 915.
LaTeX Info: Redefining \lslig on input line 915.
\MT@outer@space=\skip52
)
Package microtype Info: Loading configuration file microtype.cfg.
 ("C:\Arquivos de programas\MiKTeX 2.9\tex\latex\microtype\microtype.cfg"
File: microtype.cfg 2013/05/23 v2.5a microtype main configuration file (RS)
))
("C:\Arquivos de programas\MiKTeX 2.9\tex\latex\fundus-calligra\calligra.sty"
Package: calligra 2012/04/10 v1.9 LaTeX package calligra
)
("C:\Arquivos de programas\MiKTeX 2.9\tex\latex\lm\lmodern.sty"
Package: lmodern 2009/10/30 v1.6 Latin Modern Fonts
LaTeX Font Info:    Overwriting symbol font `operators' in version `normal'
(Font)                  OT1/cmr/m/n --> OT1/lmr/m/n on input line 22.
LaTeX Font Info:    Overwriting symbol font `letters' in version `normal'
(Font)                  OML/cmm/m/it --> OML/lmm/m/it on input line 23.
LaTeX Font Info:    Overwriting symbol font `symbols' in version `normal'
(Font)                  OMS/cmsy/m/n --> OMS/lmsy/m/n on input line 24.
LaTeX Font Info:    Overwriting symbol font `largesymbols' in version `normal'
(Font)                  OMX/cmex/m/n --> OMX/lmex/m/n on input line 25.
LaTeX Font Info:    Overwriting symbol font `operators' in version `bold'
(Font)                  OT1/cmr/bx/n --> OT1/lmr/bx/n on input line 26.
LaTeX Font Info:    Overwriting symbol font `letters' in version `bold'
(Font)                  OML/cmm/b/it --> OML/lmm/b/it on input line 27.
LaTeX Font Info:    Overwriting symbol font `symbols' in version `bold'
(Font)                  OMS/cmsy/b/n --> OMS/lmsy/b/n on input line 28.
LaTeX Font Info:    Overwriting symbol font `largesymbols' in version `bold'
(Font)                  OMX/cmex/m/n --> OMX/lmex/m/n on input line 29.
LaTeX Font Info:    Overwriting math alphabet `\mathbf' in version `normal'
(Font)                  OT1/cmr/bx/n --> OT1/lmr/bx/n on input line 31.
LaTeX Font Info:    Overwriting math alphabet `\mathsf' in version `normal'
(Font)                  OT1/cmss/m/n --> OT1/lmss/m/n on input line 32.
LaTeX Font Info:    Overwriting math alphabet `\mathit' in version `normal'
(Font)                  OT1/cmr/m/it --> OT1/lmr/m/it on input line 33.
LaTeX Font Info:    Overwriting math alphabet `\mathtt' in version `normal'
(Font)                  OT1/cmtt/m/n --> OT1/lmtt/m/n on input line 34.
LaTeX Font Info:    Overwriting math alphabet `\mathbf' in version `bold'
(Font)                  OT1/cmr/bx/n --> OT1/lmr/bx/n on input line 35.
LaTeX Font Info:    Overwriting math alphabet `\mathsf' in version `bold'
(Font)                  OT1/cmss/bx/n --> OT1/lmss/bx/n on input line 36.
LaTeX Font Info:    Overwriting math alphabet `\mathit' in version `bold'
(Font)                  OT1/cmr/bx/it --> OT1/lmr/bx/it on input line 37.
LaTeX Font Info:    Overwriting math alphabet `\mathtt' in version `bold'
(Font)                  OT1/cmtt/m/n --> OT1/lmtt/m/n on input line 38.
)
("C:\Arquivos de programas\MiKTeX 2.9\tex\latex\psnfss\bookman.sty"
Package: bookman 2005/04/12 PSNFSS-v9.2a (SPQR) 
)
("C:\Arquivos de programas\MiKTeX 2.9\tex\latex\psnfss\helvet.sty"
Package: helvet 2005/04/12 PSNFSS-v9.2a (WaS) 
)
("C:\Documents and Settings\Cliente\Dados de aplicativos\MiKTeX\2.9\tex\latex\x
color\xcolor.sty"
Package: xcolor 2007/01/21 v2.11 LaTeX color extensions (UK)

("C:\Arquivos de programas\MiKTeX 2.9\tex\latex\00miktex\color.cfg"
File: color.cfg 2007/01/18 v1.5 color configuration of teTeX/TeXLive
)
Package xcolor Info: Package option `usenames' ignored on input line 216.
Package xcolor Info: Driver file: pdftex.def on input line 225.

("C:\Arquivos de programas\MiKTeX 2.9\tex\latex\colortbl\colortbl.sty"
Package: colortbl 2012/02/13 v1.0a Color table columns (DPC)

("C:\Arquivos de programas\MiKTeX 2.9\tex\latex\tools\array.sty"
Package: array 2014/10/28 v2.4c Tabular extension package (FMi)
\col@sep=\dimen127
\extrarowheight=\dimen128
\NC@list=\toks32
\extratabsurround=\skip53
\backup@length=\skip54
)
\everycr=\toks33
\minrowclearance=\skip55
)
\rownum=\count109
Package xcolor Info: Model `cmy' substituted by `cmy0' on input line 1337.
Package xcolor Info: Model `hsb' substituted by `rgb' on input line 1341.
Package xcolor Info: Model `RGB' extended on input line 1353.
Package xcolor Info: Model `HTML' substituted by `rgb' on input line 1355.
Package xcolor Info: Model `Hsb' substituted by `hsb' on input line 1356.
Package xcolor Info: Model `tHsb' substituted by `hsb' on input line 1357.
Package xcolor Info: Model `HSB' substituted by `hsb' on input line 1358.
Package xcolor Info: Model `Gray' substituted by `gray' on input line 1359.
Package xcolor Info: Model `wave' substituted by `hsb' on input line 1360.

("C:\Arquivos de programas\MiKTeX 2.9\tex\latex\graphics\dvipsnam.def"
File: dvipsnam.def 2014/10/14 v3.0j Driver-dependent file (DPC,SPQR)
)
("C:\Documents and Settings\Cliente\Dados de aplicativos\MiKTeX\2.9\tex\latex\x
color\svgnam.def"
File: svgnam.def 2007/01/21 v2.11 Predefined colors according to SVG 1.1 (UK)
))
("C:\Documents and Settings\Cliente\Dados de aplicativos\MiKTeX\2.9\tex\latex\u
rl\url.sty"
\Urlmuskip=\muskip11
Package: url 2013/09/16  ver 3.4  Verb mode for urls, etc.
)
("C:\Arquivos de programas\MiKTeX 2.9\tex\latex\hyperref\hyperref.sty"
Package: hyperref 2012/11/06 v6.83m Hypertext links for LaTeX

("C:\Arquivos de programas\MiKTeX 2.9\tex\generic\oberdiek\hobsub-hyperref.sty"
Package: hobsub-hyperref 2012/04/25 v1.12 Bundle oberdiek, subset hyperref (HO)

("C:\Arquivos de programas\MiKTeX 2.9\tex\generic\oberdiek\hobsub-generic.sty"
Package: hobsub-generic 2012/04/25 v1.12 Bundle oberdiek, subset generic (HO)
Package: hobsub 2012/04/25 v1.12 Construct package bundles (HO)
Package hobsub Info: Skipping package `infwarerr' (already loaded).
Package hobsub Info: Skipping package `ltxcmds' (already loaded).
Package: ifluatex 2010/03/01 v1.3 Provides the ifluatex switch (HO)
Package ifluatex Info: LuaTeX not detected.
Package hobsub Info: Skipping package `ifvtex' (already loaded).
Package: intcalc 2007/09/27 v1.1 Expandable calculations with integers (HO)
Package hobsub Info: Skipping package `ifpdf' (already loaded).
Package: etexcmds 2011/02/16 v1.5 Avoid name clashes with e-TeX commands (HO)
Package etexcmds Info: Could not find \expanded.
(etexcmds)             That can mean that you are not using pdfTeX 1.50 or
(etexcmds)             that some package has redefined \expanded.
(etexcmds)             In the latter case, load this package earlier.
Package: kvsetkeys 2012/04/25 v1.16 Key value parser (HO)
Package: kvdefinekeys 2011/04/07 v1.3 Define keys (HO)
Package: pdftexcmds 2011/11/29 v0.20 Utility functions of pdfTeX for LuaTeX (HO
)
Package pdftexcmds Info: LuaTeX not detected.
Package pdftexcmds Info: \pdf@primitive is available.
Package pdftexcmds Info: \pdf@ifprimitive is available.
Package pdftexcmds Info: \pdfdraftmode found.
Package: pdfescape 2011/11/25 v1.13 Implements pdfTeX's escape features (HO)
Package: bigintcalc 2012/04/08 v1.3 Expandable calculations on big integers (HO
)
Package: bitset 2011/01/30 v1.1 Handle bit-vector datatype (HO)
Package: uniquecounter 2011/01/30 v1.2 Provide unlimited unique counter (HO)
)
Package hobsub Info: Skipping package `hobsub' (already loaded).
Package: letltxmacro 2010/09/02 v1.4 Let assignment for LaTeX macros (HO)
Package: hopatch 2011/06/24 v1.1 Wrapper for package hooks (HO)
Package: xcolor-patch 2011/01/30 xcolor patch
Package: atveryend 2011/06/30 v1.8 Hooks at the very end of document (HO)
Package atveryend Info: \enddocument detected (standard20110627).
Package: atbegshi 2011/10/05 v1.16 At begin shipout hook (HO)
Package: refcount 2011/10/16 v3.4 Data extraction from label references (HO)
Package: hycolor 2011/01/30 v1.7 Color options for hyperref/bookmark (HO)
) ("C:\Arquivos de programas\MiKTeX 2.9\tex\latex\oberdiek\auxhook.sty"
Package: auxhook 2011/03/04 v1.3 Hooks for auxiliary files (HO)
)
("C:\Arquivos de programas\MiKTeX 2.9\tex\latex\oberdiek\kvoptions.sty"
Package: kvoptions 2011/06/30 v3.11 Key value format for package options (HO)
)
\@linkdim=\dimen129
\Hy@linkcounter=\count110
\Hy@pagecounter=\count111

("C:\Arquivos de programas\MiKTeX 2.9\tex\latex\hyperref\pd1enc.def"
File: pd1enc.def 2012/11/06 v6.83m Hyperref: PDFDocEncoding definition (HO)
)
\Hy@SavedSpaceFactor=\count112

("C:\Arquivos de programas\MiKTeX 2.9\tex\latex\00miktex\hyperref.cfg"
File: hyperref.cfg 2002/06/06 v1.2 hyperref configuration of TeXLive
)
Package hyperref Info: Hyper figures OFF on input line 4443.
Package hyperref Info: Link nesting OFF on input line 4448.
Package hyperref Info: Hyper index ON on input line 4451.
Package hyperref Info: Plain pages OFF on input line 4458.
Package hyperref Info: Backreferencing OFF on input line 4463.
Package hyperref Info: Implicit mode ON; LaTeX internals redefined.
Package hyperref Info: Bookmarks ON on input line 4688.
\c@Hy@tempcnt=\count113
LaTeX Info: Redefining \url on input line 5041.
\XeTeXLinkMargin=\dimen130
\Fld@menulength=\count114
\Field@Width=\dimen131
\Fld@charsize=\dimen132
Package hyperref Info: Hyper figures OFF on input line 6295.
Package hyperref Info: Link nesting OFF on input line 6300.
Package hyperref Info: Hyper index ON on input line 6303.
Package hyperref Info: backreferencing OFF on input line 6310.
Package hyperref Info: Link coloring OFF on input line 6315.
Package hyperref Info: Link coloring with OCG OFF on input line 6320.
Package hyperref Info: PDF/A mode OFF on input line 6325.
LaTeX Info: Redefining \ref on input line 6365.
LaTeX Info: Redefining \pageref on input line 6369.
\Hy@abspage=\count115
\c@Item=\count116
\c@Hfootnote=\count117
)

Package hyperref Message: Driver (autodetected): hpdftex.

("C:\Arquivos de programas\MiKTeX 2.9\tex\latex\hyperref\hpdftex.def"
File: hpdftex.def 2012/11/06 v6.83m Hyperref driver for pdfTeX
\Fld@listcount=\count118
\c@bookmark@seq@number=\count119

("C:\Arquivos de programas\MiKTeX 2.9\tex\latex\oberdiek\rerunfilecheck.sty"
Package: rerunfilecheck 2011/04/15 v1.7 Rerun checks for auxiliary files (HO)
Package uniquecounter Info: New unique counter `rerunfilecheck' on input line 2
82.
)
\Hy@SectionHShift=\skip56
)
("C:\Documents and Settings\Cliente\Dados de aplicativos\MiKTeX\2.9\tex\latex\f
mtcount\fmtcount.sty"
Package: fmtcount 2014/07/18 v3.00

("C:\Arquivos de programas\MiKTeX 2.9\tex\latex\base\ifthen.sty"
Package: ifthen 2014/09/29 v1.1c Standard LaTeX ifthen package (DPC)
)
("C:\Arquivos de programas\MiKTeX 2.9\tex\latex\etoolbox\etoolbox.sty"
Package: etoolbox 2015/03/19 v2.1d e-TeX tools for LaTeX (JAW)

("C:\Arquivos de programas\MiKTeX 2.9\tex\latex\misc\etex.sty"
Package: etex 2015/03/02 v2.1 eTeX basic definition package (PEB,DPC)
\et@xins=\count120
)
\etb@tempcnta=\count121
)
("C:\Documents and Settings\Cliente\Dados de aplicativos\MiKTeX\2.9\tex\latex\f
mtcount\fcprefix.sty"
Package: fcprefix 2012/09/28

("C:\Documents and Settings\Cliente\Dados de aplicativos\MiKTeX\2.9\tex\latex\f
mtcount\fcnumparser.sty"
Package: fcnumparser 2012/09/28
\fc@digit@counter=\count122
))
\c@padzeroesN=\count123
\fc@tmpcatcode=\count124

("C:\Documents and Settings\Cliente\Dados de aplicativos\MiKTeX\2.9\tex\latex\f
mtcount\fc-portuges.def"
File: fc-portuges.def 2014/06/09
)
\@DT@modctr=\count125
\@ordinalctr=\count126
\@orgargctr=\count127
\@strctr=\count128
\@tmpstrctr=\count129
\@DT@loopN=\count130
\@DT@X=\count131
)
("C:\Arquivos de programas\MiKTeX 2.9\tex\latex\sidecap\sidecap.sty"
Package: sidecap 2003/06/06 v1.6f SideCap Package (RN/HjG)
\SC@BOXWD=\dimen133
\SC@CAPWD=\dimen134
\SC@tempdima=\dimen135
\SC@tempdimb=\dimen136
\c@SC@C=\count132
\SC@BOX=\box30
)
("C:\Arquivos de programas\MiKTeX 2.9\tex\latex\float\float.sty"
Package: float 2001/11/08 v1.3d Float enhancements (AL)
\c@float@type=\count133
\float@exts=\toks34
\float@box=\box31
\@float@everytoks=\toks35
\@floatcapt=\box32
)
("C:\Arquivos de programas\MiKTeX 2.9\tex\latex\listings\listings.sty"
\lst@mode=\count134
\lst@gtempboxa=\box33
\lst@token=\toks36
\lst@length=\count135
\lst@currlwidth=\dimen137
\lst@column=\count136
\lst@pos=\count137
\lst@lostspace=\dimen138
\lst@width=\dimen139
\lst@newlines=\count138
\lst@lineno=\count139
\lst@maxwidth=\dimen140

("C:\Arquivos de programas\MiKTeX 2.9\tex\latex\listings\lstmisc.sty"
File: lstmisc.sty 2015/06/04 1.6 (Carsten Heinz)
\c@lstnumber=\count140
\lst@skipnumbers=\count141
\lst@framebox=\box34
)
("C:\Arquivos de programas\MiKTeX 2.9\tex\latex\listings\listings.cfg"
File: listings.cfg 2015/06/04 1.6 listings configuration
))
Package: listings 2015/06/04 1.6 (Carsten Heinz)

("C:\Arquivos de programas\MiKTeX 2.9\tex\latex\matlab-prettifier\matlab-pretti
fier.sty"
Package: matlab-prettifier 2014/06/19 v0.3 A package for prettyprinting Matlab 
source code
 ("C:\Arquivos de programas\MiKTeX 2.9\tex\latex\base\textcomp.sty"
Package: textcomp 2005/09/27 v1.99g Standard LaTeX package
Package textcomp Info: Sub-encoding information:
(textcomp)               5 = only ISO-Adobe without \textcurrency
(textcomp)               4 = 5 + \texteuro
(textcomp)               3 = 4 + \textohm
(textcomp)               2 = 3 + \textestimated + \textcurrency
(textcomp)               1 = TS1 - \textcircled - \t
(textcomp)               0 = TS1 (full)
(textcomp)             Font families with sub-encoding setting implement
(textcomp)             only a restricted character set as indicated.
(textcomp)             Family '?' is the default used for unknown fonts.
(textcomp)             See the documentation for details.
Package textcomp Info: Setting ? sub-encoding to TS1/1 on input line 71.

("C:\Arquivos de programas\MiKTeX 2.9\tex\latex\base\ts1enc.def"
File: ts1enc.def 2001/06/05 v3.0e (jk/car/fm) Standard LaTeX file
)
LaTeX Info: Redefining \oldstylenums on input line 266.
Package textcomp Info: Setting cmr sub-encoding to TS1/0 on input line 281.
Package textcomp Info: Setting cmss sub-encoding to TS1/0 on input line 282.
Package textcomp Info: Setting cmtt sub-encoding to TS1/0 on input line 283.
Package textcomp Info: Setting cmvtt sub-encoding to TS1/0 on input line 284.
Package textcomp Info: Setting cmbr sub-encoding to TS1/0 on input line 285.
Package textcomp Info: Setting cmtl sub-encoding to TS1/0 on input line 286.
Package textcomp Info: Setting ccr sub-encoding to TS1/0 on input line 287.
Package textcomp Info: Setting ptm sub-encoding to TS1/4 on input line 288.
Package textcomp Info: Setting pcr sub-encoding to TS1/4 on input line 289.
Package textcomp Info: Setting phv sub-encoding to TS1/4 on input line 290.
Package textcomp Info: Setting ppl sub-encoding to TS1/3 on input line 291.
Package textcomp Info: Setting pag sub-encoding to TS1/4 on input line 292.
Package textcomp Info: Setting pbk sub-encoding to TS1/4 on input line 293.
Package textcomp Info: Setting pnc sub-encoding to TS1/4 on input line 294.
Package textcomp Info: Setting pzc sub-encoding to TS1/4 on input line 295.
Package textcomp Info: Setting bch sub-encoding to TS1/4 on input line 296.
Package textcomp Info: Setting put sub-encoding to TS1/5 on input line 297.
Package textcomp Info: Setting uag sub-encoding to TS1/5 on input line 298.
Package textcomp Info: Setting ugq sub-encoding to TS1/5 on input line 299.
Package textcomp Info: Setting ul8 sub-encoding to TS1/4 on input line 300.
Package textcomp Info: Setting ul9 sub-encoding to TS1/4 on input line 301.
Package textcomp Info: Setting augie sub-encoding to TS1/5 on input line 302.
Package textcomp Info: Setting dayrom sub-encoding to TS1/3 on input line 303.
Package textcomp Info: Setting dayroms sub-encoding to TS1/3 on input line 304.

Package textcomp Info: Setting pxr sub-encoding to TS1/0 on input line 305.
Package textcomp Info: Setting pxss sub-encoding to TS1/0 on input line 306.
Package textcomp Info: Setting pxtt sub-encoding to TS1/0 on input line 307.
Package textcomp Info: Setting txr sub-encoding to TS1/0 on input line 308.
Package textcomp Info: Setting txss sub-encoding to TS1/0 on input line 309.
Package textcomp Info: Setting txtt sub-encoding to TS1/0 on input line 310.
Package textcomp Info: Setting lmr sub-encoding to TS1/0 on input line 311.
Package textcomp Info: Setting lmdh sub-encoding to TS1/0 on input line 312.
Package textcomp Info: Setting lmss sub-encoding to TS1/0 on input line 313.
Package textcomp Info: Setting lmssq sub-encoding to TS1/0 on input line 314.
Package textcomp Info: Setting lmvtt sub-encoding to TS1/0 on input line 315.
Package textcomp Info: Setting qhv sub-encoding to TS1/0 on input line 316.
Package textcomp Info: Setting qag sub-encoding to TS1/0 on input line 317.
Package textcomp Info: Setting qbk sub-encoding to TS1/0 on input line 318.
Package textcomp Info: Setting qcr sub-encoding to TS1/0 on input line 319.
Package textcomp Info: Setting qcs sub-encoding to TS1/0 on input line 320.
Package textcomp Info: Setting qpl sub-encoding to TS1/0 on input line 321.
Package textcomp Info: Setting qtm sub-encoding to TS1/0 on input line 322.
Package textcomp Info: Setting qzc sub-encoding to TS1/0 on input line 323.
Package textcomp Info: Setting qhvc sub-encoding to TS1/0 on input line 324.
Package textcomp Info: Setting futs sub-encoding to TS1/4 on input line 325.
Package textcomp Info: Setting futx sub-encoding to TS1/4 on input line 326.
Package textcomp Info: Setting futj sub-encoding to TS1/4 on input line 327.
Package textcomp Info: Setting hlh sub-encoding to TS1/3 on input line 328.
Package textcomp Info: Setting hls sub-encoding to TS1/3 on input line 329.
Package textcomp Info: Setting hlst sub-encoding to TS1/3 on input line 330.
Package textcomp Info: Setting hlct sub-encoding to TS1/5 on input line 331.
Package textcomp Info: Setting hlx sub-encoding to TS1/5 on input line 332.
Package textcomp Info: Setting hlce sub-encoding to TS1/5 on input line 333.
Package textcomp Info: Setting hlcn sub-encoding to TS1/5 on input line 334.
Package textcomp Info: Setting hlcw sub-encoding to TS1/5 on input line 335.
Package textcomp Info: Setting hlcf sub-encoding to TS1/5 on input line 336.
Package textcomp Info: Setting pplx sub-encoding to TS1/3 on input line 337.
Package textcomp Info: Setting pplj sub-encoding to TS1/3 on input line 338.
Package textcomp Info: Setting ptmx sub-encoding to TS1/4 on input line 339.
Package textcomp Info: Setting ptmj sub-encoding to TS1/4 on input line 340.
)
\netBracketCount@mlpr=\count142
\blkLvl@mlpr=\count143
\blkLvlAtClassdef@mlpr=\count144
\emHeight@mlpr=\skip57
\jayDepth@mlpr=\skip58
\sectionRuleOffset@mlpr=\skip59
\toks@mlpr=\toks37
)
("C:\Arquivos de programas\MiKTeX 2.9\tex\latex\amsfonts\amssymb.sty"
Package: amssymb 2013/01/14 v3.01 AMS font symbols
)
("C:\Arquivos de programas\MiKTeX 2.9\tex\latex\wasysym\wasysym.sty"
Package: wasysym 2003/10/30 v2.0 Wasy-2 symbol support package
\symwasy=\mathgroup6
LaTeX Font Info:    Overwriting symbol font `wasy' in version `bold'
(Font)                  U/wasy/m/n --> U/wasy/b/n on input line 90.
)
("C:\Arquivos de programas\MiKTeX 2.9\tex\latex\mathtools\mathtools.sty"
Package: mathtools 2015/06/17 v1.17 mathematical typesetting tools

("C:\Arquivos de programas\MiKTeX 2.9\tex\latex\tools\calc.sty"
Package: calc 2014/10/28 v4.3 Infix arithmetic (KKT,FJ)
\calc@Acount=\count145
\calc@Bcount=\count146
\calc@Adimen=\dimen141
\calc@Bdimen=\dimen142
\calc@Askip=\skip60
\calc@Bskip=\skip61
LaTeX Info: Redefining \setlength on input line 75.
LaTeX Info: Redefining \addtolength on input line 76.
\calc@Ccount=\count147
\calc@Cskip=\skip62
)
("C:\Arquivos de programas\MiKTeX 2.9\tex\latex\mathtools\mhsetup.sty"
Package: mhsetup 2010/01/21 v1.2a programming setup (MH)
)
LaTeX Info: Thecontrolsequence`\['isalreadyrobust on input line 129.
LaTeX Info: Thecontrolsequence`\]'isalreadyrobust on input line 129.
\g_MT_multlinerow_int=\count148
\l_MT_multwidth_dim=\dimen143
\origjot=\skip63
\l_MT_shortvdotswithinadjustabove_dim=\dimen144
\l_MT_shortvdotswithinadjustbelow_dim=\dimen145
\l_MT_above_intertext_sep=\dimen146
\l_MT_below_intertext_sep=\dimen147
\l_MT_above_shortintertext_sep=\dimen148
\l_MT_below_shortintertext_sep=\dimen149
)
("C:\Arquivos de programas\MiKTeX 2.9\tex\latex\bbm\bbm.sty"
Package: bbm 1999/03/15 V 1.2 provides fonts for set symbols - TH
LaTeX Font Info:    Overwriting math alphabet `\mathbbm' in version `bold'
(Font)                  U/bbm/m/n --> U/bbm/bx/n on input line 33.
LaTeX Font Info:    Overwriting math alphabet `\mathbbmss' in version `bold'
(Font)                  U/bbmss/m/n --> U/bbmss/bx/n on input line 35.
)
("C:\Arquivos de programas\MiKTeX 2.9\tex\latex\mbboard\mbboard.sty"
\symmbb=\mathgroup7
LaTeX Font Info:    Redeclaring symbol font `mbb' on input line 21.
LaTeX Font Info:    Overwriting symbol font `mbb' in version `normal'
(Font)                  OT1/mbb/m/n --> OT1/mbb/bx/n on input line 21.
LaTeX Font Info:    Overwriting symbol font `mbb' in version `bold'
(Font)                  OT1/mbb/m/n --> OT1/mbb/bx/n on input line 21.

("C:\Arquivos de programas\MiKTeX 2.9\tex\latex\mbboard\mbboard.dcl"
LaTeX Font Info:    Redeclaring math symbol \Bbbk on input line 13.
))
("C:\Documents and Settings\Cliente\Dados de aplicativos\MiKTeX\2.9\tex\latex\s
teinmetz\steinmetz.sty"
Package: steinmetz 2009/06/14 v1.0 Steinmetz symbol for electrotechnics

("C:\Documents and Settings\Cliente\Dados de aplicativos\MiKTeX\2.9\tex\latex\p
ict2e\pict2e.sty"
Package: pict2e 2014/01/12 v0.2z Improved picture commands (HjG,RN,JT)

("C:\Arquivos de programas\MiKTeX 2.9\tex\latex\00miktex\pict2e.cfg"
File: pict2e.cfg 2005/12/29 v1.0 MiKTeX 'pict2e' configuration
)
Package pict2e Info: Driver file: pdftex.def on input line 119.
Package pict2e Info: Driver file for pict2e: p2e-pdftex.def on input line 121.

("C:\Documents and Settings\Cliente\Dados de aplicativos\MiKTeX\2.9\tex\latex\p
ict2e\p2e-pdftex.def"
File: p2e-pdftex.def 2011/04/05 v0.1t Driver-dependant file (RN,HjG,JT)
)
\pIIe@GRAPH=\toks38
\@arclen=\dimen150
\@arcrad=\dimen151
\@tempdimd=\dimen152
)
\stm@phasebox=\box35
\stm@phasedp=\skip64
\stm@phaseht=\skip65
\stm@phasetot=\skip66
\stm@phasewd=\skip67
)
("C:\Documents and Settings\Cliente\Dados de aplicativos\MiKTeX\2.9\tex\latex\p
gf\frontendlayer\tikz.sty"
("C:\Documents and Settings\Cliente\Dados de aplicativos\MiKTeX\2.9\tex\latex\p
gf\basiclayer\pgf.sty"
("C:\Documents and Settings\Cliente\Dados de aplicativos\MiKTeX\2.9\tex\latex\p
gf\utilities\pgfrcs.sty"
("C:\Documents and Settings\Cliente\Dados de aplicativos\MiKTeX\2.9\tex\generic
\pgf\utilities\pgfutil-common.tex"
\pgfutil@everybye=\toks39
\pgfutil@tempdima=\dimen153
\pgfutil@tempdimb=\dimen154

("C:\Documents and Settings\Cliente\Dados de aplicativos\MiKTeX\2.9\tex\generic
\pgf\utilities\pgfutil-common-lists.tex"))
("C:\Documents and Settings\Cliente\Dados de aplicativos\MiKTeX\2.9\tex\generic
\pgf\utilities\pgfutil-latex.def"
\pgfutil@abb=\box36

("C:\Documents and Settings\Cliente\Dados de aplicativos\MiKTeX\2.9\tex\latex\m
s\everyshi.sty"
Package: everyshi 2001/05/15 v3.00 EveryShipout Package (MS)
))
("C:\Documents and Settings\Cliente\Dados de aplicativos\MiKTeX\2.9\tex\generic
\pgf\utilities\pgfrcs.code.tex"
Package: pgfrcs 2013/12/20 v3.0.0 (rcs-revision 1.28)
))
Package: pgf 2013/12/18 v3.0.0 (rcs-revision 1.14)

("C:\Documents and Settings\Cliente\Dados de aplicativos\MiKTeX\2.9\tex\latex\p
gf\basiclayer\pgfcore.sty"
("C:\Documents and Settings\Cliente\Dados de aplicativos\MiKTeX\2.9\tex\latex\p
gf\systemlayer\pgfsys.sty"
("C:\Documents and Settings\Cliente\Dados de aplicativos\MiKTeX\2.9\tex\generic
\pgf\systemlayer\pgfsys.code.tex"
Package: pgfsys 2013/11/30 v3.0.0 (rcs-revision 1.47)

("C:\Documents and Settings\Cliente\Dados de aplicativos\MiKTeX\2.9\tex\generic
\pgf\utilities\pgfkeys.code.tex"
\pgfkeys@pathtoks=\toks40
\pgfkeys@temptoks=\toks41

("C:\Documents and Settings\Cliente\Dados de aplicativos\MiKTeX\2.9\tex\generic
\pgf\utilities\pgfkeysfiltered.code.tex"
\pgfkeys@tmptoks=\toks42
))
\pgf@x=\dimen155
\pgf@y=\dimen156
\pgf@xa=\dimen157
\pgf@ya=\dimen158
\pgf@xb=\dimen159
\pgf@yb=\dimen160
\pgf@xc=\dimen161
\pgf@yc=\dimen162
\w@pgf@writea=\write5
\r@pgf@reada=\read1
\c@pgf@counta=\count149
\c@pgf@countb=\count150
\c@pgf@countc=\count151
\c@pgf@countd=\count152
\t@pgf@toka=\toks43
\t@pgf@tokb=\toks44
\t@pgf@tokc=\toks45

("C:\Documents and Settings\Cliente\Dados de aplicativos\MiKTeX\2.9\tex\generic
\pgf\systemlayer\pgf.cfg"
File: pgf.cfg 2008/05/14  (rcs-revision 1.7)
)
Driver file for pgf: pgfsys-pdftex.def

("C:\Documents and Settings\Cliente\Dados de aplicativos\MiKTeX\2.9\tex\generic
\pgf\systemlayer\pgfsys-pdftex.def"
File: pgfsys-pdftex.def 2013/07/18  (rcs-revision 1.33)

("C:\Documents and Settings\Cliente\Dados de aplicativos\MiKTeX\2.9\tex\generic
\pgf\systemlayer\pgfsys-common-pdf.def"
File: pgfsys-common-pdf.def 2013/10/10  (rcs-revision 1.13)
)))
("C:\Documents and Settings\Cliente\Dados de aplicativos\MiKTeX\2.9\tex\generic
\pgf\systemlayer\pgfsyssoftpath.code.tex"
File: pgfsyssoftpath.code.tex 2013/09/09  (rcs-revision 1.9)
\pgfsyssoftpath@smallbuffer@items=\count153
\pgfsyssoftpath@bigbuffer@items=\count154
)
("C:\Documents and Settings\Cliente\Dados de aplicativos\MiKTeX\2.9\tex\generic
\pgf\systemlayer\pgfsysprotocol.code.tex"
File: pgfsysprotocol.code.tex 2006/10/16  (rcs-revision 1.4)
))
("C:\Documents and Settings\Cliente\Dados de aplicativos\MiKTeX\2.9\tex\generic
\pgf\basiclayer\pgfcore.code.tex"
Package: pgfcore 2010/04/11 v3.0.0 (rcs-revision 1.7)

("C:\Documents and Settings\Cliente\Dados de aplicativos\MiKTeX\2.9\tex\generic
\pgf\math\pgfmath.code.tex"
("C:\Documents and Settings\Cliente\Dados de aplicativos\MiKTeX\2.9\tex\generic
\pgf\math\pgfmathcalc.code.tex"
("C:\Documents and Settings\Cliente\Dados de aplicativos\MiKTeX\2.9\tex\generic
\pgf\math\pgfmathutil.code.tex")
("C:\Documents and Settings\Cliente\Dados de aplicativos\MiKTeX\2.9\tex\generic
\pgf\math\pgfmathparser.code.tex"
\pgfmath@dimen=\dimen163
\pgfmath@count=\count155
\pgfmath@box=\box37
\pgfmath@toks=\toks46
\pgfmath@stack@operand=\toks47
\pgfmath@stack@operation=\toks48
)
("C:\Documents and Settings\Cliente\Dados de aplicativos\MiKTeX\2.9\tex\generic
\pgf\math\pgfmathfunctions.code.tex"
("C:\Documents and Settings\Cliente\Dados de aplicativos\MiKTeX\2.9\tex\generic
\pgf\math\pgfmathfunctions.basic.code.tex")
("C:\Documents and Settings\Cliente\Dados de aplicativos\MiKTeX\2.9\tex\generic
\pgf\math\pgfmathfunctions.trigonometric.code.tex")
("C:\Documents and Settings\Cliente\Dados de aplicativos\MiKTeX\2.9\tex\generic
\pgf\math\pgfmathfunctions.random.code.tex")
("C:\Documents and Settings\Cliente\Dados de aplicativos\MiKTeX\2.9\tex\generic
\pgf\math\pgfmathfunctions.comparison.code.tex")
("C:\Documents and Settings\Cliente\Dados de aplicativos\MiKTeX\2.9\tex\generic
\pgf\math\pgfmathfunctions.base.code.tex")
("C:\Documents and Settings\Cliente\Dados de aplicativos\MiKTeX\2.9\tex\generic
\pgf\math\pgfmathfunctions.round.code.tex")
("C:\Documents and Settings\Cliente\Dados de aplicativos\MiKTeX\2.9\tex\generic
\pgf\math\pgfmathfunctions.misc.code.tex")
("C:\Documents and Settings\Cliente\Dados de aplicativos\MiKTeX\2.9\tex\generic
\pgf\math\pgfmathfunctions.integerarithmetics.code.tex")))
("C:\Documents and Settings\Cliente\Dados de aplicativos\MiKTeX\2.9\tex\generic
\pgf\math\pgfmathfloat.code.tex"
\c@pgfmathroundto@lastzeros=\count156
))
("C:\Documents and Settings\Cliente\Dados de aplicativos\MiKTeX\2.9\tex\generic
\pgf\basiclayer\pgfcorepoints.code.tex"
File: pgfcorepoints.code.tex 2013/10/07  (rcs-revision 1.27)
\pgf@picminx=\dimen164
\pgf@picmaxx=\dimen165
\pgf@picminy=\dimen166
\pgf@picmaxy=\dimen167
\pgf@pathminx=\dimen168
\pgf@pathmaxx=\dimen169
\pgf@pathminy=\dimen170
\pgf@pathmaxy=\dimen171
\pgf@xx=\dimen172
\pgf@xy=\dimen173
\pgf@yx=\dimen174
\pgf@yy=\dimen175
\pgf@zx=\dimen176
\pgf@zy=\dimen177
)
("C:\Documents and Settings\Cliente\Dados de aplicativos\MiKTeX\2.9\tex\generic
\pgf\basiclayer\pgfcorepathconstruct.code.tex"
File: pgfcorepathconstruct.code.tex 2013/10/07  (rcs-revision 1.29)
\pgf@path@lastx=\dimen178
\pgf@path@lasty=\dimen179
)
("C:\Documents and Settings\Cliente\Dados de aplicativos\MiKTeX\2.9\tex\generic
\pgf\basiclayer\pgfcorepathusage.code.tex"
File: pgfcorepathusage.code.tex 2013/12/13  (rcs-revision 1.23)
\pgf@shorten@end@additional=\dimen180
\pgf@shorten@start@additional=\dimen181
)
("C:\Documents and Settings\Cliente\Dados de aplicativos\MiKTeX\2.9\tex\generic
\pgf\basiclayer\pgfcorescopes.code.tex"
File: pgfcorescopes.code.tex 2013/10/09  (rcs-revision 1.44)
\pgfpic=\box38
\pgf@hbox=\box39
\pgf@layerbox@main=\box40
\pgf@picture@serial@count=\count157
)
("C:\Documents and Settings\Cliente\Dados de aplicativos\MiKTeX\2.9\tex\generic
\pgf\basiclayer\pgfcoregraphicstate.code.tex"
File: pgfcoregraphicstate.code.tex 2013/09/19  (rcs-revision 1.11)
\pgflinewidth=\dimen182
)
("C:\Documents and Settings\Cliente\Dados de aplicativos\MiKTeX\2.9\tex\generic
\pgf\basiclayer\pgfcoretransformations.code.tex"
File: pgfcoretransformations.code.tex 2013/10/10  (rcs-revision 1.17)
\pgf@pt@x=\dimen183
\pgf@pt@y=\dimen184
\pgf@pt@temp=\dimen185
)
("C:\Documents and Settings\Cliente\Dados de aplicativos\MiKTeX\2.9\tex\generic
\pgf\basiclayer\pgfcorequick.code.tex"
File: pgfcorequick.code.tex 2008/10/09  (rcs-revision 1.3)
)
("C:\Documents and Settings\Cliente\Dados de aplicativos\MiKTeX\2.9\tex\generic
\pgf\basiclayer\pgfcoreobjects.code.tex"
File: pgfcoreobjects.code.tex 2006/10/11  (rcs-revision 1.2)
)
("C:\Documents and Settings\Cliente\Dados de aplicativos\MiKTeX\2.9\tex\generic
\pgf\basiclayer\pgfcorepathprocessing.code.tex"
File: pgfcorepathprocessing.code.tex 2013/09/09  (rcs-revision 1.9)
)
("C:\Documents and Settings\Cliente\Dados de aplicativos\MiKTeX\2.9\tex\generic
\pgf\basiclayer\pgfcorearrows.code.tex"
File: pgfcorearrows.code.tex 2013/11/07  (rcs-revision 1.40)
\pgfarrowsep=\dimen186
)
("C:\Documents and Settings\Cliente\Dados de aplicativos\MiKTeX\2.9\tex\generic
\pgf\basiclayer\pgfcoreshade.code.tex"
File: pgfcoreshade.code.tex 2013/07/15  (rcs-revision 1.15)
\pgf@max=\dimen187
\pgf@sys@shading@range@num=\count158
)
("C:\Documents and Settings\Cliente\Dados de aplicativos\MiKTeX\2.9\tex\generic
\pgf\basiclayer\pgfcoreimage.code.tex"
File: pgfcoreimage.code.tex 2013/07/15  (rcs-revision 1.18)

("C:\Documents and Settings\Cliente\Dados de aplicativos\MiKTeX\2.9\tex\generic
\pgf\basiclayer\pgfcoreexternal.code.tex"
File: pgfcoreexternal.code.tex 2013/07/15  (rcs-revision 1.20)
\pgfexternal@startupbox=\box41
))
("C:\Documents and Settings\Cliente\Dados de aplicativos\MiKTeX\2.9\tex\generic
\pgf\basiclayer\pgfcorelayers.code.tex"
File: pgfcorelayers.code.tex 2013/07/18  (rcs-revision 1.7)
)
("C:\Documents and Settings\Cliente\Dados de aplicativos\MiKTeX\2.9\tex\generic
\pgf\basiclayer\pgfcoretransparency.code.tex"
File: pgfcoretransparency.code.tex 2013/09/30  (rcs-revision 1.5)
)
("C:\Documents and Settings\Cliente\Dados de aplicativos\MiKTeX\2.9\tex\generic
\pgf\basiclayer\pgfcorepatterns.code.tex"
File: pgfcorepatterns.code.tex 2013/11/07  (rcs-revision 1.5)
)))
("C:\Documents and Settings\Cliente\Dados de aplicativos\MiKTeX\2.9\tex\generic
\pgf\modules\pgfmoduleshapes.code.tex"
File: pgfmoduleshapes.code.tex 2013/10/31  (rcs-revision 1.34)
\pgfnodeparttextbox=\box42
)
("C:\Documents and Settings\Cliente\Dados de aplicativos\MiKTeX\2.9\tex\generic
\pgf\modules\pgfmoduleplot.code.tex"
File: pgfmoduleplot.code.tex 2013/07/31  (rcs-revision 1.12)
)
("C:\Documents and Settings\Cliente\Dados de aplicativos\MiKTeX\2.9\tex\latex\p
gf\compatibility\pgfcomp-version-0-65.sty"
Package: pgfcomp-version-0-65 2007/07/03 v3.0.0 (rcs-revision 1.7)
\pgf@nodesepstart=\dimen188
\pgf@nodesepend=\dimen189
)
("C:\Documents and Settings\Cliente\Dados de aplicativos\MiKTeX\2.9\tex\latex\p
gf\compatibility\pgfcomp-version-1-18.sty"
Package: pgfcomp-version-1-18 2007/07/23 v3.0.0 (rcs-revision 1.1)
))
("C:\Documents and Settings\Cliente\Dados de aplicativos\MiKTeX\2.9\tex\latex\p
gf\utilities\pgffor.sty"
("C:\Documents and Settings\Cliente\Dados de aplicativos\MiKTeX\2.9\tex\latex\p
gf\utilities\pgfkeys.sty"
("C:\Documents and Settings\Cliente\Dados de aplicativos\MiKTeX\2.9\tex\generic
\pgf\utilities\pgfkeys.code.tex"))
("C:\Documents and Settings\Cliente\Dados de aplicativos\MiKTeX\2.9\tex\latex\p
gf\math\pgfmath.sty"
("C:\Documents and Settings\Cliente\Dados de aplicativos\MiKTeX\2.9\tex\generic
\pgf\math\pgfmath.code.tex"))
("C:\Documents and Settings\Cliente\Dados de aplicativos\MiKTeX\2.9\tex\generic
\pgf\utilities\pgffor.code.tex"
Package: pgffor 2013/12/13 v3.0.0 (rcs-revision 1.25)

("C:\Documents and Settings\Cliente\Dados de aplicativos\MiKTeX\2.9\tex\generic
\pgf\math\pgfmath.code.tex")
\pgffor@iter=\dimen190
\pgffor@skip=\dimen191
\pgffor@stack=\toks49
\pgffor@toks=\toks50
))
("C:\Documents and Settings\Cliente\Dados de aplicativos\MiKTeX\2.9\tex\generic
\pgf\frontendlayer\tikz\tikz.code.tex"
Package: tikz 2013/12/13 v3.0.0 (rcs-revision 1.142)

("C:\Documents and Settings\Cliente\Dados de aplicativos\MiKTeX\2.9\tex\generic
\pgf\libraries\pgflibraryplothandlers.code.tex"
File: pgflibraryplothandlers.code.tex 2013/08/31 v3.0.0 (rcs-revision 1.20)
\pgf@plot@mark@count=\count159
\pgfplotmarksize=\dimen192
)
\tikz@lastx=\dimen193
\tikz@lasty=\dimen194
\tikz@lastxsaved=\dimen195
\tikz@lastysaved=\dimen196
\tikzleveldistance=\dimen197
\tikzsiblingdistance=\dimen198
\tikz@figbox=\box43
\tikz@figbox@bg=\box44
\tikz@tempbox=\box45
\tikz@tempbox@bg=\box46
\tikztreelevel=\count160
\tikznumberofchildren=\count161
\tikznumberofcurrentchild=\count162
\tikz@fig@count=\count163

("C:\Documents and Settings\Cliente\Dados de aplicativos\MiKTeX\2.9\tex\generic
\pgf\modules\pgfmodulematrix.code.tex"
File: pgfmodulematrix.code.tex 2013/09/17  (rcs-revision 1.8)
\pgfmatrixcurrentrow=\count164
\pgfmatrixcurrentcolumn=\count165
\pgf@matrix@numberofcolumns=\count166
)
\tikz@expandcount=\count167

("C:\Documents and Settings\Cliente\Dados de aplicativos\MiKTeX\2.9\tex\generic
\pgf\frontendlayer\tikz\libraries\tikzlibrarytopaths.code.tex"
File: tikzlibrarytopaths.code.tex 2008/06/17 v3.0.0 (rcs-revision 1.2)
)))
("C:\Documents and Settings\Cliente\Dados de aplicativos\MiKTeX\2.9\tex\latex\c
ircuitikz\circuitikz.sty"
Package: circuitikz 2012/12/29 The CircuiTikz circuit drawing package version 0
.3.0

("C:\Documents and Settings\Cliente\Dados de aplicativos\MiKTeX\2.9\tex\generic
\pgf\frontendlayer\tikz\libraries\tikzlibrarycalc.code.tex"
File: tikzlibrarycalc.code.tex 2013/07/15 v3.0.0 (rcs-revision 1.9)
)
("C:\Documents and Settings\Cliente\Dados de aplicativos\MiKTeX\2.9\tex\generic
\pgf\libraries\decorations\pgflibrarydecorations.pathmorphing.code.tex"
("C:\Documents and Settings\Cliente\Dados de aplicativos\MiKTeX\2.9\tex\generic
\pgf\modules\pgfmoduledecorations.code.tex"
\pgfdecoratedcompleteddistance=\dimen199
\pgfdecoratedremainingdistance=\dimen200
\pgfdecoratedinputsegmentcompleteddistance=\dimen201
\pgfdecoratedinputsegmentremainingdistance=\dimen202
\pgf@decorate@distancetomove=\dimen203
\pgf@decorate@repeatstate=\count168
\pgfdecorationsegmentamplitude=\dimen204
\pgfdecorationsegmentlength=\dimen205
))
("C:\Documents and Settings\Cliente\Dados de aplicativos\MiKTeX\2.9\tex\generic
\pgf\libraries\pgflibraryarrows.code.tex"
File: pgflibraryarrows.code.tex 2013/09/23 v3.0.0 (rcs-revision 1.16)
\arrowsize=\dimen206
)
("C:\Documents and Settings\Cliente\Dados de aplicativos\MiKTeX\2.9\tex\latex\c
ircuitikz\circuitikz.code.tex"
\pgf@circ@Rlen=\dimen207

("C:\Documents and Settings\Cliente\Dados de aplicativos\MiKTeX\2.9\tex\latex\c
ircuitikz\pgfcircutils.sty")
("C:\Documents and Settings\Cliente\Dados de aplicativos\MiKTeX\2.9\tex\latex\c
ircuitikz\pgfcircmath.sty")
("C:\Documents and Settings\Cliente\Dados de aplicativos\MiKTeX\2.9\tex\latex\c
ircuitikz\pgfcircshapes.sty")
("C:\Documents and Settings\Cliente\Dados de aplicativos\MiKTeX\2.9\tex\latex\c
ircuitikz\pgfcircmonopoles.sty")
("C:\Documents and Settings\Cliente\Dados de aplicativos\MiKTeX\2.9\tex\latex\c
ircuitikz\pgfcircbipoles.sty")
("C:\Documents and Settings\Cliente\Dados de aplicativos\MiKTeX\2.9\tex\latex\c
ircuitikz\pgfcirctripoles.sty")
("C:\Documents and Settings\Cliente\Dados de aplicativos\MiKTeX\2.9\tex\latex\c
ircuitikz\pgfcircquadpoles.sty")
("C:\Documents and Settings\Cliente\Dados de aplicativos\MiKTeX\2.9\tex\latex\c
ircuitikz\pgfcirclabel.sty")
("C:\Documents and Settings\Cliente\Dados de aplicativos\MiKTeX\2.9\tex\latex\c
ircuitikz\pgfcircvoltage.sty")
("C:\Documents and Settings\Cliente\Dados de aplicativos\MiKTeX\2.9\tex\latex\c
ircuitikz\pgfcirccurrent.sty"))
("C:\Documents and Settings\Cliente\Dados de aplicativos\MiKTeX\2.9\tex\latex\c
ircuitikz\circuitikz1.code.tex"
\pgf@circ@res@up=\dimen208
\pgf@circ@res@down=\dimen209
\pgf@circ@res@zero=\dimen210
\pgf@circ@res@left=\dimen211
\pgf@circ@res@right=\dimen212
\pgf@circ@res@other=\dimen213
\pgf@circ@res@step=\dimen214
\pgfstartlinewidth=\dimen215
)) (trab33.aux)
LaTeX Font Info:    Checking defaults for OML/cmm/m/it on input line 123.
LaTeX Font Info:    ... okay on input line 123.
LaTeX Font Info:    Checking defaults for T1/cmr/m/n on input line 123.
LaTeX Font Info:    ... okay on input line 123.
LaTeX Font Info:    Checking defaults for OT1/mbb/m/n on input line 123.
LaTeX Font Info:    ... okay on input line 123.
LaTeX Font Info:    Checking defaults for OMS/cmsy/m/n on input line 123.
LaTeX Font Info:    ... okay on input line 123.
LaTeX Font Info:    Checking defaults for OMX/cmex/m/n on input line 123.
LaTeX Font Info:    ... okay on input line 123.
LaTeX Font Info:    Checking defaults for U/cmr/m/n on input line 123.
LaTeX Font Info:    ... okay on input line 123.
LaTeX Font Info:    Checking defaults for LGR/cmr/m/n on input line 123.
LaTeX Font Info:    Try loading font information for LGR+cmr on input line 123.


("C:\Arquivos de programas\MiKTeX 2.9\tex\latex\cbfonts-fd\lgrcmr.fd"
File: lgrcmr.fd 2013/09/01 v1.0 Greek European Computer Regular
)
LaTeX Font Info:    ... okay on input line 123.
LaTeX Font Info:    Checking defaults for LY/yfrak/m/n on input line 123.
LaTeX Font Info:    ... okay on input line 123.
LaTeX Font Info:    Checking defaults for LYG/ygoth/m/n on input line 123.
LaTeX Font Info:    ... okay on input line 123.
LaTeX Font Info:    Checking defaults for PD1/pdf/m/n on input line 123.
LaTeX Font Info:    ... okay on input line 123.
LaTeX Font Info:    Checking defaults for TS1/cmr/m/n on input line 123.
LaTeX Font Info:    Try loading font information for TS1+cmr on input line 123.


("C:\Arquivos de programas\MiKTeX 2.9\tex\latex\base\ts1cmr.fd"
File: ts1cmr.fd 2014/09/29 v2.5h Standard LaTeX font definitions
)
LaTeX Font Info:    ... okay on input line 123.
LaTeX Font Info:    Try loading font information for T1+pbk on input line 123.

("C:\Arquivos de programas\MiKTeX 2.9\tex\latex\psnfss\t1pbk.fd"
File: t1pbk.fd 2001/06/04 font definitions for T1/pbk.
)
LaTeX Font Info:    Font shape `T1/pbk/m/n' in size <12> not available
(Font)              Font shape `T1/pbk/l/n' tried instead on input line 123.
LaTeX Font Info:    Font shape `T1/pbk/m/n' in size <10> not available
(Font)              Font shape `T1/pbk/l/n' tried instead on input line 123.
LaTeX Font Info:    Try loading font information for OT1+lmr on input line 123.


("C:\Arquivos de programas\MiKTeX 2.9\tex\latex\lm\ot1lmr.fd"
File: ot1lmr.fd 2009/10/30 v1.6 Font defs for Latin Modern
)
LaTeX Font Info:    Try loading font information for OML+lmm on input line 123.


("C:\Arquivos de programas\MiKTeX 2.9\tex\latex\lm\omllmm.fd"
File: omllmm.fd 2009/10/30 v1.6 Font defs for Latin Modern
)
LaTeX Font Info:    Try loading font information for OMS+lmsy on input line 123
.

("C:\Arquivos de programas\MiKTeX 2.9\tex\latex\lm\omslmsy.fd"
File: omslmsy.fd 2009/10/30 v1.6 Font defs for Latin Modern
)
LaTeX Font Info:    Try loading font information for OMX+lmex on input line 123
.

("C:\Arquivos de programas\MiKTeX 2.9\tex\latex\lm\omxlmex.fd"
File: omxlmex.fd 2009/10/30 v1.6 Font defs for Latin Modern
)
LaTeX Font Info:    External font `lmex10' loaded for size
(Font)              <10> on input line 123.
LaTeX Font Info:    External font `lmex10' loaded for size
(Font)              <7> on input line 123.
LaTeX Font Info:    External font `lmex10' loaded for size
(Font)              <5> on input line 123.
LaTeX Font Info:    Try loading font information for U+msa on input line 123.

("C:\Arquivos de programas\MiKTeX 2.9\tex\latex\amsfonts\umsa.fd"
File: umsa.fd 2013/01/14 v3.01 AMS symbols A
)
LaTeX Font Info:    Try loading font information for U+msb on input line 123.

("C:\Arquivos de programas\MiKTeX 2.9\tex\latex\amsfonts\umsb.fd"
File: umsb.fd 2013/01/14 v3.01 AMS symbols B
)
LaTeX Font Info:    Try loading font information for U+wasy on input line 123.

("C:\Arquivos de programas\MiKTeX 2.9\tex\latex\wasysym\uwasy.fd"
File: uwasy.fd 2003/10/30 v2.0 Wasy-2 symbol font definitions
)
("C:\Arquivos de programas\MiKTeX 2.9\tex\context\base\supp-pdf.mkii"
[Loading MPS to PDF converter (version 2006.09.02).]
\scratchcounter=\count169
\scratchdimen=\dimen216
\scratchbox=\box47
\nofMPsegments=\count170
\nofMParguments=\count171
\everyMPshowfont=\toks51
\MPscratchCnt=\count172
\MPscratchDim=\dimen217
\MPnumerator=\count173
\makeMPintoPDFobject=\count174
\everyMPtoPDFconversion=\toks52
)
*geometry* driver: auto-detecting
*geometry* detected driver: pdftex
*geometry* verbose mode - [ preamble ] result:
* driver: pdftex
* paper: a4paper
* layout: <same size as paper>
* layoutoffset:(h,v)=(0.0pt,0.0pt)
* modes: twoside 
* h-part:(L,W,R)=(71.70166pt, 418.25368pt, 107.55254pt)
* v-part:(T,H,B)=(101.40665pt, 591.5302pt, 152.11pt)
* \paperwidth=597.50787pt
* \paperheight=845.04684pt
* \textwidth=418.25368pt
* \textheight=591.5302pt
* \oddsidemargin=-0.56833pt
* \evensidemargin=35.28255pt
* \topmargin=7.13666pt
* \headheight=8.0pt
* \headsep=14.0pt
* \topskip=10.0pt
* \footskip=12.0pt
* \marginparwidth=90.0pt
* \marginparsep=11.0pt
* \columnsep=10.0pt
* \skip\footins=7.0pt plus 11.0pt
* \hoffset=0.0pt
* \voffset=0.0pt
* \mag=1000
* \@twocolumnfalse
* \@twosidetrue
* \@mparswitchtrue
* \@reversemarginfalse
* (1in=72.27pt=25.4mm, 1cm=28.453pt)

LaTeX Info: Redefining \microtypecontext on input line 123.
Package microtype Info: Generating PDF output.
Package microtype Info: Character protrusion enabled (level 2).
Package microtype Info: Using default protrusion set `alltext'.
Package microtype Info: Automatic font expansion enabled (level 2),
(microtype)             stretch: 20, shrink: 20, step: 1, non-selected.
Package microtype Info: Using default expansion set `basictext'.
Package microtype Info: No adjustment of tracking.
Package microtype Info: No adjustment of interword spacing.
Package microtype Info: No adjustment of character kerning.
Package microtype Info: Loading generic settings for font family
(microtype)             `pbk' (encoding: T1).
(microtype)             For optimal results, create family-specific settings.
(microtype)             See the microtype manual for details.
\AtBeginShipoutBox=\box48
Package hyperref Info: Link coloring OFF on input line 123.
("C:\Arquivos de programas\MiKTeX 2.9\tex\latex\hyperref\nameref.sty"
Package: nameref 2012/10/27 v2.43 Cross-referencing by name of section

("C:\Arquivos de programas\MiKTeX 2.9\tex\generic\oberdiek\gettitlestring.sty"
Package: gettitlestring 2010/12/03 v1.4 Cleanup title references (HO)
)
\c@section@level=\count175
)
LaTeX Info: Redefining \ref on input line 123.
LaTeX Info: Redefining \pageref on input line 123.
LaTeX Info: Redefining \nameref on input line 123.
 (trab33.out) (trab33.out)
\@outlinefile=\write6

("C:\Documents and Settings\Cliente\Dados de aplicativos\MiKTeX\2.9\tex\latex\m
s\ragged2e.sty"
Package: ragged2e 2009/05/21 v2.1 ragged2e Package (MS)

("C:\Documents and Settings\Cliente\Dados de aplicativos\MiKTeX\2.9\tex\latex\m
s\everysel.sty"
Package: everysel 2011/10/28 v1.2 EverySelectfont Package (MS)
 ABD: EverySelectfont initializing macros
LaTeX Info: Redefining \selectfont on input line 126.
)
\CenteringLeftskip=\skip68
\RaggedLeftLeftskip=\skip69
\RaggedRightLeftskip=\skip70
\CenteringRightskip=\skip71
\RaggedLeftRightskip=\skip72
\RaggedRightRightskip=\skip73
\CenteringParfillskip=\skip74
\RaggedLeftParfillskip=\skip75
\RaggedRightParfillskip=\skip76
\JustifyingParfillskip=\skip77
\CenteringParindent=\skip78
\RaggedLeftParindent=\skip79
\RaggedRightParindent=\skip80
\JustifyingParindent=\skip81
)
\c@lstlisting=\count176

ABD: EveryShipout initializing macros
LaTeX Font Info:    Font shape `T1/pbk/bx/n' in size <12> not available
(Font)              Font shape `T1/pbk/b/n' tried instead on input line 129.
LaTeX Font Info:    Font shape `T1/pbk/b/n' in size <12> not available
(Font)              Font shape `T1/pbk/db/n' tried instead on input line 129.
\c@prob_num=\count177
LaTeX Font Info:    Try loading font information for T1+phv on input line 134.

("C:\Arquivos de programas\MiKTeX 2.9\tex\latex\psnfss\t1phv.fd"
File: t1phv.fd 2001/06/04 scalable font definitions for T1/phv.
)
LaTeX Font Info:    Font shape `T1/phv/m/n' will be
(Font)              scaled to size 11.39996pt on input line 134.
Package microtype Info: Loading generic settings for font family
(microtype)             `phv' (encoding: T1).
(microtype)             For optimal results, create family-specific settings.
(microtype)             See the microtype manual for details.

("C:\Arquivos de programas\MiKTeX 2.9\tex\latex\microtype\mt-cmr.cfg"
File: mt-cmr.cfg 2013/05/19 v2.2 microtype config. file: Computer Modern Roman 
(RS)
)
LaTeX Font Info:    External font `lmex10' loaded for size
(Font)              <12> on input line 135.
LaTeX Font Info:    External font `lmex10' loaded for size
(Font)              <8> on input line 135.
LaTeX Font Info:    External font `lmex10' loaded for size
(Font)              <6> on input line 135.

("C:\Arquivos de programas\MiKTeX 2.9\tex\latex\microtype\mt-msa.cfg"
File: mt-msa.cfg 2006/02/04 v1.1 microtype config. file: AMS symbols (a) (RS)
)
("C:\Arquivos de programas\MiKTeX 2.9\tex\latex\microtype\mt-msb.cfg"
File: mt-msb.cfg 2005/06/01 v1.0 microtype config. file: AMS symbols (b) (RS)
)
Package microtype Info: Loading generic settings for font family
(microtype)             `mbb' (encoding: OT1).
(microtype)             For optimal results, create family-specific settings.
(microtype)             See the microtype manual for details.
LaTeX Font Info:    Font shape `T1/phv/m/n' will be
(Font)              scaled to size 7.59998pt on input line 135.
LaTeX Font Info:    Font shape `T1/phv/m/n' will be
(Font)              scaled to size 5.69998pt on input line 135.
LaTeX Font Info:    Font shape `T1/pbk/m/it' in size <12> not available
(Font)              Font shape `T1/pbk/l/it' tried instead on input line 142.
LaTeX Font Info:    Font shape `T1/pbk/m/n' in size <8> not available
(Font)              Font shape `T1/pbk/l/n' tried instead on input line 143.
LaTeX Font Info:    Font shape `T1/pbk/m/n' in size <6> not available
(Font)              Font shape `T1/pbk/l/n' tried instead on input line 143.

<trab32figa1_1.jpg, id=6, 612.2875pt x 461.725pt>
File: trab32figa1_1.jpg Graphic file (type jpg)
 <use trab32figa1_1.jpg>
Package pdftex.def Info: trab32figa1_1.jpg used on input line 154.
(pdftex.def)             Requested size: 209.12683pt x 157.70305pt.

Overfull \hbox (22.67754pt too wide) in paragraph at lines 141--156
\T1/pbk/l/n/12 (-20) Filtro passa-baixas But-terworth: $\OML/lmm/m/it/12 a[] \O
T1/lmr/m/n/12 = \OML/lmm/m/it/12 a[] \OT1/lmr/m/n/12 = 0\OML/lmm/m/it/12 :\OT1/
lmr/m/n/12 0985312[]\OML/lmm/m/it/12 a[] \OT1/lmr/m/n/12 = \OML/lmm/m/it/12 a[]
 \OT1/lmr/m/n/12 = 0\OML/lmm/m/it/12 :\OT1/lmr/m/n/12 2955935\OML/lmm/m/it/12 z
[]b[] \OT1/lmr/m/n/12 =
 []


Overfull \hbox (13.89319pt too wide) in paragraph at lines 141--156
\T1/pbk/l/n/12 (-20) altas Chebyshev tipo 1: $\OML/lmm/m/it/12 a[] \OT1/lmr/m/n
/12 = \OMS/lmsy/m/n/12  \OT1/lmr/m/n/12 0\OML/lmm/m/it/12 :\OT1/lmr/m/n/12 2184
734[]\OML/lmm/m/it/12 a[] \OT1/lmr/m/n/12 = 0\OML/lmm/m/it/12 :\OT1/lmr/m/n/12 
6554203[]\OML/lmm/m/it/12 a[] \OT1/lmr/m/n/12 = \OMS/lmsy/m/n/12  \OT1/lmr/m/n/
12 0\OML/lmm/m/it/12 :\OT1/lmr/m/n/12 6554203[]\OML/lmm/m/it/12 a[] \OT1/lmr/m/
n/12 =
 []


Overfull \hbox (29.40646pt too wide) in paragraph at lines 141--156
\T1/pbk/l/n/12 (-20) Filtro passa-altas elp-tico: $\OML/lmm/m/it/12 a[] \OT1/l
mr/m/n/12 = \OMS/lmsy/m/n/12  \OT1/lmr/m/n/12 0\OML/lmm/m/it/12 :\OT1/lmr/m/n/1
2 3424305[]\OML/lmm/m/it/12 a[] \OT1/lmr/m/n/12 = 0\OML/lmm/m/it/12 :\OT1/lmr/m
/n/12 7545202[]\OML/lmm/m/it/12 a[] \OT1/lmr/m/n/12 = \OMS/lmsy/m/n/12  \OT1/lm
r/m/n/12 0\OML/lmm/m/it/12 :\OT1/lmr/m/n/12 7545202[]\OML/lmm/m/it/12 a[] \OT1/
lmr/m/n/12 =
 []

<trab32figa2_1.jpg, id=7, 612.2875pt x 461.725pt>
File: trab32figa2_1.jpg Graphic file (type jpg)
 <use trab32figa2_1.jpg>
Package pdftex.def Info: trab32figa2_1.jpg used on input line 159.
(pdftex.def)             Requested size: 209.12683pt x 157.70305pt.

Underfull \vbox (badness 6396) has occurred while \output is active []

LaTeX Font Info:    Font shape `T1/pbk/m/n' in size <9> not available
(Font)              Font shape `T1/pbk/l/n' tried instead on input line 161.
Package babel Info: Redefining portuges shorthand "|
(babel)             in language  on input line 161.
Package babel Info: Redefining portuges shorthand "|
(babel)             in language  on input line 161.
 [1{C:/Documents and Settings/Cliente/Configuraes locais/Dados de aplicativ
os/MiKTeX/2.9/pdftex/config/pdftex.map}]
<trab32figa3_1.jpg, id=22, 612.2875pt x 461.725pt>
File: trab32figa3_1.jpg Graphic file (type jpg)
 <use trab32figa3_1.jpg>
Package pdftex.def Info: trab32figa3_1.jpg used on input line 164.
(pdftex.def)             Requested size: 209.12683pt x 157.70305pt.

<trab32figa4_1.jpg, id=23, 612.2875pt x 461.725pt>
File: trab32figa4_1.jpg Graphic file (type jpg)
 <use trab32figa4_1.jpg>
Package pdftex.def Info: trab32figa4_1.jpg used on input line 169.
(pdftex.def)             Requested size: 209.12683pt x 157.70305pt.

<trab32figa5_1.jpg, id=24, 612.2875pt x 461.725pt>
File: trab32figa5_1.jpg Graphic file (type jpg)
 <use trab32figa5_1.jpg>
Package pdftex.def Info: trab32figa5_1.jpg used on input line 174.
(pdftex.def)             Requested size: 209.12683pt x 157.70305pt.
Package babel Info: Redefining portuges shorthand "|
(babel)             in language  on input line 176.
Package babel Info: Redefining portuges shorthand "|
(babel)             in language  on input line 176.

[2 <./trab32figa1_1.jpg> <./trab32figa2_1.jpg> <./trab32figa3_1.jpg>]
<trab32figa6_1.jpg, id=29, 612.2875pt x 461.725pt>
File: trab32figa6_1.jpg Graphic file (type jpg)
 <use trab32figa6_1.jpg>
Package pdftex.def Info: trab32figa6_1.jpg used on input line 179.
(pdftex.def)             Requested size: 209.12683pt x 157.70305pt.

<trab32figa7_1.jpg, id=30, 612.2875pt x 461.725pt>
File: trab32figa7_1.jpg Graphic file (type jpg)
 <use trab32figa7_1.jpg>
Package pdftex.def Info: trab32figa7_1.jpg used on input line 184.
(pdftex.def)             Requested size: 209.12683pt x 157.70305pt.

<trab32figa8_1.jpg, id=31, 612.2875pt x 461.725pt>
File: trab32figa8_1.jpg Graphic file (type jpg)
 <use trab32figa8_1.jpg>
Package pdftex.def Info: trab32figa8_1.jpg used on input line 189.
(pdftex.def)             Requested size: 209.12683pt x 157.70305pt.
Package babel Info: Redefining portuges shorthand "|
(babel)             in language  on input line 191.
Package babel Info: Redefining portuges shorthand "|
(babel)             in language  on input line 191.

[3 <./trab32figa4_1.jpg> <./trab32figa5_1.jpg> <./trab32figa6_1.jpg>]
<trab32figa1_2.jpg, id=36, 612.2875pt x 461.725pt>
File: trab32figa1_2.jpg Graphic file (type jpg)
 <use trab32figa1_2.jpg>
Package pdftex.def Info: trab32figa1_2.jpg used on input line 195.
(pdftex.def)             Requested size: 209.12683pt x 157.70305pt.

<trab32figa2_2.jpg, id=37, 612.2875pt x 461.725pt>
File: trab32figa2_2.jpg Graphic file (type jpg)
 <use trab32figa2_2.jpg>
Package pdftex.def Info: trab32figa2_2.jpg used on input line 200.
(pdftex.def)             Requested size: 209.12683pt x 157.70305pt.

<trab32figa3_2.jpg, id=38, 612.2875pt x 461.725pt>
File: trab32figa3_2.jpg Graphic file (type jpg)
 <use trab32figa3_2.jpg>
Package pdftex.def Info: trab32figa3_2.jpg used on input line 205.
(pdftex.def)             Requested size: 209.12683pt x 157.70305pt.
Package babel Info: Redefining portuges shorthand "|
(babel)             in language  on input line 207.
Package babel Info: Redefining portuges shorthand "|
(babel)             in language  on input line 207.

[4 <./trab32figa7_1.jpg> <./trab32figa8_1.jpg> <./trab32figa1_2.jpg>]
<trab32figa4_2.jpg, id=43, 612.2875pt x 461.725pt>
File: trab32figa4_2.jpg Graphic file (type jpg)
 <use trab32figa4_2.jpg>
Package pdftex.def Info: trab32figa4_2.jpg used on input line 210.
(pdftex.def)             Requested size: 209.12683pt x 157.70305pt.

<trab32figa5_2.jpg, id=44, 612.2875pt x 461.725pt>
File: trab32figa5_2.jpg Graphic file (type jpg)
 <use trab32figa5_2.jpg>
Package pdftex.def Info: trab32figa5_2.jpg used on input line 215.
(pdftex.def)             Requested size: 209.12683pt x 157.70305pt.

<trab32figa6_2.jpg, id=45, 612.2875pt x 461.725pt>
File: trab32figa6_2.jpg Graphic file (type jpg)
 <use trab32figa6_2.jpg>
Package pdftex.def Info: trab32figa6_2.jpg used on input line 220.
(pdftex.def)             Requested size: 209.12683pt x 157.70305pt.
Package babel Info: Redefining portuges shorthand "|
(babel)             in language  on input line 222.
Package babel Info: Redefining portuges shorthand "|
(babel)             in language  on input line 222.

[5 <./trab32figa2_2.jpg> <./trab32figa3_2.jpg> <./trab32figa4_2.jpg>]
<trab32figa7_2.jpg, id=50, 612.2875pt x 461.725pt>
File: trab32figa7_2.jpg Graphic file (type jpg)
 <use trab32figa7_2.jpg>
Package pdftex.def Info: trab32figa7_2.jpg used on input line 225.
(pdftex.def)             Requested size: 209.12683pt x 157.70305pt.

<trab32figa8_2.jpg, id=51, 612.2875pt x 461.725pt>
File: trab32figa8_2.jpg Graphic file (type jpg)
 <use trab32figa8_2.jpg>
Package pdftex.def Info: trab32figa8_2.jpg used on input line 230.
(pdftex.def)             Requested size: 209.12683pt x 157.70305pt.
Package babel Info: Redefining portuges shorthand "|
(babel)             in language  on input line 233.
Package babel Info: Redefining portuges shorthand "|
(babel)             in language  on input line 233.

[6 <./trab32figa5_2.jpg> <./trab32figa6_2.jpg> <./trab32figa7_2.jpg>]
Package babel Info: Redefining portuges shorthand "|
(babel)             in language  on input line 235.
Package babel Info: Redefining portuges shorthand "|
(babel)             in language  on input line 235.
 [7 <./trab32figa8_2.jpg>]
Underfull \vbox (badness 10000) has occurred while \output is active []

Package babel Info: Redefining portuges shorthand "|
(babel)             in language  on input line 262.
Package babel Info: Redefining portuges shorthand "|
(babel)             in language  on input line 262.
 [8

]
Overfull \hbox (88.59154pt too wide) in paragraph at lines 267--267
[] 
 []

Package babel Info: Redefining portuges shorthand "|
(babel)             in language  on input line 271.
Package babel Info: Redefining portuges shorthand "|
(babel)             in language  on input line 271.
[9]
LaTeX Font Info:    Try loading font information for T1+pcr on input line 274.
 ("C:\Arquivos de programas\MiKTeX 2.9\tex\latex\psnfss\t1pcr.fd"
File: t1pcr.fd 2001/06/04 font definitions for T1/pcr.
)
Package microtype Info: Loading generic settings for font family
(microtype)             `pcr' (encoding: T1).
(microtype)             For optimal results, create family-specific settings.
(microtype)             See the microtype manual for details.

Underfull \hbox (badness 10000) in paragraph at lines 273--277

 []


Underfull \hbox (badness 10000) in paragraph at lines 273--277

 []

Package babel Info: Redefining portuges shorthand "|
(babel)             in language  on input line 277.
Package babel Info: Redefining portuges shorthand "|
(babel)             in language  on input line 277.
[10

]
Package atveryend Info: Empty hook `BeforeClearDocument' on input line 277.
Package atveryend Info: Empty hook `AfterLastShipout' on input line 277.
 (trab33.aux)
Package atveryend Info: Executing hook `AtVeryEndDocument' on input line 277.
Package atveryend Info: Executing hook `AtEndAfterFileList' on input line 277.
Package rerunfilecheck Info: File `trab33.out' has not changed.
(rerunfilecheck)             Checksum: D41D8CD98F00B204E9800998ECF8427E;0.
Package atveryend Info: Empty hook `AtVeryVeryEnd' on input line 277.
 ) 
Here is how much of TeX's memory you used:
 29522 strings out of 493698
 592672 string characters out of 3141115
 754565 words of memory out of 3000000
 32036 multiletter control sequences out of 15000+200000
 51524 words of font info for 97 fonts, out of 3000000 for 9000
 1186 hyphenation exceptions out of 8191
 55i,17n,56p,933b,445s stack positions out of 5000i,500n,10000p,200000b,50000s
{C:/Arquivos de programas/MiKTeX 2.9/fonts/enc/dvips/fontname/8r.enc}{C:/Arqu
ivos de programas/MiKTeX 2.9/fonts/enc/dvips/lm/lm-mathsy.enc} <C:\Documents an
d Settings\Cliente\Configuraes locais\Dados de aplicativos\MiKTeX\2.9\fonts
\pk\ljfour\public\mbboard\dpi600\mbb12.pk>{C:/Arquivos de programas/MiKTeX 2.9/
fonts/enc/dvips/lm/lm-mathex.enc}{C:/Arquivos de programas/MiKTeX 2.9/fonts/enc
/dvips/lm/lm-rm.enc}{C:/Arquivos de programas/MiKTeX 2.9/fonts/enc/dvips/lm/lm-
mathit.enc}<C:/Arquivos de programas/MiKTeX 2.9/fonts/type1/public/lm/lmex10.pf
b><C:/Arquivos de programas/MiKTeX 2.9/fonts/type1/public/lm/lmmi12.pfb><C:/Arq
uivos de programas/MiKTeX 2.9/fonts/type1/public/lm/lmmi8.pfb><C:/Arquivos de p
rogramas/MiKTeX 2.9/fonts/type1/public/lm/lmr12.pfb><C:/Arquivos de programas/M
iKTeX 2.9/fonts/type1/public/lm/lmr8.pfb><C:/Arquivos de programas/MiKTeX 2.9/f
onts/type1/public/lm/lmsy10.pfb><C:/Arquivos de programas/MiKTeX 2.9/fonts/type
1/public/lm/lmsy6.pfb><C:/Arquivos de programas/MiKTeX 2.9/fonts/type1/public/l
m/lmsy8.pfb><C:/Arquivos de programas/MiKTeX 2.9/fonts/type1/urw/bookman/ubkd8a
.pfb><C:/Arquivos de programas/MiKTeX 2.9/fonts/type1/urw/bookman/ubkl8a.pfb><C
:/Arquivos de programas/MiKTeX 2.9/fonts/type1/urw/bookman/ubkli8a.pfb><C:/Arqu
ivos de programas/MiKTeX 2.9/fonts/type1/urw/courier/ucrr8a.pfb><C:/Arquivos de
 programas/MiKTeX 2.9/fonts/type1/urw/helvetic/uhvr8a.pfb>
Output written on trab33.pdf (10 pages, 991301 bytes).
PDF statistics:
 135 PDF objects out of 1000 (max. 8388607)
 11 named destinations out of 1000 (max. 500000)
 19549 words of extra memory for PDF output out of 20736 (max. 10000000)

